2025-04-13 14:58:55 - root - DEBUG - compileClass
2025-04-13 14:58:55 - root - DEBUG - compileSubroutine
2025-04-13 14:58:55 - root - DEBUG - current token = ")"
2025-04-13 14:58:55 - root - DEBUG - compilesubroutinebody
2025-04-13 14:58:55 - root - DEBUG - compilevardec
2025-04-13 14:58:55 - root - DEBUG - compilevardec
2025-04-13 14:58:55 - root - DEBUG - compilevardec
2025-04-13 14:58:55 - root - DEBUG - compileStatements
2025-04-13 14:58:55 - root - DEBUG - let
2025-04-13 14:58:55 - root - DEBUG - compileExpression
2025-04-13 14:58:55 - root - DEBUG - compileterm
2025-04-13 14:58:55 - root - DEBUG - subroutineCall
2025-04-13 14:58:55 - root - DEBUG - compileExpressionList
2025-04-13 14:58:55 - root - DEBUG - compileExpression
2025-04-13 14:58:55 - root - DEBUG - compileterm
2025-04-13 14:58:55 - root - DEBUG - exitingEXPLIST
2025-04-13 14:58:55 - root - DEBUG - let
2025-04-13 14:58:55 - root - DEBUG - compileExpression
2025-04-13 14:58:55 - root - DEBUG - compileterm
2025-04-13 14:58:55 - root - DEBUG - subroutineCall
2025-04-13 14:58:55 - root - DEBUG - compileExpressionList
2025-04-13 14:58:55 - root - DEBUG - compileExpression
2025-04-13 14:58:55 - root - DEBUG - compileterm
2025-04-13 14:58:55 - root - DEBUG - exitingEXPLIST
2025-04-13 14:58:55 - root - DEBUG - let
2025-04-13 14:58:55 - root - DEBUG - compileExpression
2025-04-13 14:58:55 - root - DEBUG - compileterm
2025-04-13 14:58:55 - root - DEBUG - while
2025-04-13 14:58:55 - root - DEBUG - compileExpression
2025-04-13 14:58:55 - root - DEBUG - compileterm
2025-04-13 14:58:55 - root - DEBUG - compileterm
2025-04-13 14:58:55 - root - DEBUG - compileStatements
2025-04-13 14:58:55 - root - DEBUG - let
2025-04-13 14:58:55 - root - DEBUG - compileExpression
2025-04-13 14:58:55 - root - DEBUG - compileterm
2025-04-13 14:58:55 - root - DEBUG - compileExpression
2025-04-13 14:58:55 - root - DEBUG - compileterm
2025-04-13 14:58:55 - root - DEBUG - compileterm
2025-04-13 14:58:55 - root - DEBUG - subroutineCall
2025-04-13 14:58:55 - root - DEBUG - compileExpressionList
2025-04-13 14:58:55 - root - DEBUG - compileExpression
2025-04-13 14:58:55 - root - DEBUG - compileterm
2025-04-13 14:58:55 - root - DEBUG - exitingEXPLIST
2025-04-13 14:58:55 - root - DEBUG - let
2025-04-13 14:58:55 - root - DEBUG - compileExpression
2025-04-13 14:58:55 - root - DEBUG - compileterm
2025-04-13 14:58:55 - root - DEBUG - compileterm
2025-04-13 14:58:55 - root - DEBUG - compileExpression
2025-04-13 14:58:55 - root - DEBUG - compileterm
2025-04-13 14:58:55 - root - DEBUG - let
2025-04-13 14:58:55 - root - DEBUG - compileExpression
2025-04-13 14:58:55 - root - DEBUG - compileterm
2025-04-13 14:58:55 - root - DEBUG - compileterm
2025-04-13 14:58:55 - root - DEBUG - do
2025-04-13 14:58:55 - root - DEBUG - subroutineCall
2025-04-13 14:58:55 - root - DEBUG - compileExpressionList
2025-04-13 14:58:55 - root - DEBUG - compileExpression
2025-04-13 14:58:55 - root - DEBUG - compileterm
2025-04-13 14:58:55 - root - DEBUG - exitingEXPLIST
2025-04-13 14:58:55 - root - DEBUG - do
2025-04-13 14:58:55 - root - DEBUG - subroutineCall
2025-04-13 14:58:55 - root - DEBUG - compileExpressionList
2025-04-13 14:58:55 - root - DEBUG - compileExpression
2025-04-13 14:58:55 - root - DEBUG - compileterm
2025-04-13 14:58:55 - root - DEBUG - compileterm
2025-04-13 14:58:55 - root - DEBUG - exitingEXPLIST
2025-04-13 14:58:55 - root - DEBUG - return
2025-04-13 15:08:50 - root - DEBUG - compileClass
2025-04-13 15:08:50 - root - DEBUG - compileSubroutine
2025-04-13 15:08:50 - root - DEBUG - current token = ")"
2025-04-13 15:08:50 - root - DEBUG - compilesubroutinebody
2025-04-13 15:08:50 - root - DEBUG - compilevardec
2025-04-13 15:08:50 - root - DEBUG - compilevardec
2025-04-13 15:08:50 - root - DEBUG - compilevardec
2025-04-13 15:09:21 - root - DEBUG - compileClass
2025-04-13 15:09:21 - root - DEBUG - compileSubroutine
2025-04-13 15:09:21 - root - DEBUG - current token = ")"
2025-04-13 15:09:21 - root - DEBUG - compilesubroutinebody
2025-04-13 15:09:21 - root - DEBUG - compilevardec
2025-04-13 15:09:21 - root - DEBUG - compilevardec
2025-04-13 15:09:21 - root - DEBUG - compilevardec
2025-04-13 15:09:21 - root - DEBUG - compileStatements
2025-04-13 15:09:21 - root - DEBUG - let
2025-04-13 15:09:21 - root - DEBUG - compileExpression
2025-04-13 15:09:21 - root - DEBUG - compileterm
2025-04-13 15:09:21 - root - DEBUG - subroutineCall
2025-04-13 15:09:21 - root - DEBUG - compileExpressionList
2025-04-13 15:09:21 - root - DEBUG - compileExpression
2025-04-13 15:09:21 - root - DEBUG - compileterm
2025-04-13 15:09:21 - root - DEBUG - exitingEXPLIST
2025-04-13 15:09:21 - root - DEBUG - let
2025-04-13 15:09:21 - root - DEBUG - compileExpression
2025-04-13 15:09:21 - root - DEBUG - compileterm
2025-04-13 15:09:21 - root - DEBUG - subroutineCall
2025-04-13 15:09:21 - root - DEBUG - compileExpressionList
2025-04-13 15:09:21 - root - DEBUG - compileExpression
2025-04-13 15:09:21 - root - DEBUG - compileterm
2025-04-13 15:09:21 - root - DEBUG - exitingEXPLIST
2025-04-13 15:09:21 - root - DEBUG - let
2025-04-13 15:09:21 - root - DEBUG - compileExpression
2025-04-13 15:09:21 - root - DEBUG - compileterm
2025-04-13 15:09:21 - root - DEBUG - while
2025-04-13 15:09:21 - root - DEBUG - compileExpression
2025-04-13 15:09:21 - root - DEBUG - compileterm
2025-04-13 15:09:21 - root - DEBUG - compileterm
2025-04-13 15:09:21 - root - DEBUG - compileStatements
2025-04-13 15:09:21 - root - DEBUG - let
2025-04-13 15:09:21 - root - DEBUG - compileExpression
2025-04-13 15:09:21 - root - DEBUG - compileterm
2025-04-13 15:09:21 - root - DEBUG - compileExpression
2025-04-13 15:09:21 - root - DEBUG - compileterm
2025-04-13 15:09:21 - root - DEBUG - compileterm
2025-04-13 15:09:21 - root - DEBUG - subroutineCall
2025-04-13 15:09:21 - root - DEBUG - compileExpressionList
2025-04-13 15:09:21 - root - DEBUG - compileExpression
2025-04-13 15:09:21 - root - DEBUG - compileterm
2025-04-13 15:09:21 - root - DEBUG - exitingEXPLIST
2025-04-13 15:09:21 - root - DEBUG - let
2025-04-13 15:09:21 - root - DEBUG - compileExpression
2025-04-13 15:09:21 - root - DEBUG - compileterm
2025-04-13 15:09:21 - root - DEBUG - compileterm
2025-04-13 15:09:21 - root - DEBUG - compileExpression
2025-04-13 15:09:21 - root - DEBUG - compileterm
2025-04-13 15:09:21 - root - DEBUG - let
2025-04-13 15:09:21 - root - DEBUG - compileExpression
2025-04-13 15:09:21 - root - DEBUG - compileterm
2025-04-13 15:09:21 - root - DEBUG - compileterm
2025-04-13 15:09:21 - root - DEBUG - do
2025-04-13 15:09:21 - root - DEBUG - subroutineCall
2025-04-13 15:09:21 - root - DEBUG - compileExpressionList
2025-04-13 15:09:21 - root - DEBUG - compileExpression
2025-04-13 15:09:21 - root - DEBUG - compileterm
2025-04-13 15:09:21 - root - DEBUG - exitingEXPLIST
2025-04-13 15:09:21 - root - DEBUG - do
2025-04-13 15:09:21 - root - DEBUG - subroutineCall
2025-04-13 15:09:21 - root - DEBUG - compileExpressionList
2025-04-13 15:09:21 - root - DEBUG - compileExpression
2025-04-13 15:09:21 - root - DEBUG - compileterm
2025-04-13 15:09:21 - root - DEBUG - compileterm
2025-04-13 15:09:21 - root - DEBUG - exitingEXPLIST
2025-04-13 15:09:21 - root - DEBUG - return
2025-04-13 15:11:07 - root - DEBUG - compileClass
2025-04-13 15:11:07 - root - DEBUG - compileSubroutine
2025-04-13 15:11:07 - root - DEBUG - current token = ")"
2025-04-13 15:11:07 - root - DEBUG - compilesubroutinebody
2025-04-13 15:11:07 - root - DEBUG - compilevardec
2025-04-13 15:11:07 - root - DEBUG - compilevardec
2025-04-13 15:11:07 - root - DEBUG - compilevardec
2025-04-13 15:11:07 - root - DEBUG - compileStatements
2025-04-13 15:11:07 - root - DEBUG - let
2025-04-13 15:11:07 - root - DEBUG - compileExpression
2025-04-13 15:11:07 - root - DEBUG - compileterm
2025-04-13 15:11:07 - root - DEBUG - subroutineCall
2025-04-13 15:11:07 - root - DEBUG - compileExpressionList
2025-04-13 15:11:07 - root - DEBUG - compileExpression
2025-04-13 15:11:07 - root - DEBUG - compileterm
2025-04-13 15:11:07 - root - DEBUG - exitingEXPLIST
2025-04-13 15:11:07 - root - DEBUG - let
2025-04-13 15:11:07 - root - DEBUG - compileExpression
2025-04-13 15:11:07 - root - DEBUG - compileterm
2025-04-13 15:11:07 - root - DEBUG - subroutineCall
2025-04-13 15:11:07 - root - DEBUG - compileExpressionList
2025-04-13 15:11:07 - root - DEBUG - compileExpression
2025-04-13 15:11:07 - root - DEBUG - compileterm
2025-04-13 15:11:07 - root - DEBUG - exitingEXPLIST
2025-04-13 15:11:07 - root - DEBUG - let
2025-04-13 15:11:07 - root - DEBUG - compileExpression
2025-04-13 15:11:07 - root - DEBUG - compileterm
2025-04-13 15:11:07 - root - DEBUG - while
2025-04-13 15:11:07 - root - DEBUG - compileExpression
2025-04-13 15:11:07 - root - DEBUG - compileterm
2025-04-13 15:11:07 - root - DEBUG - compileterm
2025-04-13 15:11:07 - root - DEBUG - compileStatements
2025-04-13 15:11:07 - root - DEBUG - let
2025-04-13 15:11:07 - root - DEBUG - compileExpression
2025-04-13 15:11:07 - root - DEBUG - compileterm
2025-04-13 15:11:07 - root - DEBUG - compileExpression
2025-04-13 15:11:07 - root - DEBUG - compileterm
2025-04-13 15:11:07 - root - DEBUG - compileterm
2025-04-13 15:11:07 - root - DEBUG - subroutineCall
2025-04-13 15:11:07 - root - DEBUG - compileExpressionList
2025-04-13 15:11:07 - root - DEBUG - compileExpression
2025-04-13 15:11:07 - root - DEBUG - compileterm
2025-04-13 15:11:07 - root - DEBUG - exitingEXPLIST
2025-04-13 15:11:07 - root - DEBUG - let
2025-04-13 15:11:07 - root - DEBUG - compileExpression
2025-04-13 15:11:07 - root - DEBUG - compileterm
2025-04-13 15:11:07 - root - DEBUG - compileterm
2025-04-13 15:11:07 - root - DEBUG - compileExpression
2025-04-13 15:11:07 - root - DEBUG - compileterm
2025-04-13 15:11:07 - root - DEBUG - let
2025-04-13 15:11:07 - root - DEBUG - compileExpression
2025-04-13 15:11:07 - root - DEBUG - compileterm
2025-04-13 15:11:07 - root - DEBUG - compileterm
2025-04-13 15:11:07 - root - DEBUG - do
2025-04-13 15:11:07 - root - DEBUG - subroutineCall
2025-04-13 15:11:07 - root - DEBUG - compileExpressionList
2025-04-13 15:11:07 - root - DEBUG - compileExpression
2025-04-13 15:11:07 - root - DEBUG - compileterm
2025-04-13 15:11:07 - root - DEBUG - exitingEXPLIST
2025-04-13 15:11:07 - root - DEBUG - do
2025-04-13 15:11:07 - root - DEBUG - subroutineCall
2025-04-13 15:11:07 - root - DEBUG - compileExpressionList
2025-04-13 15:11:07 - root - DEBUG - compileExpression
2025-04-13 15:11:07 - root - DEBUG - compileterm
2025-04-13 15:11:07 - root - DEBUG - compileterm
2025-04-13 15:11:07 - root - DEBUG - exitingEXPLIST
2025-04-13 15:11:07 - root - DEBUG - return
2025-04-13 15:12:15 - root - DEBUG - compileClass
2025-04-13 15:12:15 - root - DEBUG - compileSubroutine
2025-04-13 15:12:15 - root - DEBUG - current token = ")"
2025-04-13 15:12:15 - root - DEBUG - compilesubroutinebody
2025-04-13 15:12:15 - root - DEBUG - compilevardec
2025-04-13 15:12:15 - root - DEBUG - compilevardec
2025-04-13 15:12:15 - root - DEBUG - compilevardec
2025-04-13 15:12:15 - root - DEBUG - compileStatements
2025-04-13 15:12:15 - root - DEBUG - let
2025-04-13 15:12:15 - root - DEBUG - compileExpression
2025-04-13 15:12:15 - root - DEBUG - compileterm
2025-04-13 15:12:15 - root - DEBUG - subroutineCall
2025-04-13 15:12:15 - root - DEBUG - compileExpressionList
2025-04-13 15:12:15 - root - DEBUG - compileExpression
2025-04-13 15:12:15 - root - DEBUG - compileterm
2025-04-13 15:12:15 - root - DEBUG - exitingEXPLIST
2025-04-13 15:12:15 - root - DEBUG - let
2025-04-13 15:12:15 - root - DEBUG - compileExpression
2025-04-13 15:12:15 - root - DEBUG - compileterm
2025-04-13 15:12:15 - root - DEBUG - subroutineCall
2025-04-13 15:12:15 - root - DEBUG - compileExpressionList
2025-04-13 15:12:15 - root - DEBUG - compileExpression
2025-04-13 15:12:15 - root - DEBUG - compileterm
2025-04-13 15:12:15 - root - DEBUG - exitingEXPLIST
2025-04-13 15:12:15 - root - DEBUG - let
2025-04-13 15:12:15 - root - DEBUG - compileExpression
2025-04-13 15:12:15 - root - DEBUG - compileterm
2025-04-13 15:12:15 - root - DEBUG - while
2025-04-13 15:12:15 - root - DEBUG - compileExpression
2025-04-13 15:12:15 - root - DEBUG - compileterm
2025-04-13 15:12:15 - root - DEBUG - compileterm
2025-04-13 15:12:15 - root - DEBUG - compileStatements
2025-04-13 15:12:15 - root - DEBUG - let
2025-04-13 15:12:15 - root - DEBUG - compileExpression
2025-04-13 15:12:15 - root - DEBUG - compileterm
2025-04-13 15:12:15 - root - DEBUG - compileExpression
2025-04-13 15:12:15 - root - DEBUG - compileterm
2025-04-13 15:12:15 - root - DEBUG - compileterm
2025-04-13 15:12:15 - root - DEBUG - subroutineCall
2025-04-13 15:12:15 - root - DEBUG - compileExpressionList
2025-04-13 15:12:15 - root - DEBUG - compileExpression
2025-04-13 15:12:15 - root - DEBUG - compileterm
2025-04-13 15:12:15 - root - DEBUG - exitingEXPLIST
2025-04-13 15:12:15 - root - DEBUG - let
2025-04-13 15:12:15 - root - DEBUG - compileExpression
2025-04-13 15:12:15 - root - DEBUG - compileterm
2025-04-13 15:12:15 - root - DEBUG - compileterm
2025-04-13 15:12:15 - root - DEBUG - compileExpression
2025-04-13 15:12:15 - root - DEBUG - compileterm
2025-04-13 15:12:15 - root - DEBUG - let
2025-04-13 15:12:15 - root - DEBUG - compileExpression
2025-04-13 15:12:15 - root - DEBUG - compileterm
2025-04-13 15:12:15 - root - DEBUG - compileterm
2025-04-13 15:12:15 - root - DEBUG - do
2025-04-13 15:12:15 - root - DEBUG - subroutineCall
2025-04-13 15:12:15 - root - DEBUG - compileExpressionList
2025-04-13 15:12:15 - root - DEBUG - compileExpression
2025-04-13 15:12:15 - root - DEBUG - compileterm
2025-04-13 15:12:15 - root - DEBUG - exitingEXPLIST
2025-04-13 15:12:15 - root - DEBUG - do
2025-04-13 15:12:15 - root - DEBUG - subroutineCall
2025-04-13 15:12:15 - root - DEBUG - compileExpressionList
2025-04-13 15:12:15 - root - DEBUG - compileExpression
2025-04-13 15:12:15 - root - DEBUG - compileterm
2025-04-13 15:12:15 - root - DEBUG - compileterm
2025-04-13 15:12:15 - root - DEBUG - exitingEXPLIST
2025-04-13 15:12:15 - root - DEBUG - return
2025-04-13 20:32:43 - root - DEBUG - compileClass
2025-04-13 20:32:43 - root - DEBUG - compileSubroutine
2025-04-13 20:32:43 - root - DEBUG - current token = ")"
2025-04-13 20:32:43 - root - DEBUG - compilesubroutinebody
2025-04-13 20:32:43 - root - DEBUG - compilevardec
2025-04-13 20:32:43 - root - DEBUG - compilevardec
2025-04-13 20:32:43 - root - DEBUG - compilevardec
2025-04-13 20:32:43 - root - DEBUG - compileStatements
2025-04-13 20:32:43 - root - DEBUG - let
2025-04-13 20:32:43 - root - DEBUG - compileExpression
2025-04-13 20:32:43 - root - DEBUG - compileterm
2025-04-13 20:32:43 - root - DEBUG - subroutineCall
2025-04-13 20:32:43 - root - DEBUG - compileExpressionList
2025-04-13 20:32:43 - root - DEBUG - compileExpression
2025-04-13 20:32:43 - root - DEBUG - compileterm
2025-04-13 20:32:43 - root - DEBUG - exitingEXPLIST
2025-04-13 20:32:43 - root - DEBUG - let
2025-04-13 20:32:43 - root - DEBUG - compileExpression
2025-04-13 20:32:43 - root - DEBUG - compileterm
2025-04-13 20:32:43 - root - DEBUG - subroutineCall
2025-04-13 20:32:43 - root - DEBUG - compileExpressionList
2025-04-13 20:32:43 - root - DEBUG - compileExpression
2025-04-13 20:32:43 - root - DEBUG - compileterm
2025-04-13 20:32:43 - root - DEBUG - exitingEXPLIST
2025-04-13 20:32:43 - root - DEBUG - let
2025-04-13 20:32:43 - root - DEBUG - compileExpression
2025-04-13 20:32:43 - root - DEBUG - compileterm
2025-04-13 20:32:43 - root - DEBUG - while
2025-04-13 20:32:43 - root - DEBUG - compileExpression
2025-04-13 20:32:43 - root - DEBUG - compileterm
2025-04-13 20:32:43 - root - DEBUG - compileterm
2025-04-13 20:32:43 - root - DEBUG - compileStatements
2025-04-13 20:32:43 - root - DEBUG - let
2025-04-13 20:32:43 - root - DEBUG - compileExpression
2025-04-13 20:32:43 - root - DEBUG - compileterm
2025-04-13 20:32:43 - root - DEBUG - compileExpression
2025-04-13 20:32:43 - root - DEBUG - compileterm
2025-04-13 20:32:43 - root - DEBUG - compileterm
2025-04-13 20:32:43 - root - DEBUG - subroutineCall
2025-04-13 20:32:43 - root - DEBUG - compileExpressionList
2025-04-13 20:32:43 - root - DEBUG - compileExpression
2025-04-13 20:32:43 - root - DEBUG - compileterm
2025-04-13 20:32:43 - root - DEBUG - exitingEXPLIST
2025-04-13 20:32:43 - root - DEBUG - let
2025-04-13 20:32:43 - root - DEBUG - compileExpression
2025-04-13 20:32:43 - root - DEBUG - compileterm
2025-04-13 20:32:43 - root - DEBUG - compileterm
2025-04-13 20:32:43 - root - DEBUG - compileExpression
2025-04-13 20:32:43 - root - DEBUG - compileterm
2025-04-13 20:32:43 - root - DEBUG - let
2025-04-13 20:32:43 - root - DEBUG - compileExpression
2025-04-13 20:32:43 - root - DEBUG - compileterm
2025-04-13 20:32:43 - root - DEBUG - compileterm
2025-04-13 20:32:43 - root - DEBUG - do
2025-04-13 20:32:43 - root - DEBUG - subroutineCall
2025-04-13 20:32:43 - root - DEBUG - compileExpressionList
2025-04-13 20:32:43 - root - DEBUG - compileExpression
2025-04-13 20:32:43 - root - DEBUG - compileterm
2025-04-13 20:32:43 - root - DEBUG - exitingEXPLIST
2025-04-13 20:32:43 - root - DEBUG - do
2025-04-13 20:32:43 - root - DEBUG - subroutineCall
2025-04-13 20:32:43 - root - DEBUG - compileExpressionList
2025-04-13 20:32:43 - root - DEBUG - compileExpression
2025-04-13 20:32:43 - root - DEBUG - compileterm
2025-04-13 20:32:43 - root - DEBUG - compileterm
2025-04-13 20:32:43 - root - DEBUG - exitingEXPLIST
2025-04-13 20:32:43 - root - DEBUG - return
2025-04-13 20:35:20 - root - DEBUG - compileClass
2025-04-13 20:35:20 - root - DEBUG - compileSubroutine
2025-04-13 20:35:20 - root - DEBUG - current token = ")"
2025-04-13 20:35:20 - root - DEBUG - compilesubroutinebody
2025-04-13 20:35:20 - root - DEBUG - compilevardec
2025-04-13 20:35:20 - root - DEBUG - compilevardec
2025-04-13 20:35:20 - root - DEBUG - compilevardec
2025-04-13 20:35:20 - root - DEBUG - compileStatements
2025-04-13 20:35:20 - root - DEBUG - let
2025-04-13 20:35:20 - root - DEBUG - compileExpression
2025-04-13 20:35:20 - root - DEBUG - compileterm
2025-04-13 20:35:20 - root - DEBUG - subroutineCall
2025-04-13 20:35:20 - root - DEBUG - compileExpressionList
2025-04-13 20:35:20 - root - DEBUG - compileExpression
2025-04-13 20:35:20 - root - DEBUG - compileterm
2025-04-13 20:35:20 - root - DEBUG - exitingEXPLIST
2025-04-13 20:35:20 - root - DEBUG - let
2025-04-13 20:35:20 - root - DEBUG - compileExpression
2025-04-13 20:35:20 - root - DEBUG - compileterm
2025-04-13 20:35:20 - root - DEBUG - subroutineCall
2025-04-13 20:35:20 - root - DEBUG - compileExpressionList
2025-04-13 20:35:20 - root - DEBUG - compileExpression
2025-04-13 20:35:20 - root - DEBUG - compileterm
2025-04-13 20:35:20 - root - DEBUG - exitingEXPLIST
2025-04-13 20:35:20 - root - DEBUG - let
2025-04-13 20:35:20 - root - DEBUG - compileExpression
2025-04-13 20:35:20 - root - DEBUG - compileterm
2025-04-13 20:35:20 - root - DEBUG - while
2025-04-13 20:35:20 - root - DEBUG - compileExpression
2025-04-13 20:35:20 - root - DEBUG - compileterm
2025-04-13 20:35:20 - root - DEBUG - compileterm
2025-04-13 20:35:20 - root - DEBUG - compileStatements
2025-04-13 20:35:20 - root - DEBUG - let
2025-04-13 20:35:20 - root - DEBUG - compileExpression
2025-04-13 20:35:20 - root - DEBUG - compileterm
2025-04-13 20:35:20 - root - DEBUG - compileExpression
2025-04-13 20:35:20 - root - DEBUG - compileterm
2025-04-13 20:35:20 - root - DEBUG - compileterm
2025-04-13 20:35:20 - root - DEBUG - subroutineCall
2025-04-13 20:35:20 - root - DEBUG - compileExpressionList
2025-04-13 20:35:20 - root - DEBUG - compileExpression
2025-04-13 20:35:20 - root - DEBUG - compileterm
2025-04-13 20:35:20 - root - DEBUG - exitingEXPLIST
2025-04-13 20:35:20 - root - DEBUG - let
2025-04-13 20:35:20 - root - DEBUG - compileExpression
2025-04-13 20:35:20 - root - DEBUG - compileterm
2025-04-13 20:35:20 - root - DEBUG - compileterm
2025-04-13 20:35:20 - root - DEBUG - compileExpression
2025-04-13 20:35:20 - root - DEBUG - compileterm
2025-04-13 20:35:20 - root - DEBUG - let
2025-04-13 20:35:20 - root - DEBUG - compileExpression
2025-04-13 20:35:20 - root - DEBUG - compileterm
2025-04-13 20:35:20 - root - DEBUG - compileterm
2025-04-13 20:35:20 - root - DEBUG - do
2025-04-13 20:35:20 - root - DEBUG - subroutineCall
2025-04-13 20:35:20 - root - DEBUG - compileExpressionList
2025-04-13 20:35:20 - root - DEBUG - compileExpression
2025-04-13 20:35:20 - root - DEBUG - compileterm
2025-04-13 20:35:20 - root - DEBUG - exitingEXPLIST
2025-04-13 20:35:20 - root - DEBUG - do
2025-04-13 20:35:20 - root - DEBUG - subroutineCall
2025-04-13 20:35:20 - root - DEBUG - compileExpressionList
2025-04-13 20:35:20 - root - DEBUG - compileExpression
2025-04-13 20:35:20 - root - DEBUG - compileterm
2025-04-13 20:35:20 - root - DEBUG - compileterm
2025-04-13 20:35:20 - root - DEBUG - exitingEXPLIST
2025-04-13 20:35:20 - root - DEBUG - return
2025-04-14 00:06:54 - root - DEBUG - compileClass
2025-04-14 00:06:54 - root - DEBUG - compileSubroutine
2025-04-14 00:06:54 - root - DEBUG - current token = ")"
2025-04-14 00:06:54 - root - DEBUG - compilesubroutinebody
2025-04-14 00:06:54 - root - DEBUG - compilevardec
2025-04-14 00:06:54 - root - DEBUG - compilevardec
2025-04-14 00:06:54 - root - DEBUG - compilevardec
2025-04-14 00:06:54 - root - DEBUG - compileStatements
2025-04-14 00:06:54 - root - DEBUG - let
2025-04-14 00:06:54 - root - DEBUG - compileExpression
2025-04-14 00:06:54 - root - DEBUG - compileterm
2025-04-14 00:06:54 - root - DEBUG - subroutineCall
2025-04-14 00:06:54 - root - DEBUG - compileExpressionList
2025-04-14 00:06:54 - root - DEBUG - compileExpression
2025-04-14 00:06:54 - root - DEBUG - compileterm
2025-04-14 00:06:54 - root - DEBUG - exitingEXPLIST
2025-04-14 00:06:54 - root - DEBUG - let
2025-04-14 00:06:54 - root - DEBUG - compileExpression
2025-04-14 00:06:54 - root - DEBUG - compileterm
2025-04-14 00:06:54 - root - DEBUG - subroutineCall
2025-04-14 00:06:54 - root - DEBUG - compileExpressionList
2025-04-14 00:06:54 - root - DEBUG - compileExpression
2025-04-14 00:06:54 - root - DEBUG - compileterm
2025-04-14 00:06:54 - root - DEBUG - exitingEXPLIST
2025-04-14 00:06:54 - root - DEBUG - let
2025-04-14 00:06:54 - root - DEBUG - compileExpression
2025-04-14 00:06:54 - root - DEBUG - compileterm
2025-04-14 00:06:54 - root - DEBUG - while
2025-04-14 00:06:54 - root - DEBUG - compileExpression
2025-04-14 00:06:54 - root - DEBUG - compileterm
2025-04-14 00:06:54 - root - DEBUG - compileterm
2025-04-14 00:06:54 - root - DEBUG - compileStatements
2025-04-14 00:06:54 - root - DEBUG - let
2025-04-14 00:06:54 - root - DEBUG - compileExpression
2025-04-14 00:06:54 - root - DEBUG - compileterm
2025-04-14 00:06:54 - root - DEBUG - compileExpression
2025-04-14 00:06:54 - root - DEBUG - compileterm
2025-04-14 00:06:54 - root - DEBUG - subroutineCall
2025-04-14 00:06:54 - root - DEBUG - compileExpressionList
2025-04-14 00:06:54 - root - DEBUG - compileExpression
2025-04-14 00:06:54 - root - DEBUG - compileterm
2025-04-14 00:06:54 - root - DEBUG - exitingEXPLIST
2025-04-14 00:06:54 - root - DEBUG - let
2025-04-14 00:06:54 - root - DEBUG - compileExpression
2025-04-14 00:06:54 - root - DEBUG - compileterm
2025-04-14 00:06:54 - root - DEBUG - compileterm
2025-04-14 00:06:54 - root - DEBUG - compileExpression
2025-04-14 00:06:54 - root - DEBUG - compileterm
2025-04-14 00:06:54 - root - DEBUG - let
2025-04-14 00:06:54 - root - DEBUG - compileExpression
2025-04-14 00:06:54 - root - DEBUG - compileterm
2025-04-14 00:06:54 - root - DEBUG - compileterm
2025-04-14 00:06:54 - root - DEBUG - do
2025-04-14 00:06:54 - root - DEBUG - subroutineCall
2025-04-14 00:06:54 - root - DEBUG - compileExpressionList
2025-04-14 00:06:54 - root - DEBUG - compileExpression
2025-04-14 00:06:54 - root - DEBUG - compileterm
2025-04-14 00:06:54 - root - DEBUG - exitingEXPLIST
2025-04-14 00:06:54 - root - DEBUG - do
2025-04-14 00:06:54 - root - DEBUG - subroutineCall
2025-04-14 00:06:54 - root - DEBUG - compileExpressionList
2025-04-14 00:06:54 - root - DEBUG - compileExpression
2025-04-14 00:06:54 - root - DEBUG - compileterm
2025-04-14 00:06:54 - root - DEBUG - compileterm
2025-04-14 00:06:54 - root - DEBUG - exitingEXPLIST
2025-04-14 00:06:54 - root - DEBUG - return
2025-04-14 14:37:55 - root - DEBUG - compileClass
2025-04-14 14:37:55 - root - DEBUG - compileSubroutine
2025-04-14 14:37:55 - root - DEBUG - current token = ")"
2025-04-14 14:37:55 - root - DEBUG - compileparameterlist
2025-04-14 14:37:55 - root - DEBUG - empty param list
2025-04-14 14:37:55 - root - DEBUG - compilesubroutinebody
2025-04-14 14:37:55 - root - DEBUG - compilevardec
2025-04-14 14:37:55 - root - DEBUG - compilevardec
2025-04-14 14:37:55 - root - DEBUG - compilevardec
2025-04-14 14:37:55 - root - DEBUG - compileStatements
2025-04-14 14:37:55 - root - DEBUG - let
2025-04-14 14:37:55 - root - DEBUG - compileExpression
2025-04-14 14:37:55 - root - DEBUG - compileterm
2025-04-14 14:37:55 - root - DEBUG - subroutineCall
2025-04-14 14:37:55 - root - DEBUG - compileExpressionList
2025-04-14 14:37:55 - root - DEBUG - compileExpression
2025-04-14 14:37:55 - root - DEBUG - compileterm
2025-04-14 14:37:55 - root - DEBUG - exitingEXPLIST
2025-04-14 14:37:55 - root - DEBUG - let
2025-04-14 14:37:55 - root - DEBUG - compileExpression
2025-04-14 14:37:55 - root - DEBUG - compileterm
2025-04-14 14:37:55 - root - DEBUG - subroutineCall
2025-04-14 14:37:55 - root - DEBUG - compileExpressionList
2025-04-14 14:37:55 - root - DEBUG - compileExpression
2025-04-14 14:37:55 - root - DEBUG - compileterm
2025-04-14 14:37:55 - root - DEBUG - exitingEXPLIST
2025-04-14 14:37:55 - root - DEBUG - let
2025-04-14 14:37:55 - root - DEBUG - compileExpression
2025-04-14 14:37:55 - root - DEBUG - compileterm
2025-04-14 14:37:55 - root - DEBUG - while
2025-04-14 14:37:55 - root - DEBUG - compileExpression
2025-04-14 14:37:55 - root - DEBUG - compileterm
2025-04-14 14:37:55 - root - DEBUG - compileterm
2025-04-14 14:37:55 - root - DEBUG - compileStatements
2025-04-14 14:37:55 - root - DEBUG - let
2025-04-14 14:37:55 - root - DEBUG - compileExpression
2025-04-14 14:37:55 - root - DEBUG - compileterm
2025-04-14 14:37:55 - root - DEBUG - compileExpression
2025-04-14 14:37:55 - root - DEBUG - compileterm
2025-04-14 14:37:55 - root - DEBUG - subroutineCall
2025-04-14 14:37:55 - root - DEBUG - compileExpressionList
2025-04-14 14:37:55 - root - DEBUG - compileExpression
2025-04-14 14:37:55 - root - DEBUG - compileterm
2025-04-14 14:37:55 - root - DEBUG - exitingEXPLIST
2025-04-14 14:37:55 - root - DEBUG - let
2025-04-14 14:37:55 - root - DEBUG - compileExpression
2025-04-14 14:37:55 - root - DEBUG - compileterm
2025-04-14 14:37:55 - root - DEBUG - compileterm
2025-04-14 14:37:55 - root - DEBUG - compileExpression
2025-04-14 14:37:55 - root - DEBUG - compileterm
2025-04-14 14:37:55 - root - DEBUG - let
2025-04-14 14:37:55 - root - DEBUG - compileExpression
2025-04-14 14:37:55 - root - DEBUG - compileterm
2025-04-14 14:37:55 - root - DEBUG - compileterm
2025-04-14 14:37:55 - root - DEBUG - do
2025-04-14 14:37:55 - root - DEBUG - subroutineCall
2025-04-14 14:37:55 - root - DEBUG - compileExpressionList
2025-04-14 14:37:55 - root - DEBUG - compileExpression
2025-04-14 14:37:55 - root - DEBUG - compileterm
2025-04-14 14:37:55 - root - DEBUG - exitingEXPLIST
2025-04-14 14:37:55 - root - DEBUG - do
2025-04-14 14:37:55 - root - DEBUG - subroutineCall
2025-04-14 14:37:55 - root - DEBUG - compileExpressionList
2025-04-14 14:37:55 - root - DEBUG - compileExpression
2025-04-14 14:37:55 - root - DEBUG - compileterm
2025-04-14 14:37:55 - root - DEBUG - compileterm
2025-04-14 14:37:55 - root - DEBUG - exitingEXPLIST
2025-04-14 14:37:55 - root - DEBUG - return
2025-04-14 14:39:10 - root - DEBUG - compileClass
2025-04-14 14:39:10 - root - DEBUG - compileSubroutine
2025-04-14 14:39:10 - root - DEBUG - current token = ")"
2025-04-14 14:39:10 - root - DEBUG - compileparameterlist
2025-04-14 14:39:10 - root - DEBUG - empty param list
2025-04-14 14:39:10 - root - DEBUG - compilesubroutinebody
2025-04-14 14:39:10 - root - DEBUG - compilevardec
2025-04-14 14:39:10 - root - DEBUG - compilevardec
2025-04-14 14:39:10 - root - DEBUG - compilevardec
2025-04-14 14:39:10 - root - DEBUG - compileStatements
2025-04-14 14:39:10 - root - DEBUG - let
2025-04-14 14:39:10 - root - DEBUG - compileExpression
2025-04-14 14:39:10 - root - DEBUG - compileterm
2025-04-14 14:39:10 - root - DEBUG - subroutineCall
2025-04-14 14:39:10 - root - DEBUG - compileExpressionList
2025-04-14 14:39:10 - root - DEBUG - compileExpression
2025-04-14 14:39:10 - root - DEBUG - compileterm
2025-04-14 14:39:10 - root - DEBUG - exitingEXPLIST
2025-04-14 14:39:10 - root - DEBUG - let
2025-04-14 14:39:10 - root - DEBUG - compileExpression
2025-04-14 14:39:10 - root - DEBUG - compileterm
2025-04-14 14:39:10 - root - DEBUG - subroutineCall
2025-04-14 14:39:10 - root - DEBUG - compileExpressionList
2025-04-14 14:39:10 - root - DEBUG - compileExpression
2025-04-14 14:39:10 - root - DEBUG - compileterm
2025-04-14 14:39:10 - root - DEBUG - exitingEXPLIST
2025-04-14 14:39:10 - root - DEBUG - let
2025-04-14 14:39:10 - root - DEBUG - compileExpression
2025-04-14 14:39:10 - root - DEBUG - compileterm
2025-04-14 14:39:10 - root - DEBUG - while
2025-04-14 14:39:10 - root - DEBUG - compileExpression
2025-04-14 14:39:10 - root - DEBUG - compileterm
2025-04-14 14:39:10 - root - DEBUG - compileterm
2025-04-14 14:39:10 - root - DEBUG - compileStatements
2025-04-14 14:39:10 - root - DEBUG - let
2025-04-14 14:39:10 - root - DEBUG - compileExpression
2025-04-14 14:39:10 - root - DEBUG - compileterm
2025-04-14 14:39:10 - root - DEBUG - compileExpression
2025-04-14 14:39:10 - root - DEBUG - compileterm
2025-04-14 14:39:10 - root - DEBUG - subroutineCall
2025-04-14 14:39:10 - root - DEBUG - compileExpressionList
2025-04-14 14:39:10 - root - DEBUG - compileExpression
2025-04-14 14:39:10 - root - DEBUG - compileterm
2025-04-14 14:39:10 - root - DEBUG - exitingEXPLIST
2025-04-14 14:39:10 - root - DEBUG - let
2025-04-14 14:39:10 - root - DEBUG - compileExpression
2025-04-14 14:39:10 - root - DEBUG - compileterm
2025-04-14 14:39:10 - root - DEBUG - compileterm
2025-04-14 14:39:10 - root - DEBUG - compileExpression
2025-04-14 14:39:10 - root - DEBUG - compileterm
2025-04-14 14:39:10 - root - DEBUG - let
2025-04-14 14:39:10 - root - DEBUG - compileExpression
2025-04-14 14:39:10 - root - DEBUG - compileterm
2025-04-14 14:39:10 - root - DEBUG - compileterm
2025-04-14 14:39:10 - root - DEBUG - do
2025-04-14 14:39:10 - root - DEBUG - subroutineCall
2025-04-14 14:39:10 - root - DEBUG - compileExpressionList
2025-04-14 14:39:10 - root - DEBUG - compileExpression
2025-04-14 14:39:10 - root - DEBUG - compileterm
2025-04-14 14:39:10 - root - DEBUG - exitingEXPLIST
2025-04-14 14:39:10 - root - DEBUG - do
2025-04-14 14:39:10 - root - DEBUG - subroutineCall
2025-04-14 14:39:10 - root - DEBUG - compileExpressionList
2025-04-14 14:39:10 - root - DEBUG - compileExpression
2025-04-14 14:39:10 - root - DEBUG - compileterm
2025-04-14 14:39:10 - root - DEBUG - compileterm
2025-04-14 14:39:10 - root - DEBUG - exitingEXPLIST
2025-04-14 14:39:10 - root - DEBUG - return
2025-04-14 14:44:25 - root - DEBUG - compileClass
2025-04-14 14:44:25 - root - DEBUG - compileSubroutine
2025-04-14 14:44:25 - root - DEBUG - current token = ")"
2025-04-14 14:44:25 - root - DEBUG - compileparameterlist
2025-04-14 14:44:25 - root - DEBUG - empty param list
2025-04-14 14:44:25 - root - DEBUG - compilesubroutinebody
2025-04-14 14:44:25 - root - DEBUG - compilevardec
2025-04-14 14:44:25 - root - DEBUG - compilevardec
2025-04-14 14:44:25 - root - DEBUG - compilevardec
2025-04-14 14:44:25 - root - DEBUG - compileStatements
2025-04-14 14:44:25 - root - DEBUG - let
2025-04-14 14:44:25 - root - DEBUG - compileExpression
2025-04-14 14:44:25 - root - DEBUG - compileterm
2025-04-14 14:44:25 - root - DEBUG - subroutineCall
2025-04-14 14:44:25 - root - DEBUG - compileExpressionList
2025-04-14 14:44:25 - root - DEBUG - compileExpression
2025-04-14 14:44:25 - root - DEBUG - compileterm
2025-04-14 14:44:25 - root - DEBUG - exitingEXPLIST
2025-04-14 14:44:25 - root - DEBUG - let
2025-04-14 14:44:25 - root - DEBUG - compileExpression
2025-04-14 14:44:25 - root - DEBUG - compileterm
2025-04-14 14:44:25 - root - DEBUG - subroutineCall
2025-04-14 14:44:25 - root - DEBUG - compileExpressionList
2025-04-14 14:44:25 - root - DEBUG - compileExpression
2025-04-14 14:44:25 - root - DEBUG - compileterm
2025-04-14 14:44:25 - root - DEBUG - exitingEXPLIST
2025-04-14 14:44:25 - root - DEBUG - let
2025-04-14 14:44:25 - root - DEBUG - compileExpression
2025-04-14 14:44:25 - root - DEBUG - compileterm
2025-04-14 14:44:25 - root - DEBUG - while
2025-04-14 14:44:25 - root - DEBUG - compileExpression
2025-04-14 14:44:25 - root - DEBUG - compileterm
2025-04-14 14:44:25 - root - DEBUG - compileterm
2025-04-14 14:44:25 - root - DEBUG - compileStatements
2025-04-14 14:44:25 - root - DEBUG - let
2025-04-14 14:44:25 - root - DEBUG - compileExpression
2025-04-14 14:44:25 - root - DEBUG - compileterm
2025-04-14 14:44:25 - root - DEBUG - compileExpression
2025-04-14 14:44:25 - root - DEBUG - compileterm
2025-04-14 14:44:25 - root - DEBUG - subroutineCall
2025-04-14 14:44:25 - root - DEBUG - compileExpressionList
2025-04-14 14:44:25 - root - DEBUG - compileExpression
2025-04-14 14:44:25 - root - DEBUG - compileterm
2025-04-14 14:44:25 - root - DEBUG - exitingEXPLIST
2025-04-14 14:44:25 - root - DEBUG - let
2025-04-14 14:44:25 - root - DEBUG - compileExpression
2025-04-14 14:44:25 - root - DEBUG - compileterm
2025-04-14 14:44:25 - root - DEBUG - compileterm
2025-04-14 14:44:25 - root - DEBUG - compileExpression
2025-04-14 14:44:25 - root - DEBUG - compileterm
2025-04-14 14:44:25 - root - DEBUG - let
2025-04-14 14:44:25 - root - DEBUG - compileExpression
2025-04-14 14:44:25 - root - DEBUG - compileterm
2025-04-14 14:44:25 - root - DEBUG - compileterm
2025-04-14 14:44:25 - root - DEBUG - do
2025-04-14 14:44:25 - root - DEBUG - subroutineCall
2025-04-14 14:44:25 - root - DEBUG - compileExpressionList
2025-04-14 14:44:25 - root - DEBUG - compileExpression
2025-04-14 14:44:25 - root - DEBUG - compileterm
2025-04-14 14:44:25 - root - DEBUG - exitingEXPLIST
2025-04-14 14:44:25 - root - DEBUG - do
2025-04-14 14:44:25 - root - DEBUG - subroutineCall
2025-04-14 14:44:25 - root - DEBUG - compileExpressionList
2025-04-14 14:44:25 - root - DEBUG - compileExpression
2025-04-14 14:44:25 - root - DEBUG - compileterm
2025-04-14 14:44:25 - root - DEBUG - compileterm
2025-04-14 14:44:25 - root - DEBUG - exitingEXPLIST
2025-04-14 14:44:25 - root - DEBUG - return
