2025-04-14 14:46:36 - root - DEBUG - compileClass
2025-04-14 14:46:36 - root - DEBUG - compileSubroutine
2025-04-14 14:46:36 - root - DEBUG - current token = ")"
2025-04-14 14:46:36 - root - DEBUG - compileparameterlist
2025-04-14 14:46:36 - root - DEBUG - empty param list
2025-04-14 14:46:36 - root - DEBUG - compilesubroutinebody
2025-04-14 14:46:36 - root - DEBUG - compilevardec
2025-04-14 14:46:36 - root - DEBUG - compileStatements
2025-04-14 14:46:36 - root - DEBUG - do
2025-04-14 14:46:36 - root - DEBUG - subroutineCall
2025-04-14 14:46:36 - root - DEBUG - compileExpressionList
2025-04-14 14:46:36 - root - DEBUG - compileExpression
2025-04-14 14:46:36 - root - DEBUG - compileterm
2025-04-14 14:46:36 - root - DEBUG - compileExpression
2025-04-14 14:46:36 - root - DEBUG - compileterm
2025-04-14 14:46:36 - root - DEBUG - compileExpression
2025-04-14 14:46:36 - root - DEBUG - compileterm
2025-04-14 14:46:36 - root - DEBUG - compileterm
2025-04-14 14:46:36 - root - DEBUG - exitingEXPLIST
2025-04-14 14:46:36 - root - DEBUG - let
2025-04-14 14:46:36 - root - DEBUG - compileExpression
2025-04-14 14:46:36 - root - DEBUG - compileterm
2025-04-14 14:46:36 - root - DEBUG - subroutineCall
2025-04-14 14:46:36 - root - DEBUG - compileExpressionList
2025-04-14 14:46:36 - root - DEBUG - compileExpression
2025-04-14 14:46:36 - root - DEBUG - compileterm
2025-04-14 14:46:36 - root - DEBUG - exitingEXPLIST
2025-04-14 14:46:36 - root - DEBUG - do
2025-04-14 14:46:36 - root - DEBUG - subroutineCall
2025-04-14 14:46:36 - root - DEBUG - compileExpressionList
2025-04-14 14:46:36 - root - DEBUG - compileExpression
2025-04-14 14:46:36 - root - DEBUG - compileterm
2025-04-14 14:46:36 - root - DEBUG - exitingEXPLIST
2025-04-14 14:46:36 - root - DEBUG - return
2025-04-14 14:46:36 - root - DEBUG - compileSubroutine
2025-04-14 14:46:36 - root - DEBUG - current token = "int"
2025-04-14 14:46:36 - root - DEBUG - compileparameterlist
2025-04-14 14:46:36 - root - DEBUG - int
2025-04-14 14:46:36 - root - DEBUG - value
2025-04-14 14:46:36 - root - DEBUG - exiting
2025-04-14 14:46:36 - root - DEBUG - )
2025-04-14 14:46:36 - root - DEBUG - compilesubroutinebody
2025-04-14 14:46:36 - root - DEBUG - compilevardec
2025-04-14 14:46:36 - root - DEBUG - compilevardec
2025-04-14 14:46:36 - root - DEBUG - compileStatements
2025-04-14 14:46:36 - root - DEBUG - let
2025-04-14 14:46:36 - root - DEBUG - compileExpression
2025-04-14 14:46:36 - root - DEBUG - compileterm
2025-04-14 14:46:36 - root - DEBUG - while
2025-04-14 14:46:36 - root - DEBUG - compileExpression
2025-04-14 14:46:36 - root - DEBUG - compileterm
2025-04-14 14:46:36 - root - DEBUG - compileStatements
2025-04-14 14:46:36 - root - DEBUG - let
2025-04-14 14:46:36 - root - DEBUG - compileExpression
2025-04-14 14:46:36 - root - DEBUG - compileterm
2025-04-14 14:46:36 - root - DEBUG - compileterm
2025-04-14 14:46:36 - root - DEBUG - let
2025-04-14 14:46:36 - root - DEBUG - compileExpression
2025-04-14 14:46:36 - root - DEBUG - compileterm
2025-04-14 14:46:36 - root - DEBUG - subroutineCall
2025-04-14 14:46:36 - root - DEBUG - compileExpressionList
2025-04-14 14:46:36 - root - DEBUG - compileExpression
2025-04-14 14:46:36 - root - DEBUG - compileterm
2025-04-14 14:46:36 - root - DEBUG - exitingEXPLIST
2025-04-14 14:46:36 - root - DEBUG - if
2025-04-14 14:46:36 - root - DEBUG - compileExpression
2025-04-14 14:46:36 - root - DEBUG - compileterm
2025-04-14 14:46:36 - root - DEBUG - compileterm
2025-04-14 14:46:36 - root - DEBUG - compileExpression
2025-04-14 14:46:36 - root - DEBUG - compileterm
2025-04-14 14:46:36 - root - DEBUG - compileterm
2025-04-14 14:46:36 - root - DEBUG - compileStatements
2025-04-14 14:46:36 - root - DEBUG - if
2025-04-14 14:46:36 - root - DEBUG - compileExpression
2025-04-14 14:46:36 - root - DEBUG - compileterm
2025-04-14 14:46:36 - root - DEBUG - compileterm
2025-04-14 14:46:36 - root - DEBUG - compileExpression
2025-04-14 14:46:36 - root - DEBUG - compileterm
2025-04-14 14:46:36 - root - DEBUG - compileExpression
2025-04-14 14:46:36 - root - DEBUG - compileterm
2025-04-14 14:46:36 - root - DEBUG - compileterm
2025-04-14 14:46:36 - root - DEBUG - compileterm
2025-04-14 14:46:36 - root - DEBUG - compileStatements
2025-04-14 14:46:36 - root - DEBUG - do
2025-04-14 14:46:36 - root - DEBUG - subroutineCall
2025-04-14 14:46:36 - root - DEBUG - compileExpressionList
2025-04-14 14:46:36 - root - DEBUG - compileExpression
2025-04-14 14:46:36 - root - DEBUG - compileterm
2025-04-14 14:46:36 - root - DEBUG - compileterm
2025-04-14 14:46:36 - root - DEBUG - compileExpression
2025-04-14 14:46:36 - root - DEBUG - compileterm
2025-04-14 14:46:36 - root - DEBUG - exitingEXPLIST
2025-04-14 14:46:36 - root - DEBUG - compileStatements
2025-04-14 14:46:36 - root - DEBUG - do
2025-04-14 14:46:36 - root - DEBUG - subroutineCall
2025-04-14 14:46:36 - root - DEBUG - compileExpressionList
2025-04-14 14:46:36 - root - DEBUG - compileExpression
2025-04-14 14:46:36 - root - DEBUG - compileterm
2025-04-14 14:46:36 - root - DEBUG - compileterm
2025-04-14 14:46:36 - root - DEBUG - compileExpression
2025-04-14 14:46:36 - root - DEBUG - compileterm
2025-04-14 14:46:36 - root - DEBUG - exitingEXPLIST
2025-04-14 14:46:36 - root - DEBUG - compileStatements
2025-04-14 14:46:36 - root - DEBUG - let
2025-04-14 14:46:36 - root - DEBUG - compileExpression
2025-04-14 14:46:36 - root - DEBUG - compileterm
2025-04-14 14:46:36 - root - DEBUG - return
2025-04-14 14:46:36 - root - DEBUG - compileSubroutine
2025-04-14 14:46:36 - root - DEBUG - current token = "int"
2025-04-14 14:46:36 - root - DEBUG - compileparameterlist
2025-04-14 14:46:36 - root - DEBUG - int
2025-04-14 14:46:36 - root - DEBUG - mask
2025-04-14 14:46:36 - root - DEBUG - exiting
2025-04-14 14:46:36 - root - DEBUG - )
2025-04-14 14:46:36 - root - DEBUG - compilesubroutinebody
2025-04-14 14:46:36 - root - DEBUG - compileStatements
2025-04-14 14:46:36 - root - DEBUG - if
2025-04-14 14:46:36 - root - DEBUG - compileExpression
2025-04-14 14:46:36 - root - DEBUG - compileterm
2025-04-14 14:46:36 - root - DEBUG - compileterm
2025-04-14 14:46:36 - root - DEBUG - compileStatements
2025-04-14 14:46:36 - root - DEBUG - return
2025-04-14 14:46:36 - root - DEBUG - compileExpression
2025-04-14 14:46:36 - root - DEBUG - compileterm
2025-04-14 14:46:36 - root - DEBUG - compileStatements
2025-04-14 14:46:36 - root - DEBUG - return
2025-04-14 14:46:36 - root - DEBUG - compileExpression
2025-04-14 14:46:36 - root - DEBUG - compileterm
2025-04-14 14:46:36 - root - DEBUG - compileterm
2025-04-14 14:46:36 - root - DEBUG - compileSubroutine
2025-04-14 14:46:36 - root - DEBUG - current token = "int"
2025-04-14 14:46:36 - root - DEBUG - compileparameterlist
2025-04-14 14:46:36 - root - DEBUG - int
2025-04-14 14:46:36 - root - DEBUG - address
2025-04-14 14:46:36 - root - DEBUG - ,
2025-04-14 14:46:36 - root - DEBUG - int
2025-04-14 14:46:36 - root - DEBUG - length
2025-04-14 14:46:36 - root - DEBUG - ,
2025-04-14 14:46:36 - root - DEBUG - int
2025-04-14 14:46:36 - root - DEBUG - value
2025-04-14 14:46:36 - root - DEBUG - exiting
2025-04-14 14:46:36 - root - DEBUG - )
2025-04-14 14:46:36 - root - DEBUG - compilesubroutinebody
2025-04-14 14:46:36 - root - DEBUG - compileStatements
2025-04-14 14:46:36 - root - DEBUG - while
2025-04-14 14:46:36 - root - DEBUG - compileExpression
2025-04-14 14:46:36 - root - DEBUG - compileterm
2025-04-14 14:46:36 - root - DEBUG - compileterm
2025-04-14 14:46:36 - root - DEBUG - compileStatements
2025-04-14 14:46:36 - root - DEBUG - do
2025-04-14 14:46:36 - root - DEBUG - subroutineCall
2025-04-14 14:46:36 - root - DEBUG - compileExpressionList
2025-04-14 14:46:36 - root - DEBUG - compileExpression
2025-04-14 14:46:36 - root - DEBUG - compileterm
2025-04-14 14:46:36 - root - DEBUG - compileExpression
2025-04-14 14:46:36 - root - DEBUG - compileterm
2025-04-14 14:46:36 - root - DEBUG - exitingEXPLIST
2025-04-14 14:46:36 - root - DEBUG - let
2025-04-14 14:46:36 - root - DEBUG - compileExpression
2025-04-14 14:46:36 - root - DEBUG - compileterm
2025-04-14 14:46:36 - root - DEBUG - compileterm
2025-04-14 14:46:36 - root - DEBUG - let
2025-04-14 14:46:36 - root - DEBUG - compileExpression
2025-04-14 14:46:36 - root - DEBUG - compileterm
2025-04-14 14:46:36 - root - DEBUG - compileterm
2025-04-14 14:46:36 - root - DEBUG - return
2025-04-14 14:58:46 - root - DEBUG - compileClass
2025-04-14 14:58:46 - root - DEBUG - compileSubroutine
2025-04-14 14:58:46 - root - DEBUG - current token = ")"
2025-04-14 14:58:46 - root - DEBUG - compileparameterlist
2025-04-14 14:58:46 - root - DEBUG - empty param list
2025-04-14 14:58:46 - root - DEBUG - compilesubroutinebody
2025-04-14 14:58:46 - root - DEBUG - compilevardec
2025-04-14 14:58:46 - root - DEBUG - compileStatements
2025-04-14 14:58:46 - root - DEBUG - do
2025-04-14 14:58:46 - root - DEBUG - subroutineCall
2025-04-14 14:58:46 - root - DEBUG - compileExpressionList
2025-04-14 14:58:46 - root - DEBUG - compileExpression
2025-04-14 14:58:46 - root - DEBUG - compileterm
2025-04-14 14:58:46 - root - DEBUG - compileExpression
2025-04-14 14:58:46 - root - DEBUG - compileterm
2025-04-14 14:58:46 - root - DEBUG - compileExpression
2025-04-14 14:58:46 - root - DEBUG - compileterm
2025-04-14 14:58:46 - root - DEBUG - compileterm
2025-04-14 14:58:46 - root - DEBUG - exitingEXPLIST
2025-04-14 14:58:46 - root - DEBUG - let
2025-04-14 14:58:46 - root - DEBUG - compileExpression
2025-04-14 14:58:46 - root - DEBUG - compileterm
2025-04-14 14:58:46 - root - DEBUG - subroutineCall
2025-04-14 14:58:46 - root - DEBUG - compileExpressionList
2025-04-14 14:58:46 - root - DEBUG - compileExpression
2025-04-14 14:58:46 - root - DEBUG - compileterm
2025-04-14 14:58:46 - root - DEBUG - exitingEXPLIST
2025-04-14 14:58:46 - root - DEBUG - do
2025-04-14 14:58:46 - root - DEBUG - subroutineCall
2025-04-14 14:58:46 - root - DEBUG - compileExpressionList
2025-04-14 14:58:46 - root - DEBUG - compileExpression
2025-04-14 14:58:46 - root - DEBUG - compileterm
2025-04-14 14:58:46 - root - DEBUG - exitingEXPLIST
2025-04-14 14:58:46 - root - DEBUG - return
2025-04-14 14:58:46 - root - DEBUG - compileSubroutine
2025-04-14 14:58:46 - root - DEBUG - current token = "int"
2025-04-14 14:58:46 - root - DEBUG - compileparameterlist
2025-04-14 14:58:46 - root - DEBUG - int
2025-04-14 14:58:46 - root - DEBUG - value
2025-04-14 14:58:46 - root - DEBUG - exiting
2025-04-14 14:58:46 - root - DEBUG - )
2025-04-14 14:58:46 - root - DEBUG - compilesubroutinebody
2025-04-14 14:58:46 - root - DEBUG - compilevardec
2025-04-14 14:58:46 - root - DEBUG - compilevardec
2025-04-14 14:58:46 - root - DEBUG - compileStatements
2025-04-14 14:58:46 - root - DEBUG - let
2025-04-14 14:58:46 - root - DEBUG - compileExpression
2025-04-14 14:58:46 - root - DEBUG - compileterm
2025-04-14 14:58:46 - root - DEBUG - while
2025-04-14 14:58:46 - root - DEBUG - compileExpression
2025-04-14 14:58:46 - root - DEBUG - compileterm
2025-04-14 14:58:46 - root - DEBUG - compileStatements
2025-04-14 14:58:46 - root - DEBUG - let
2025-04-14 14:58:46 - root - DEBUG - compileExpression
2025-04-14 14:58:46 - root - DEBUG - compileterm
2025-04-14 14:58:46 - root - DEBUG - compileterm
2025-04-14 14:58:46 - root - DEBUG - let
2025-04-14 14:58:46 - root - DEBUG - compileExpression
2025-04-14 14:58:46 - root - DEBUG - compileterm
2025-04-14 14:58:46 - root - DEBUG - subroutineCall
2025-04-14 14:58:46 - root - DEBUG - compileExpressionList
2025-04-14 14:58:46 - root - DEBUG - compileExpression
2025-04-14 14:58:46 - root - DEBUG - compileterm
2025-04-14 14:58:46 - root - DEBUG - exitingEXPLIST
2025-04-14 14:58:46 - root - DEBUG - if
2025-04-14 14:58:46 - root - DEBUG - compileExpression
2025-04-14 14:58:46 - root - DEBUG - compileterm
2025-04-14 14:58:46 - root - DEBUG - compileterm
2025-04-14 14:58:46 - root - DEBUG - compileExpression
2025-04-14 14:58:46 - root - DEBUG - compileterm
2025-04-14 14:58:46 - root - DEBUG - compileterm
2025-04-14 14:58:46 - root - DEBUG - compileStatements
2025-04-14 14:58:46 - root - DEBUG - if
2025-04-14 14:58:46 - root - DEBUG - compileExpression
2025-04-14 14:58:46 - root - DEBUG - compileterm
2025-04-14 14:58:46 - root - DEBUG - compileterm
2025-04-14 14:58:46 - root - DEBUG - compileExpression
2025-04-14 14:58:46 - root - DEBUG - compileterm
2025-04-14 14:58:46 - root - DEBUG - compileExpression
2025-04-14 14:58:46 - root - DEBUG - compileterm
2025-04-14 14:58:46 - root - DEBUG - compileterm
2025-04-14 14:58:46 - root - DEBUG - compileterm
2025-04-14 14:58:46 - root - DEBUG - compileStatements
2025-04-14 14:58:46 - root - DEBUG - do
2025-04-14 14:58:46 - root - DEBUG - subroutineCall
2025-04-14 14:58:46 - root - DEBUG - compileExpressionList
2025-04-14 14:58:46 - root - DEBUG - compileExpression
2025-04-14 14:58:46 - root - DEBUG - compileterm
2025-04-14 14:58:46 - root - DEBUG - compileterm
2025-04-14 14:58:46 - root - DEBUG - compileExpression
2025-04-14 14:58:46 - root - DEBUG - compileterm
2025-04-14 14:58:46 - root - DEBUG - exitingEXPLIST
2025-04-14 14:58:46 - root - DEBUG - compileStatements
2025-04-14 14:58:46 - root - DEBUG - do
2025-04-14 14:58:46 - root - DEBUG - subroutineCall
2025-04-14 14:58:46 - root - DEBUG - compileExpressionList
2025-04-14 14:58:46 - root - DEBUG - compileExpression
2025-04-14 14:58:46 - root - DEBUG - compileterm
2025-04-14 14:58:46 - root - DEBUG - compileterm
2025-04-14 14:58:46 - root - DEBUG - compileExpression
2025-04-14 14:58:46 - root - DEBUG - compileterm
2025-04-14 14:58:46 - root - DEBUG - exitingEXPLIST
2025-04-14 14:58:46 - root - DEBUG - compileStatements
2025-04-14 14:58:46 - root - DEBUG - let
2025-04-14 14:58:46 - root - DEBUG - compileExpression
2025-04-14 14:58:46 - root - DEBUG - compileterm
2025-04-14 14:58:46 - root - DEBUG - return
2025-04-14 14:58:46 - root - DEBUG - compileSubroutine
2025-04-14 14:58:46 - root - DEBUG - current token = "int"
2025-04-14 14:58:46 - root - DEBUG - compileparameterlist
2025-04-14 14:58:46 - root - DEBUG - int
2025-04-14 14:58:46 - root - DEBUG - mask
2025-04-14 14:58:46 - root - DEBUG - exiting
2025-04-14 14:58:46 - root - DEBUG - )
2025-04-14 14:58:46 - root - DEBUG - compilesubroutinebody
2025-04-14 14:58:46 - root - DEBUG - compileStatements
2025-04-14 14:58:46 - root - DEBUG - if
2025-04-14 14:58:46 - root - DEBUG - compileExpression
2025-04-14 14:58:46 - root - DEBUG - compileterm
2025-04-14 14:58:46 - root - DEBUG - compileterm
2025-04-14 14:58:46 - root - DEBUG - compileStatements
2025-04-14 14:58:46 - root - DEBUG - return
2025-04-14 14:58:46 - root - DEBUG - compileExpression
2025-04-14 14:58:46 - root - DEBUG - compileterm
2025-04-14 14:58:46 - root - DEBUG - compileStatements
2025-04-14 14:58:46 - root - DEBUG - return
2025-04-14 14:58:46 - root - DEBUG - compileExpression
2025-04-14 14:58:46 - root - DEBUG - compileterm
2025-04-14 14:58:46 - root - DEBUG - compileterm
2025-04-14 14:58:46 - root - DEBUG - compileSubroutine
2025-04-14 14:58:46 - root - DEBUG - current token = "int"
2025-04-14 14:58:46 - root - DEBUG - compileparameterlist
2025-04-14 14:58:46 - root - DEBUG - int
2025-04-14 14:58:46 - root - DEBUG - address
2025-04-14 14:58:46 - root - DEBUG - ,
2025-04-14 14:58:46 - root - DEBUG - int
2025-04-14 14:58:46 - root - DEBUG - length
2025-04-14 14:58:46 - root - DEBUG - ,
2025-04-14 14:58:46 - root - DEBUG - int
2025-04-14 14:58:46 - root - DEBUG - value
2025-04-14 14:58:46 - root - DEBUG - exiting
2025-04-14 14:58:46 - root - DEBUG - )
2025-04-14 14:58:46 - root - DEBUG - compilesubroutinebody
2025-04-14 14:58:46 - root - DEBUG - compileStatements
2025-04-14 14:58:46 - root - DEBUG - while
2025-04-14 14:58:46 - root - DEBUG - compileExpression
2025-04-14 14:58:46 - root - DEBUG - compileterm
2025-04-14 14:58:46 - root - DEBUG - compileterm
2025-04-14 14:58:46 - root - DEBUG - compileStatements
2025-04-14 14:58:46 - root - DEBUG - do
2025-04-14 14:58:46 - root - DEBUG - subroutineCall
2025-04-14 14:58:46 - root - DEBUG - compileExpressionList
2025-04-14 14:58:46 - root - DEBUG - compileExpression
2025-04-14 14:58:46 - root - DEBUG - compileterm
2025-04-14 14:58:46 - root - DEBUG - compileExpression
2025-04-14 14:58:46 - root - DEBUG - compileterm
2025-04-14 14:58:46 - root - DEBUG - exitingEXPLIST
2025-04-14 14:58:46 - root - DEBUG - let
2025-04-14 14:58:46 - root - DEBUG - compileExpression
2025-04-14 14:58:46 - root - DEBUG - compileterm
2025-04-14 14:58:46 - root - DEBUG - compileterm
2025-04-14 14:58:46 - root - DEBUG - let
2025-04-14 14:58:46 - root - DEBUG - compileExpression
2025-04-14 14:58:46 - root - DEBUG - compileterm
2025-04-14 14:58:46 - root - DEBUG - compileterm
2025-04-14 14:58:46 - root - DEBUG - return
2025-04-14 15:04:23 - root - DEBUG - compileClass
2025-04-14 15:04:23 - root - DEBUG - compileSubroutine
2025-04-14 15:04:23 - root - DEBUG - current token = ")"
2025-04-14 15:04:23 - root - DEBUG - compileparameterlist
2025-04-14 15:04:23 - root - DEBUG - empty param list
2025-04-14 15:04:23 - root - DEBUG - compilesubroutinebody
2025-04-14 15:04:23 - root - DEBUG - compilevardec
2025-04-14 15:04:23 - root - DEBUG - compileStatements
2025-04-14 15:04:23 - root - DEBUG - do
2025-04-14 15:04:23 - root - DEBUG - subroutineCall
2025-04-14 15:04:23 - root - DEBUG - compileExpressionList
2025-04-14 15:04:23 - root - DEBUG - compileExpression
2025-04-14 15:04:23 - root - DEBUG - compileterm
2025-04-14 15:04:23 - root - DEBUG - compileExpression
2025-04-14 15:04:23 - root - DEBUG - compileterm
2025-04-14 15:04:23 - root - DEBUG - compileExpression
2025-04-14 15:04:23 - root - DEBUG - compileterm
2025-04-14 15:04:23 - root - DEBUG - compileterm
2025-04-14 15:04:23 - root - DEBUG - exitingEXPLIST
2025-04-14 15:04:23 - root - DEBUG - let
2025-04-14 15:04:23 - root - DEBUG - compileExpression
2025-04-14 15:04:23 - root - DEBUG - compileterm
2025-04-14 15:04:23 - root - DEBUG - subroutineCall
2025-04-14 15:04:23 - root - DEBUG - compileExpressionList
2025-04-14 15:04:23 - root - DEBUG - compileExpression
2025-04-14 15:04:23 - root - DEBUG - compileterm
2025-04-14 15:04:23 - root - DEBUG - exitingEXPLIST
2025-04-14 15:04:23 - root - DEBUG - do
2025-04-14 15:04:23 - root - DEBUG - subroutineCall
2025-04-14 15:04:23 - root - DEBUG - compileExpressionList
2025-04-14 15:04:23 - root - DEBUG - compileExpression
2025-04-14 15:04:23 - root - DEBUG - compileterm
2025-04-14 15:04:23 - root - DEBUG - exitingEXPLIST
2025-04-14 15:04:23 - root - DEBUG - return
2025-04-14 15:04:23 - root - DEBUG - compileSubroutine
2025-04-14 15:04:23 - root - DEBUG - current token = "int"
2025-04-14 15:04:23 - root - DEBUG - compileparameterlist
2025-04-14 15:04:23 - root - DEBUG - int
2025-04-14 15:04:23 - root - DEBUG - value
2025-04-14 15:04:23 - root - DEBUG - exiting
2025-04-14 15:04:23 - root - DEBUG - )
2025-04-14 15:04:23 - root - DEBUG - compilesubroutinebody
2025-04-14 15:04:23 - root - DEBUG - compilevardec
2025-04-14 15:04:23 - root - DEBUG - compilevardec
2025-04-14 15:04:23 - root - DEBUG - compileStatements
2025-04-14 15:04:23 - root - DEBUG - let
2025-04-14 15:04:23 - root - DEBUG - compileExpression
2025-04-14 15:04:23 - root - DEBUG - compileterm
2025-04-14 15:04:23 - root - DEBUG - while
2025-04-14 15:04:23 - root - DEBUG - compileExpression
2025-04-14 15:04:23 - root - DEBUG - compileterm
2025-04-14 15:04:23 - root - DEBUG - compileStatements
2025-04-14 15:04:23 - root - DEBUG - let
2025-04-14 15:04:23 - root - DEBUG - compileExpression
2025-04-14 15:04:23 - root - DEBUG - compileterm
2025-04-14 15:04:23 - root - DEBUG - compileterm
2025-04-14 15:04:23 - root - DEBUG - let
2025-04-14 15:04:23 - root - DEBUG - compileExpression
2025-04-14 15:04:23 - root - DEBUG - compileterm
2025-04-14 15:04:23 - root - DEBUG - subroutineCall
2025-04-14 15:04:23 - root - DEBUG - compileExpressionList
2025-04-14 15:04:23 - root - DEBUG - compileExpression
2025-04-14 15:04:23 - root - DEBUG - compileterm
2025-04-14 15:04:23 - root - DEBUG - exitingEXPLIST
2025-04-14 15:04:23 - root - DEBUG - if
2025-04-14 15:04:23 - root - DEBUG - compileExpression
2025-04-14 15:04:23 - root - DEBUG - compileterm
2025-04-14 15:04:23 - root - DEBUG - compileterm
2025-04-14 15:04:23 - root - DEBUG - compileExpression
2025-04-14 15:04:23 - root - DEBUG - compileterm
2025-04-14 15:04:23 - root - DEBUG - compileterm
2025-04-14 15:04:23 - root - DEBUG - compileStatements
2025-04-14 15:04:23 - root - DEBUG - if
2025-04-14 15:04:23 - root - DEBUG - compileExpression
2025-04-14 15:04:23 - root - DEBUG - compileterm
2025-04-14 15:04:23 - root - DEBUG - compileterm
2025-04-14 15:04:23 - root - DEBUG - compileExpression
2025-04-14 15:04:23 - root - DEBUG - compileterm
2025-04-14 15:04:23 - root - DEBUG - compileExpression
2025-04-14 15:04:23 - root - DEBUG - compileterm
2025-04-14 15:04:23 - root - DEBUG - compileterm
2025-04-14 15:04:23 - root - DEBUG - compileterm
2025-04-14 15:04:23 - root - DEBUG - compileStatements
2025-04-14 15:04:23 - root - DEBUG - do
2025-04-14 15:04:23 - root - DEBUG - subroutineCall
2025-04-14 15:04:23 - root - DEBUG - compileExpressionList
2025-04-14 15:04:23 - root - DEBUG - compileExpression
2025-04-14 15:04:23 - root - DEBUG - compileterm
2025-04-14 15:04:23 - root - DEBUG - compileterm
2025-04-14 15:04:23 - root - DEBUG - compileExpression
2025-04-14 15:04:23 - root - DEBUG - compileterm
2025-04-14 15:04:23 - root - DEBUG - exitingEXPLIST
2025-04-14 15:04:23 - root - DEBUG - compileStatements
2025-04-14 15:04:23 - root - DEBUG - do
2025-04-14 15:04:23 - root - DEBUG - subroutineCall
2025-04-14 15:04:23 - root - DEBUG - compileExpressionList
2025-04-14 15:04:23 - root - DEBUG - compileExpression
2025-04-14 15:04:23 - root - DEBUG - compileterm
2025-04-14 15:04:23 - root - DEBUG - compileterm
2025-04-14 15:04:23 - root - DEBUG - compileExpression
2025-04-14 15:04:23 - root - DEBUG - compileterm
2025-04-14 15:04:23 - root - DEBUG - exitingEXPLIST
2025-04-14 15:04:23 - root - DEBUG - compileStatements
2025-04-14 15:04:23 - root - DEBUG - let
2025-04-14 15:04:23 - root - DEBUG - compileExpression
2025-04-14 15:04:23 - root - DEBUG - compileterm
2025-04-14 15:04:23 - root - DEBUG - return
2025-04-14 15:04:23 - root - DEBUG - compileSubroutine
2025-04-14 15:04:23 - root - DEBUG - current token = "int"
2025-04-14 15:04:23 - root - DEBUG - compileparameterlist
2025-04-14 15:04:23 - root - DEBUG - int
2025-04-14 15:04:23 - root - DEBUG - mask
2025-04-14 15:04:23 - root - DEBUG - exiting
2025-04-14 15:04:23 - root - DEBUG - )
2025-04-14 15:04:23 - root - DEBUG - compilesubroutinebody
2025-04-14 15:04:23 - root - DEBUG - compileStatements
2025-04-14 15:04:23 - root - DEBUG - if
2025-04-14 15:04:23 - root - DEBUG - compileExpression
2025-04-14 15:04:23 - root - DEBUG - compileterm
2025-04-14 15:04:23 - root - DEBUG - compileterm
2025-04-14 15:04:23 - root - DEBUG - compileStatements
2025-04-14 15:04:23 - root - DEBUG - return
2025-04-14 15:04:23 - root - DEBUG - compileExpression
2025-04-14 15:04:23 - root - DEBUG - compileterm
2025-04-14 15:04:23 - root - DEBUG - compileStatements
2025-04-14 15:04:23 - root - DEBUG - return
2025-04-14 15:04:23 - root - DEBUG - compileExpression
2025-04-14 15:04:23 - root - DEBUG - compileterm
2025-04-14 15:04:23 - root - DEBUG - compileterm
2025-04-14 15:04:23 - root - DEBUG - compileSubroutine
2025-04-14 15:04:23 - root - DEBUG - current token = "int"
2025-04-14 15:04:23 - root - DEBUG - compileparameterlist
2025-04-14 15:04:23 - root - DEBUG - int
2025-04-14 15:04:23 - root - DEBUG - address
2025-04-14 15:04:23 - root - DEBUG - ,
2025-04-14 15:04:23 - root - DEBUG - int
2025-04-14 15:04:23 - root - DEBUG - length
2025-04-14 15:04:23 - root - DEBUG - ,
2025-04-14 15:04:23 - root - DEBUG - int
2025-04-14 15:04:23 - root - DEBUG - value
2025-04-14 15:04:23 - root - DEBUG - exiting
2025-04-14 15:04:23 - root - DEBUG - )
2025-04-14 15:04:23 - root - DEBUG - compilesubroutinebody
2025-04-14 15:04:23 - root - DEBUG - compileStatements
2025-04-14 15:04:23 - root - DEBUG - while
2025-04-14 15:04:23 - root - DEBUG - compileExpression
2025-04-14 15:04:23 - root - DEBUG - compileterm
2025-04-14 15:04:23 - root - DEBUG - compileterm
2025-04-14 15:04:23 - root - DEBUG - compileStatements
2025-04-14 15:04:23 - root - DEBUG - do
2025-04-14 15:04:23 - root - DEBUG - subroutineCall
2025-04-14 15:04:23 - root - DEBUG - compileExpressionList
2025-04-14 15:04:23 - root - DEBUG - compileExpression
2025-04-14 15:04:23 - root - DEBUG - compileterm
2025-04-14 15:04:23 - root - DEBUG - compileExpression
2025-04-14 15:04:23 - root - DEBUG - compileterm
2025-04-14 15:04:23 - root - DEBUG - exitingEXPLIST
2025-04-14 15:04:23 - root - DEBUG - let
2025-04-14 15:04:23 - root - DEBUG - compileExpression
2025-04-14 15:04:23 - root - DEBUG - compileterm
2025-04-14 15:04:23 - root - DEBUG - compileterm
2025-04-14 15:04:23 - root - DEBUG - let
2025-04-14 15:04:23 - root - DEBUG - compileExpression
2025-04-14 15:04:23 - root - DEBUG - compileterm
2025-04-14 15:04:23 - root - DEBUG - compileterm
2025-04-14 15:04:23 - root - DEBUG - return
2025-04-14 15:17:21 - root - DEBUG - compileClass
2025-04-14 15:17:21 - root - DEBUG - compileSubroutine
2025-04-14 15:17:21 - root - DEBUG - current token = ")"
2025-04-14 15:17:21 - root - DEBUG - compileparameterlist
2025-04-14 15:17:21 - root - DEBUG - empty param list
2025-04-14 15:17:21 - root - DEBUG - compilesubroutinebody
2025-04-14 15:17:21 - root - DEBUG - compilevardec
2025-04-14 15:17:21 - root - DEBUG - compileStatements
2025-04-14 15:17:21 - root - DEBUG - do
2025-04-14 15:17:21 - root - DEBUG - subroutineCall
2025-04-14 15:17:21 - root - DEBUG - compileExpressionList
2025-04-14 15:17:21 - root - DEBUG - compileExpression
2025-04-14 15:17:21 - root - DEBUG - compileterm
2025-04-14 15:17:21 - root - DEBUG - compileExpression
2025-04-14 15:17:21 - root - DEBUG - compileterm
2025-04-14 15:17:21 - root - DEBUG - compileExpression
2025-04-14 15:17:21 - root - DEBUG - compileterm
2025-04-14 15:17:21 - root - DEBUG - compileterm
2025-04-14 15:17:21 - root - DEBUG - exitingEXPLIST
2025-04-14 15:17:21 - root - DEBUG - let
2025-04-14 15:17:21 - root - DEBUG - compileExpression
2025-04-14 15:17:21 - root - DEBUG - compileterm
2025-04-14 15:17:21 - root - DEBUG - subroutineCall
2025-04-14 15:17:21 - root - DEBUG - compileExpressionList
2025-04-14 15:17:21 - root - DEBUG - compileExpression
2025-04-14 15:17:21 - root - DEBUG - compileterm
2025-04-14 15:17:21 - root - DEBUG - exitingEXPLIST
2025-04-14 15:17:21 - root - DEBUG - do
2025-04-14 15:17:21 - root - DEBUG - subroutineCall
2025-04-14 15:17:21 - root - DEBUG - compileExpressionList
2025-04-14 15:17:21 - root - DEBUG - compileExpression
2025-04-14 15:17:21 - root - DEBUG - compileterm
2025-04-14 15:17:21 - root - DEBUG - exitingEXPLIST
2025-04-14 15:17:21 - root - DEBUG - return
2025-04-14 15:17:21 - root - DEBUG - compileSubroutine
2025-04-14 15:17:21 - root - DEBUG - current token = "int"
2025-04-14 15:17:21 - root - DEBUG - compileparameterlist
2025-04-14 15:17:21 - root - DEBUG - int
2025-04-14 15:17:21 - root - DEBUG - value
2025-04-14 15:17:21 - root - DEBUG - exiting
2025-04-14 15:17:21 - root - DEBUG - )
2025-04-14 15:17:21 - root - DEBUG - compilesubroutinebody
2025-04-14 15:17:21 - root - DEBUG - compilevardec
2025-04-14 15:17:21 - root - DEBUG - compilevardec
2025-04-14 15:17:21 - root - DEBUG - compileStatements
2025-04-14 15:17:21 - root - DEBUG - let
2025-04-14 15:17:21 - root - DEBUG - compileExpression
2025-04-14 15:17:21 - root - DEBUG - compileterm
2025-04-14 15:17:21 - root - DEBUG - while
2025-04-14 15:17:21 - root - DEBUG - compileExpression
2025-04-14 15:17:21 - root - DEBUG - compileterm
2025-04-14 15:17:21 - root - DEBUG - compileStatements
2025-04-14 15:17:21 - root - DEBUG - let
2025-04-14 15:17:21 - root - DEBUG - compileExpression
2025-04-14 15:17:21 - root - DEBUG - compileterm
2025-04-14 15:17:21 - root - DEBUG - compileterm
2025-04-14 15:17:21 - root - DEBUG - let
2025-04-14 15:17:21 - root - DEBUG - compileExpression
2025-04-14 15:17:21 - root - DEBUG - compileterm
2025-04-14 15:17:21 - root - DEBUG - subroutineCall
2025-04-14 15:17:21 - root - DEBUG - compileExpressionList
2025-04-14 15:17:21 - root - DEBUG - compileExpression
2025-04-14 15:17:21 - root - DEBUG - compileterm
2025-04-14 15:17:21 - root - DEBUG - exitingEXPLIST
2025-04-14 15:17:21 - root - DEBUG - if
2025-04-14 15:17:21 - root - DEBUG - compileExpression
2025-04-14 15:17:21 - root - DEBUG - compileterm
2025-04-14 15:17:21 - root - DEBUG - compileterm
2025-04-14 15:17:21 - root - DEBUG - compileExpression
2025-04-14 15:17:21 - root - DEBUG - compileterm
2025-04-14 15:17:21 - root - DEBUG - compileterm
2025-04-14 15:17:21 - root - DEBUG - compileStatements
2025-04-14 15:17:21 - root - DEBUG - if
2025-04-14 15:17:21 - root - DEBUG - compileExpression
2025-04-14 15:17:21 - root - DEBUG - compileterm
2025-04-14 15:17:21 - root - DEBUG - compileterm
2025-04-14 15:17:21 - root - DEBUG - compileExpression
2025-04-14 15:17:21 - root - DEBUG - compileterm
2025-04-14 15:17:21 - root - DEBUG - compileExpression
2025-04-14 15:17:21 - root - DEBUG - compileterm
2025-04-14 15:17:21 - root - DEBUG - compileterm
2025-04-14 15:17:21 - root - DEBUG - compileterm
2025-04-14 15:17:21 - root - DEBUG - compileStatements
2025-04-14 15:17:21 - root - DEBUG - do
2025-04-14 15:17:21 - root - DEBUG - subroutineCall
2025-04-14 15:17:21 - root - DEBUG - compileExpressionList
2025-04-14 15:17:21 - root - DEBUG - compileExpression
2025-04-14 15:17:21 - root - DEBUG - compileterm
2025-04-14 15:17:21 - root - DEBUG - compileterm
2025-04-14 15:17:21 - root - DEBUG - compileExpression
2025-04-14 15:17:21 - root - DEBUG - compileterm
2025-04-14 15:17:21 - root - DEBUG - exitingEXPLIST
2025-04-14 15:17:21 - root - DEBUG - compileStatements
2025-04-14 15:17:21 - root - DEBUG - do
2025-04-14 15:17:21 - root - DEBUG - subroutineCall
2025-04-14 15:17:21 - root - DEBUG - compileExpressionList
2025-04-14 15:17:21 - root - DEBUG - compileExpression
2025-04-14 15:17:21 - root - DEBUG - compileterm
2025-04-14 15:17:21 - root - DEBUG - compileterm
2025-04-14 15:17:21 - root - DEBUG - compileExpression
2025-04-14 15:17:21 - root - DEBUG - compileterm
2025-04-14 15:17:21 - root - DEBUG - exitingEXPLIST
2025-04-14 15:17:21 - root - DEBUG - compileStatements
2025-04-14 15:17:21 - root - DEBUG - let
2025-04-14 15:17:21 - root - DEBUG - compileExpression
2025-04-14 15:17:21 - root - DEBUG - compileterm
2025-04-14 15:17:21 - root - DEBUG - return
2025-04-14 15:17:21 - root - DEBUG - compileSubroutine
2025-04-14 15:17:21 - root - DEBUG - current token = "int"
2025-04-14 15:17:21 - root - DEBUG - compileparameterlist
2025-04-14 15:17:21 - root - DEBUG - int
2025-04-14 15:17:21 - root - DEBUG - mask
2025-04-14 15:17:21 - root - DEBUG - exiting
2025-04-14 15:17:21 - root - DEBUG - )
2025-04-14 15:17:21 - root - DEBUG - compilesubroutinebody
2025-04-14 15:17:21 - root - DEBUG - compileStatements
2025-04-14 15:17:21 - root - DEBUG - if
2025-04-14 15:17:21 - root - DEBUG - compileExpression
2025-04-14 15:17:21 - root - DEBUG - compileterm
2025-04-14 15:17:21 - root - DEBUG - compileterm
2025-04-14 15:17:21 - root - DEBUG - compileStatements
2025-04-14 15:17:21 - root - DEBUG - return
2025-04-14 15:17:21 - root - DEBUG - compileExpression
2025-04-14 15:17:21 - root - DEBUG - compileterm
2025-04-14 15:17:21 - root - DEBUG - compileStatements
2025-04-14 15:17:21 - root - DEBUG - return
2025-04-14 15:17:21 - root - DEBUG - compileExpression
2025-04-14 15:17:21 - root - DEBUG - compileterm
2025-04-14 15:17:21 - root - DEBUG - compileterm
2025-04-14 15:17:21 - root - DEBUG - compileSubroutine
2025-04-14 15:17:21 - root - DEBUG - current token = "int"
2025-04-14 15:17:21 - root - DEBUG - compileparameterlist
2025-04-14 15:17:21 - root - DEBUG - int
2025-04-14 15:17:21 - root - DEBUG - address
2025-04-14 15:17:21 - root - DEBUG - ,
2025-04-14 15:17:21 - root - DEBUG - int
2025-04-14 15:17:21 - root - DEBUG - length
2025-04-14 15:17:21 - root - DEBUG - ,
2025-04-14 15:17:21 - root - DEBUG - int
2025-04-14 15:17:21 - root - DEBUG - value
2025-04-14 15:17:21 - root - DEBUG - exiting
2025-04-14 15:17:21 - root - DEBUG - )
2025-04-14 15:17:21 - root - DEBUG - compilesubroutinebody
2025-04-14 15:17:21 - root - DEBUG - compileStatements
2025-04-14 15:17:21 - root - DEBUG - while
2025-04-14 15:17:21 - root - DEBUG - compileExpression
2025-04-14 15:17:21 - root - DEBUG - compileterm
2025-04-14 15:17:21 - root - DEBUG - compileterm
2025-04-14 15:17:21 - root - DEBUG - compileStatements
2025-04-14 15:17:21 - root - DEBUG - do
2025-04-14 15:17:21 - root - DEBUG - subroutineCall
2025-04-14 15:17:21 - root - DEBUG - compileExpressionList
2025-04-14 15:17:21 - root - DEBUG - compileExpression
2025-04-14 15:17:21 - root - DEBUG - compileterm
2025-04-14 15:17:21 - root - DEBUG - compileExpression
2025-04-14 15:17:21 - root - DEBUG - compileterm
2025-04-14 15:17:21 - root - DEBUG - exitingEXPLIST
2025-04-14 15:17:21 - root - DEBUG - let
2025-04-14 15:17:21 - root - DEBUG - compileExpression
2025-04-14 15:17:21 - root - DEBUG - compileterm
2025-04-14 15:17:21 - root - DEBUG - compileterm
2025-04-14 15:17:21 - root - DEBUG - let
2025-04-14 15:17:21 - root - DEBUG - compileExpression
2025-04-14 15:17:21 - root - DEBUG - compileterm
2025-04-14 15:17:21 - root - DEBUG - compileterm
2025-04-14 15:17:21 - root - DEBUG - return
