2025-04-14 00:09:38 - root - DEBUG - compileClass
2025-04-14 00:09:38 - root - DEBUG - compileSubroutine
2025-04-14 00:09:38 - root - DEBUG - current token = ")"
2025-04-14 00:09:38 - root - DEBUG - compilesubroutinebody
2025-04-14 00:09:38 - root - DEBUG - compilevardec
2025-04-14 00:09:38 - root - DEBUG - compileStatements
2025-04-14 00:09:38 - root - DEBUG - let
2025-04-14 00:09:38 - root - DEBUG - compileExpression
2025-04-14 00:09:38 - root - DEBUG - compileterm
2025-04-14 00:09:38 - root - DEBUG - subroutineCall
2025-04-14 00:09:38 - root - DEBUG - compileExpressionList
2025-04-14 00:09:38 - root - DEBUG - compileExpression
2025-04-14 00:09:38 - root - DEBUG - compileterm
2025-04-14 00:09:38 - root - DEBUG - exitingEXPLIST
2025-04-14 00:09:38 - root - DEBUG - let
2025-04-14 00:09:38 - root - DEBUG - compileExpression
2025-04-14 00:09:38 - root - DEBUG - compileterm
2025-04-14 00:09:38 - root - DEBUG - subroutineCall
2025-04-14 00:09:38 - root - DEBUG - compileExpressionList
2025-04-14 00:09:38 - root - DEBUG - compileExpression
2025-04-14 00:09:38 - root - DEBUG - compileterm
2025-04-14 00:09:38 - root - DEBUG - exitingEXPLIST
2025-04-14 00:09:38 - root - DEBUG - let
2025-04-14 00:09:38 - root - DEBUG - compileExpression
2025-04-14 00:09:38 - root - DEBUG - compileterm
2025-04-14 00:09:38 - root - DEBUG - subroutineCall
2025-04-14 00:09:38 - root - DEBUG - compileExpressionList
2025-04-14 00:09:38 - root - DEBUG - compileExpression
2025-04-14 00:09:38 - root - DEBUG - compileterm
2025-04-14 00:09:38 - root - DEBUG - exitingEXPLIST
2025-04-14 00:09:38 - root - DEBUG - let
2025-04-14 00:09:38 - root - DEBUG - compileExpression
2025-04-14 00:09:38 - root - DEBUG - compileterm
2025-04-14 00:09:38 - root - DEBUG - compileExpression
2025-04-14 00:09:38 - root - DEBUG - compileterm
2025-04-14 00:09:38 - root - DEBUG - let
2025-04-14 00:09:38 - root - DEBUG - compileExpression
2025-04-14 00:09:38 - root - DEBUG - compileterm
2025-04-14 00:09:38 - root - DEBUG - compileExpression
2025-04-14 00:09:38 - root - DEBUG - compileterm
2025-04-14 00:09:38 - root - DEBUG - let
2025-04-14 00:09:38 - root - DEBUG - compileExpression
2025-04-14 00:09:38 - root - DEBUG - compileterm
2025-04-14 00:09:38 - root - DEBUG - compileExpression
2025-04-14 00:09:38 - root - DEBUG - compileterm
2025-04-14 00:09:38 - root - DEBUG - let
2025-04-14 00:09:38 - root - DEBUG - compileExpression
2025-04-14 00:09:38 - root - DEBUG - compileterm
2025-04-14 00:09:38 - root - DEBUG - compileExpression
2025-04-14 00:09:38 - root - DEBUG - compileterm
2025-04-14 00:09:38 - root - DEBUG - compileExpression
2025-04-14 00:09:38 - root - DEBUG - compileterm
2025-04-14 00:09:38 - root - DEBUG - compileExpression
2025-04-14 00:09:38 - root - DEBUG - compileterm
2025-04-14 00:09:38 - root - DEBUG - compileterm
2025-04-14 00:09:38 - root - DEBUG - let
2025-04-14 00:09:38 - root - DEBUG - compileExpression
2025-04-14 00:09:38 - root - DEBUG - compileterm
2025-04-14 00:09:38 - root - DEBUG - compileExpression
2025-04-14 00:09:38 - root - DEBUG - compileterm
2025-04-14 00:09:38 - root - DEBUG - compileExpression
2025-04-14 00:09:38 - root - DEBUG - compileterm
2025-04-14 00:09:38 - root - DEBUG - compileExpression
2025-04-14 00:09:38 - root - DEBUG - compileterm
2025-04-14 00:09:38 - root - DEBUG - compileExpression
2025-04-14 00:09:38 - root - DEBUG - compileterm
2025-04-14 00:09:38 - root - DEBUG - compileExpression
2025-04-14 00:09:38 - root - DEBUG - compileterm
2025-04-14 00:09:38 - root - DEBUG - compileterm
2025-04-14 00:09:38 - root - DEBUG - compileExpression
2025-04-14 00:09:38 - root - DEBUG - compileterm
2025-04-14 00:09:38 - root - DEBUG - compileExpression
2025-04-14 00:09:38 - root - DEBUG - compileterm
2025-04-14 00:09:38 - root - DEBUG - compileExpression
2025-04-14 00:09:38 - root - DEBUG - compileterm
2025-04-14 00:09:38 - root - DEBUG - compileterm
2025-04-14 00:09:38 - root - DEBUG - compileExpression
2025-04-14 00:09:38 - root - DEBUG - compileterm
2025-04-14 00:09:38 - root - DEBUG - compileterm
2025-04-14 00:09:38 - root - DEBUG - subroutineCall
2025-04-14 00:09:38 - root - DEBUG - compileExpressionList
2025-04-14 00:09:38 - root - DEBUG - compileExpression
2025-04-14 00:09:38 - root - DEBUG - compileterm
2025-04-14 00:09:38 - root - DEBUG - exitingEXPLIST
2025-04-14 00:09:38 - root - DEBUG - compileterm
2025-04-14 00:09:38 - root - DEBUG - let
2025-04-14 00:09:38 - root - DEBUG - compileExpression
2025-04-14 00:09:38 - root - DEBUG - compileterm
2025-04-14 00:09:38 - root - DEBUG - compileExpression
2025-04-14 00:09:38 - root - DEBUG - compileterm
2025-04-14 00:09:38 - root - DEBUG - let
2025-04-14 00:09:38 - root - DEBUG - compileExpression
2025-04-14 00:09:38 - root - DEBUG - compileterm
2025-04-14 00:09:38 - root - DEBUG - compileExpression
2025-04-14 00:09:38 - root - DEBUG - compileterm
2025-04-14 00:09:38 - root - DEBUG - do
2025-04-14 00:09:38 - root - DEBUG - subroutineCall
2025-04-14 00:09:38 - root - DEBUG - compileExpressionList
2025-04-14 00:09:38 - root - DEBUG - compileExpression
2025-04-14 00:09:38 - root - DEBUG - compileterm
2025-04-14 00:09:38 - root - DEBUG - exitingEXPLIST
2025-04-14 00:09:38 - root - DEBUG - do
2025-04-14 00:09:38 - root - DEBUG - subroutineCall
2025-04-14 00:09:38 - root - DEBUG - compileExpressionList
2025-04-14 00:09:38 - root - DEBUG - compileExpression
2025-04-14 00:09:38 - root - DEBUG - compileterm
2025-04-14 00:09:38 - root - DEBUG - compileExpression
2025-04-14 00:09:38 - root - DEBUG - compileterm
2025-04-14 00:09:38 - root - DEBUG - exitingEXPLIST
2025-04-14 00:09:38 - root - DEBUG - do
2025-04-14 00:09:38 - root - DEBUG - subroutineCall
2025-04-14 00:09:38 - root - DEBUG - compileExpressionList
2025-04-14 00:09:38 - root - DEBUG - empty exp list
2025-04-14 00:09:38 - root - DEBUG - do
2025-04-14 00:09:38 - root - DEBUG - subroutineCall
2025-04-14 00:09:38 - root - DEBUG - compileExpressionList
2025-04-14 00:09:38 - root - DEBUG - compileExpression
2025-04-14 00:09:38 - root - DEBUG - compileterm
2025-04-14 00:09:38 - root - DEBUG - exitingEXPLIST
2025-04-14 00:09:38 - root - DEBUG - do
2025-04-14 00:09:38 - root - DEBUG - subroutineCall
2025-04-14 00:09:38 - root - DEBUG - compileExpressionList
2025-04-14 00:09:38 - root - DEBUG - compileExpression
2025-04-14 00:09:38 - root - DEBUG - compileterm
2025-04-14 00:09:38 - root - DEBUG - compileExpression
2025-04-14 00:09:38 - root - DEBUG - compileterm
2025-04-14 00:09:38 - root - DEBUG - exitingEXPLIST
2025-04-14 00:09:38 - root - DEBUG - do
2025-04-14 00:09:38 - root - DEBUG - subroutineCall
2025-04-14 00:09:38 - root - DEBUG - compileExpressionList
2025-04-14 00:09:38 - root - DEBUG - empty exp list
2025-04-14 00:09:38 - root - DEBUG - do
2025-04-14 00:09:38 - root - DEBUG - subroutineCall
2025-04-14 00:09:38 - root - DEBUG - compileExpressionList
2025-04-14 00:09:38 - root - DEBUG - compileExpression
2025-04-14 00:09:38 - root - DEBUG - compileterm
2025-04-14 00:09:38 - root - DEBUG - exitingEXPLIST
2025-04-14 00:09:38 - root - DEBUG - do
2025-04-14 00:09:38 - root - DEBUG - subroutineCall
2025-04-14 00:09:38 - root - DEBUG - compileExpressionList
2025-04-14 00:09:38 - root - DEBUG - compileExpression
2025-04-14 00:09:38 - root - DEBUG - compileterm
2025-04-14 00:09:38 - root - DEBUG - exitingEXPLIST
2025-04-14 00:09:38 - root - DEBUG - do
2025-04-14 00:09:38 - root - DEBUG - subroutineCall
2025-04-14 00:09:38 - root - DEBUG - compileExpressionList
2025-04-14 00:09:38 - root - DEBUG - empty exp list
2025-04-14 00:09:38 - root - DEBUG - let
2025-04-14 00:09:38 - root - DEBUG - compileExpression
2025-04-14 00:09:38 - root - DEBUG - compileterm
2025-04-14 00:09:38 - root - DEBUG - if
2025-04-14 00:09:38 - root - DEBUG - compileExpression
2025-04-14 00:09:38 - root - DEBUG - compileterm
2025-04-14 00:09:38 - root - DEBUG - compileterm
2025-04-14 00:09:38 - root - DEBUG - compileStatements
2025-04-14 00:09:38 - root - DEBUG - do
2025-04-14 00:09:38 - root - DEBUG - subroutineCall
2025-04-14 00:09:38 - root - DEBUG - compileExpressionList
2025-04-14 00:09:38 - root - DEBUG - compileExpression
2025-04-14 00:09:38 - root - DEBUG - compileterm
2025-04-14 00:09:38 - root - DEBUG - compileExpression
2025-04-14 00:09:38 - root - DEBUG - compileterm
2025-04-14 00:09:38 - root - DEBUG - exitingEXPLIST
2025-04-14 00:09:38 - root - DEBUG - let
2025-04-14 00:09:38 - root - DEBUG - compileExpression
2025-04-14 00:09:38 - root - DEBUG - compileterm
2025-04-14 00:09:38 - root - DEBUG - compileExpression
2025-04-14 00:09:38 - root - DEBUG - compileterm
2025-04-14 00:09:38 - root - DEBUG - let
2025-04-14 00:09:38 - root - DEBUG - compileExpression
2025-04-14 00:09:38 - root - DEBUG - compileterm
2025-04-14 00:09:38 - root - DEBUG - compileExpression
2025-04-14 00:09:38 - root - DEBUG - compileterm
2025-04-14 00:09:38 - root - DEBUG - let
2025-04-14 00:09:38 - root - DEBUG - compileExpression
2025-04-14 00:09:38 - root - DEBUG - compileterm
2025-04-14 00:09:38 - root - DEBUG - compileExpression
2025-04-14 00:09:38 - root - DEBUG - compileterm
2025-04-14 00:09:38 - root - DEBUG - let
2025-04-14 00:09:38 - root - DEBUG - compileExpression
2025-04-14 00:09:38 - root - DEBUG - compileterm
2025-04-14 00:09:38 - root - DEBUG - compileExpression
2025-04-14 00:09:38 - root - DEBUG - compileterm
2025-04-14 00:09:38 - root - DEBUG - let
2025-04-14 00:09:38 - root - DEBUG - compileExpression
2025-04-14 00:09:38 - root - DEBUG - compileterm
2025-04-14 00:09:38 - root - DEBUG - compileExpression
2025-04-14 00:09:38 - root - DEBUG - compileterm
2025-04-14 00:09:38 - root - DEBUG - let
2025-04-14 00:09:38 - root - DEBUG - compileExpression
2025-04-14 00:09:38 - root - DEBUG - compileterm
2025-04-14 00:09:38 - root - DEBUG - compileExpression
2025-04-14 00:09:38 - root - DEBUG - compileterm
2025-04-14 00:09:38 - root - DEBUG - compileExpression
2025-04-14 00:09:38 - root - DEBUG - compileterm
2025-04-14 00:09:38 - root - DEBUG - compileterm
2025-04-14 00:09:38 - root - DEBUG - compileExpression
2025-04-14 00:09:38 - root - DEBUG - compileterm
2025-04-14 00:09:38 - root - DEBUG - do
2025-04-14 00:09:38 - root - DEBUG - subroutineCall
2025-04-14 00:09:38 - root - DEBUG - compileExpressionList
2025-04-14 00:09:38 - root - DEBUG - compileExpression
2025-04-14 00:09:38 - root - DEBUG - compileterm
2025-04-14 00:09:38 - root - DEBUG - exitingEXPLIST
2025-04-14 00:09:38 - root - DEBUG - do
2025-04-14 00:09:38 - root - DEBUG - subroutineCall
2025-04-14 00:09:38 - root - DEBUG - compileExpressionList
2025-04-14 00:09:38 - root - DEBUG - compileExpression
2025-04-14 00:09:38 - root - DEBUG - compileterm
2025-04-14 00:09:38 - root - DEBUG - compileExpression
2025-04-14 00:09:38 - root - DEBUG - compileterm
2025-04-14 00:09:38 - root - DEBUG - exitingEXPLIST
2025-04-14 00:09:38 - root - DEBUG - do
2025-04-14 00:09:38 - root - DEBUG - subroutineCall
2025-04-14 00:09:38 - root - DEBUG - compileExpressionList
2025-04-14 00:09:38 - root - DEBUG - empty exp list
2025-04-14 00:09:38 - root - DEBUG - do
2025-04-14 00:09:38 - root - DEBUG - subroutineCall
2025-04-14 00:09:38 - root - DEBUG - compileExpressionList
2025-04-14 00:09:38 - root - DEBUG - compileExpression
2025-04-14 00:09:38 - root - DEBUG - compileterm
2025-04-14 00:09:38 - root - DEBUG - exitingEXPLIST
2025-04-14 00:09:38 - root - DEBUG - do
2025-04-14 00:09:38 - root - DEBUG - subroutineCall
2025-04-14 00:09:38 - root - DEBUG - compileExpressionList
2025-04-14 00:09:38 - root - DEBUG - compileExpression
2025-04-14 00:09:38 - root - DEBUG - compileterm
2025-04-14 00:09:38 - root - DEBUG - compileExpression
2025-04-14 00:09:38 - root - DEBUG - compileterm
2025-04-14 00:09:38 - root - DEBUG - exitingEXPLIST
2025-04-14 00:09:38 - root - DEBUG - do
2025-04-14 00:09:38 - root - DEBUG - subroutineCall
2025-04-14 00:09:38 - root - DEBUG - compileExpressionList
2025-04-14 00:09:38 - root - DEBUG - empty exp list
2025-04-14 00:09:38 - root - DEBUG - return
2025-04-14 00:09:38 - root - DEBUG - compileSubroutine
2025-04-14 00:09:38 - root - DEBUG - current token = "int"
2025-04-14 00:11:30 - root - DEBUG - compileClass
2025-04-14 00:11:30 - root - DEBUG - compileSubroutine
2025-04-14 00:11:30 - root - DEBUG - current token = ")"
2025-04-14 00:11:30 - root - DEBUG - compilesubroutinebody
2025-04-14 00:11:30 - root - DEBUG - compilevardec
2025-04-14 00:11:30 - root - DEBUG - compileStatements
2025-04-14 00:11:30 - root - DEBUG - let
2025-04-14 00:11:30 - root - DEBUG - compileExpression
2025-04-14 00:11:30 - root - DEBUG - compileterm
2025-04-14 00:11:30 - root - DEBUG - subroutineCall
2025-04-14 00:11:30 - root - DEBUG - compileExpressionList
2025-04-14 00:11:30 - root - DEBUG - compileExpression
2025-04-14 00:11:30 - root - DEBUG - compileterm
2025-04-14 00:11:30 - root - DEBUG - exitingEXPLIST
2025-04-14 00:11:30 - root - DEBUG - let
2025-04-14 00:11:30 - root - DEBUG - compileExpression
2025-04-14 00:11:30 - root - DEBUG - compileterm
2025-04-14 00:11:30 - root - DEBUG - subroutineCall
2025-04-14 00:11:30 - root - DEBUG - compileExpressionList
2025-04-14 00:11:30 - root - DEBUG - compileExpression
2025-04-14 00:11:30 - root - DEBUG - compileterm
2025-04-14 00:11:30 - root - DEBUG - exitingEXPLIST
2025-04-14 00:11:30 - root - DEBUG - let
2025-04-14 00:11:30 - root - DEBUG - compileExpression
2025-04-14 00:11:30 - root - DEBUG - compileterm
2025-04-14 00:11:30 - root - DEBUG - subroutineCall
2025-04-14 00:11:30 - root - DEBUG - compileExpressionList
2025-04-14 00:11:30 - root - DEBUG - compileExpression
2025-04-14 00:11:30 - root - DEBUG - compileterm
2025-04-14 00:11:30 - root - DEBUG - exitingEXPLIST
2025-04-14 00:11:30 - root - DEBUG - let
2025-04-14 00:11:30 - root - DEBUG - compileExpression
2025-04-14 00:11:30 - root - DEBUG - compileterm
2025-04-14 00:11:30 - root - DEBUG - compileExpression
2025-04-14 00:11:30 - root - DEBUG - compileterm
2025-04-14 00:11:30 - root - DEBUG - let
2025-04-14 00:11:30 - root - DEBUG - compileExpression
2025-04-14 00:11:30 - root - DEBUG - compileterm
2025-04-14 00:11:30 - root - DEBUG - compileExpression
2025-04-14 00:11:30 - root - DEBUG - compileterm
2025-04-14 00:11:30 - root - DEBUG - let
2025-04-14 00:11:30 - root - DEBUG - compileExpression
2025-04-14 00:11:30 - root - DEBUG - compileterm
2025-04-14 00:11:30 - root - DEBUG - compileExpression
2025-04-14 00:11:30 - root - DEBUG - compileterm
2025-04-14 00:11:30 - root - DEBUG - let
2025-04-14 00:11:30 - root - DEBUG - compileExpression
2025-04-14 00:11:30 - root - DEBUG - compileterm
2025-04-14 00:11:30 - root - DEBUG - compileExpression
2025-04-14 00:11:30 - root - DEBUG - compileterm
2025-04-14 00:11:30 - root - DEBUG - compileExpression
2025-04-14 00:11:30 - root - DEBUG - compileterm
2025-04-14 00:11:30 - root - DEBUG - compileExpression
2025-04-14 00:11:30 - root - DEBUG - compileterm
2025-04-14 00:11:30 - root - DEBUG - compileterm
2025-04-14 00:11:30 - root - DEBUG - let
2025-04-14 00:11:30 - root - DEBUG - compileExpression
2025-04-14 00:11:30 - root - DEBUG - compileterm
2025-04-14 00:11:30 - root - DEBUG - compileExpression
2025-04-14 00:11:30 - root - DEBUG - compileterm
2025-04-14 00:11:30 - root - DEBUG - compileExpression
2025-04-14 00:11:30 - root - DEBUG - compileterm
2025-04-14 00:11:30 - root - DEBUG - compileExpression
2025-04-14 00:11:30 - root - DEBUG - compileterm
2025-04-14 00:11:30 - root - DEBUG - compileExpression
2025-04-14 00:11:30 - root - DEBUG - compileterm
2025-04-14 00:11:30 - root - DEBUG - compileExpression
2025-04-14 00:11:30 - root - DEBUG - compileterm
2025-04-14 00:11:30 - root - DEBUG - compileterm
2025-04-14 00:11:30 - root - DEBUG - compileExpression
2025-04-14 00:11:30 - root - DEBUG - compileterm
2025-04-14 00:11:30 - root - DEBUG - compileExpression
2025-04-14 00:11:30 - root - DEBUG - compileterm
2025-04-14 00:11:30 - root - DEBUG - compileExpression
2025-04-14 00:11:30 - root - DEBUG - compileterm
2025-04-14 00:11:30 - root - DEBUG - compileterm
2025-04-14 00:11:30 - root - DEBUG - compileExpression
2025-04-14 00:11:30 - root - DEBUG - compileterm
2025-04-14 00:11:30 - root - DEBUG - compileterm
2025-04-14 00:11:30 - root - DEBUG - subroutineCall
2025-04-14 00:11:30 - root - DEBUG - compileExpressionList
2025-04-14 00:11:30 - root - DEBUG - compileExpression
2025-04-14 00:11:30 - root - DEBUG - compileterm
2025-04-14 00:11:30 - root - DEBUG - exitingEXPLIST
2025-04-14 00:11:30 - root - DEBUG - compileterm
2025-04-14 00:11:30 - root - DEBUG - let
2025-04-14 00:11:30 - root - DEBUG - compileExpression
2025-04-14 00:11:30 - root - DEBUG - compileterm
2025-04-14 00:11:30 - root - DEBUG - compileExpression
2025-04-14 00:11:30 - root - DEBUG - compileterm
2025-04-14 00:11:30 - root - DEBUG - let
2025-04-14 00:11:30 - root - DEBUG - compileExpression
2025-04-14 00:11:30 - root - DEBUG - compileterm
2025-04-14 00:11:30 - root - DEBUG - compileExpression
2025-04-14 00:11:30 - root - DEBUG - compileterm
2025-04-14 00:11:30 - root - DEBUG - do
2025-04-14 00:11:30 - root - DEBUG - subroutineCall
2025-04-14 00:11:30 - root - DEBUG - compileExpressionList
2025-04-14 00:11:30 - root - DEBUG - compileExpression
2025-04-14 00:11:30 - root - DEBUG - compileterm
2025-04-14 00:11:30 - root - DEBUG - exitingEXPLIST
2025-04-14 00:11:30 - root - DEBUG - do
2025-04-14 00:11:30 - root - DEBUG - subroutineCall
2025-04-14 00:11:30 - root - DEBUG - compileExpressionList
2025-04-14 00:11:30 - root - DEBUG - compileExpression
2025-04-14 00:11:30 - root - DEBUG - compileterm
2025-04-14 00:11:30 - root - DEBUG - compileExpression
2025-04-14 00:11:30 - root - DEBUG - compileterm
2025-04-14 00:11:30 - root - DEBUG - exitingEXPLIST
2025-04-14 00:11:30 - root - DEBUG - do
2025-04-14 00:11:30 - root - DEBUG - subroutineCall
2025-04-14 00:11:30 - root - DEBUG - compileExpressionList
2025-04-14 00:11:30 - root - DEBUG - empty exp list
2025-04-14 00:11:30 - root - DEBUG - do
2025-04-14 00:11:30 - root - DEBUG - subroutineCall
2025-04-14 00:11:30 - root - DEBUG - compileExpressionList
2025-04-14 00:11:30 - root - DEBUG - compileExpression
2025-04-14 00:11:30 - root - DEBUG - compileterm
2025-04-14 00:11:30 - root - DEBUG - exitingEXPLIST
2025-04-14 00:11:30 - root - DEBUG - do
2025-04-14 00:11:30 - root - DEBUG - subroutineCall
2025-04-14 00:11:30 - root - DEBUG - compileExpressionList
2025-04-14 00:11:30 - root - DEBUG - compileExpression
2025-04-14 00:11:30 - root - DEBUG - compileterm
2025-04-14 00:11:30 - root - DEBUG - compileExpression
2025-04-14 00:11:30 - root - DEBUG - compileterm
2025-04-14 00:11:30 - root - DEBUG - exitingEXPLIST
2025-04-14 00:11:30 - root - DEBUG - do
2025-04-14 00:11:30 - root - DEBUG - subroutineCall
2025-04-14 00:11:30 - root - DEBUG - compileExpressionList
2025-04-14 00:11:30 - root - DEBUG - empty exp list
2025-04-14 00:11:30 - root - DEBUG - do
2025-04-14 00:11:30 - root - DEBUG - subroutineCall
2025-04-14 00:11:30 - root - DEBUG - compileExpressionList
2025-04-14 00:11:30 - root - DEBUG - compileExpression
2025-04-14 00:11:30 - root - DEBUG - compileterm
2025-04-14 00:11:30 - root - DEBUG - exitingEXPLIST
2025-04-14 00:11:30 - root - DEBUG - do
2025-04-14 00:11:30 - root - DEBUG - subroutineCall
2025-04-14 00:11:30 - root - DEBUG - compileExpressionList
2025-04-14 00:11:30 - root - DEBUG - compileExpression
2025-04-14 00:11:30 - root - DEBUG - compileterm
2025-04-14 00:11:30 - root - DEBUG - exitingEXPLIST
2025-04-14 00:11:30 - root - DEBUG - do
2025-04-14 00:11:30 - root - DEBUG - subroutineCall
2025-04-14 00:11:30 - root - DEBUG - compileExpressionList
2025-04-14 00:11:30 - root - DEBUG - empty exp list
2025-04-14 00:11:30 - root - DEBUG - let
2025-04-14 00:11:30 - root - DEBUG - compileExpression
2025-04-14 00:11:30 - root - DEBUG - compileterm
2025-04-14 00:11:30 - root - DEBUG - if
2025-04-14 00:11:30 - root - DEBUG - compileExpression
2025-04-14 00:11:30 - root - DEBUG - compileterm
2025-04-14 00:11:30 - root - DEBUG - compileterm
2025-04-14 00:11:30 - root - DEBUG - compileStatements
2025-04-14 00:11:30 - root - DEBUG - do
2025-04-14 00:11:30 - root - DEBUG - subroutineCall
2025-04-14 00:11:30 - root - DEBUG - compileExpressionList
2025-04-14 00:11:30 - root - DEBUG - compileExpression
2025-04-14 00:11:30 - root - DEBUG - compileterm
2025-04-14 00:11:30 - root - DEBUG - compileExpression
2025-04-14 00:11:30 - root - DEBUG - compileterm
2025-04-14 00:11:30 - root - DEBUG - exitingEXPLIST
2025-04-14 00:11:30 - root - DEBUG - let
2025-04-14 00:11:30 - root - DEBUG - compileExpression
2025-04-14 00:11:30 - root - DEBUG - compileterm
2025-04-14 00:11:30 - root - DEBUG - compileExpression
2025-04-14 00:11:30 - root - DEBUG - compileterm
2025-04-14 00:11:30 - root - DEBUG - let
2025-04-14 00:11:30 - root - DEBUG - compileExpression
2025-04-14 00:11:30 - root - DEBUG - compileterm
2025-04-14 00:11:30 - root - DEBUG - compileExpression
2025-04-14 00:11:30 - root - DEBUG - compileterm
2025-04-14 00:11:30 - root - DEBUG - let
2025-04-14 00:11:30 - root - DEBUG - compileExpression
2025-04-14 00:11:30 - root - DEBUG - compileterm
2025-04-14 00:11:30 - root - DEBUG - compileExpression
2025-04-14 00:11:30 - root - DEBUG - compileterm
2025-04-14 00:11:30 - root - DEBUG - let
2025-04-14 00:11:30 - root - DEBUG - compileExpression
2025-04-14 00:11:30 - root - DEBUG - compileterm
2025-04-14 00:11:30 - root - DEBUG - compileExpression
2025-04-14 00:11:30 - root - DEBUG - compileterm
2025-04-14 00:11:30 - root - DEBUG - let
2025-04-14 00:11:30 - root - DEBUG - compileExpression
2025-04-14 00:11:30 - root - DEBUG - compileterm
2025-04-14 00:11:30 - root - DEBUG - compileExpression
2025-04-14 00:11:30 - root - DEBUG - compileterm
2025-04-14 00:11:30 - root - DEBUG - let
2025-04-14 00:11:30 - root - DEBUG - compileExpression
2025-04-14 00:11:30 - root - DEBUG - compileterm
2025-04-14 00:11:30 - root - DEBUG - compileExpression
2025-04-14 00:11:30 - root - DEBUG - compileterm
2025-04-14 00:11:30 - root - DEBUG - compileExpression
2025-04-14 00:11:30 - root - DEBUG - compileterm
2025-04-14 00:11:30 - root - DEBUG - compileterm
2025-04-14 00:11:30 - root - DEBUG - compileExpression
2025-04-14 00:11:30 - root - DEBUG - compileterm
2025-04-14 00:11:30 - root - DEBUG - do
2025-04-14 00:11:30 - root - DEBUG - subroutineCall
2025-04-14 00:11:30 - root - DEBUG - compileExpressionList
2025-04-14 00:11:30 - root - DEBUG - compileExpression
2025-04-14 00:11:30 - root - DEBUG - compileterm
2025-04-14 00:11:30 - root - DEBUG - exitingEXPLIST
2025-04-14 00:11:30 - root - DEBUG - do
2025-04-14 00:11:30 - root - DEBUG - subroutineCall
2025-04-14 00:11:30 - root - DEBUG - compileExpressionList
2025-04-14 00:11:30 - root - DEBUG - compileExpression
2025-04-14 00:11:30 - root - DEBUG - compileterm
2025-04-14 00:11:30 - root - DEBUG - compileExpression
2025-04-14 00:11:30 - root - DEBUG - compileterm
2025-04-14 00:11:30 - root - DEBUG - exitingEXPLIST
2025-04-14 00:11:30 - root - DEBUG - do
2025-04-14 00:11:30 - root - DEBUG - subroutineCall
2025-04-14 00:11:30 - root - DEBUG - compileExpressionList
2025-04-14 00:11:30 - root - DEBUG - empty exp list
2025-04-14 00:11:30 - root - DEBUG - do
2025-04-14 00:11:30 - root - DEBUG - subroutineCall
2025-04-14 00:11:30 - root - DEBUG - compileExpressionList
2025-04-14 00:11:30 - root - DEBUG - compileExpression
2025-04-14 00:11:30 - root - DEBUG - compileterm
2025-04-14 00:11:30 - root - DEBUG - exitingEXPLIST
2025-04-14 00:11:30 - root - DEBUG - do
2025-04-14 00:11:30 - root - DEBUG - subroutineCall
2025-04-14 00:11:30 - root - DEBUG - compileExpressionList
2025-04-14 00:11:30 - root - DEBUG - compileExpression
2025-04-14 00:11:30 - root - DEBUG - compileterm
2025-04-14 00:11:30 - root - DEBUG - compileExpression
2025-04-14 00:11:30 - root - DEBUG - compileterm
2025-04-14 00:11:30 - root - DEBUG - exitingEXPLIST
2025-04-14 00:11:30 - root - DEBUG - do
2025-04-14 00:11:30 - root - DEBUG - subroutineCall
2025-04-14 00:11:30 - root - DEBUG - compileExpressionList
2025-04-14 00:11:30 - root - DEBUG - empty exp list
2025-04-14 00:11:30 - root - DEBUG - return
2025-04-14 00:11:30 - root - DEBUG - compileSubroutine
2025-04-14 00:11:30 - root - DEBUG - current token = "int"
2025-04-14 00:15:12 - root - DEBUG - compileClass
2025-04-14 00:15:12 - root - DEBUG - compileSubroutine
2025-04-14 00:15:12 - root - DEBUG - current token = ")"
2025-04-14 00:15:12 - root - DEBUG - compilesubroutinebody
2025-04-14 00:15:12 - root - DEBUG - compilevardec
2025-04-14 00:15:12 - root - DEBUG - compileStatements
2025-04-14 00:15:12 - root - DEBUG - let
2025-04-14 00:15:12 - root - DEBUG - compileExpression
2025-04-14 00:15:12 - root - DEBUG - compileterm
2025-04-14 00:15:12 - root - DEBUG - subroutineCall
2025-04-14 00:15:12 - root - DEBUG - compileExpressionList
2025-04-14 00:15:12 - root - DEBUG - compileExpression
2025-04-14 00:15:12 - root - DEBUG - compileterm
2025-04-14 00:15:12 - root - DEBUG - exitingEXPLIST
2025-04-14 00:15:12 - root - DEBUG - let
2025-04-14 00:15:12 - root - DEBUG - compileExpression
2025-04-14 00:15:12 - root - DEBUG - compileterm
2025-04-14 00:15:12 - root - DEBUG - subroutineCall
2025-04-14 00:15:12 - root - DEBUG - compileExpressionList
2025-04-14 00:15:12 - root - DEBUG - compileExpression
2025-04-14 00:15:12 - root - DEBUG - compileterm
2025-04-14 00:15:12 - root - DEBUG - exitingEXPLIST
2025-04-14 00:15:12 - root - DEBUG - let
2025-04-14 00:15:12 - root - DEBUG - compileExpression
2025-04-14 00:15:12 - root - DEBUG - compileterm
2025-04-14 00:15:12 - root - DEBUG - subroutineCall
2025-04-14 00:15:12 - root - DEBUG - compileExpressionList
2025-04-14 00:15:12 - root - DEBUG - compileExpression
2025-04-14 00:15:12 - root - DEBUG - compileterm
2025-04-14 00:15:12 - root - DEBUG - exitingEXPLIST
2025-04-14 00:15:12 - root - DEBUG - let
2025-04-14 00:15:12 - root - DEBUG - compileExpression
2025-04-14 00:15:12 - root - DEBUG - compileterm
2025-04-14 00:15:12 - root - DEBUG - compileExpression
2025-04-14 00:15:12 - root - DEBUG - compileterm
2025-04-14 00:15:12 - root - DEBUG - let
2025-04-14 00:15:12 - root - DEBUG - compileExpression
2025-04-14 00:15:12 - root - DEBUG - compileterm
2025-04-14 00:15:12 - root - DEBUG - compileExpression
2025-04-14 00:15:12 - root - DEBUG - compileterm
2025-04-14 00:15:12 - root - DEBUG - let
2025-04-14 00:15:12 - root - DEBUG - compileExpression
2025-04-14 00:15:12 - root - DEBUG - compileterm
2025-04-14 00:15:12 - root - DEBUG - compileExpression
2025-04-14 00:15:12 - root - DEBUG - compileterm
2025-04-14 00:15:12 - root - DEBUG - let
2025-04-14 00:15:12 - root - DEBUG - compileExpression
2025-04-14 00:15:12 - root - DEBUG - compileterm
2025-04-14 00:15:12 - root - DEBUG - compileExpression
2025-04-14 00:15:12 - root - DEBUG - compileterm
2025-04-14 00:15:12 - root - DEBUG - compileExpression
2025-04-14 00:15:12 - root - DEBUG - compileterm
2025-04-14 00:15:12 - root - DEBUG - compileExpression
2025-04-14 00:15:12 - root - DEBUG - compileterm
2025-04-14 00:15:12 - root - DEBUG - compileterm
2025-04-14 00:15:12 - root - DEBUG - let
2025-04-14 00:15:12 - root - DEBUG - compileExpression
2025-04-14 00:15:12 - root - DEBUG - compileterm
2025-04-14 00:15:12 - root - DEBUG - compileExpression
2025-04-14 00:15:12 - root - DEBUG - compileterm
2025-04-14 00:15:12 - root - DEBUG - compileExpression
2025-04-14 00:15:12 - root - DEBUG - compileterm
2025-04-14 00:15:12 - root - DEBUG - compileExpression
2025-04-14 00:15:12 - root - DEBUG - compileterm
2025-04-14 00:15:12 - root - DEBUG - compileExpression
2025-04-14 00:15:12 - root - DEBUG - compileterm
2025-04-14 00:15:12 - root - DEBUG - compileExpression
2025-04-14 00:15:12 - root - DEBUG - compileterm
2025-04-14 00:15:12 - root - DEBUG - compileterm
2025-04-14 00:15:12 - root - DEBUG - compileExpression
2025-04-14 00:15:12 - root - DEBUG - compileterm
2025-04-14 00:15:12 - root - DEBUG - compileExpression
2025-04-14 00:15:12 - root - DEBUG - compileterm
2025-04-14 00:15:12 - root - DEBUG - compileExpression
2025-04-14 00:15:12 - root - DEBUG - compileterm
2025-04-14 00:15:12 - root - DEBUG - compileterm
2025-04-14 00:15:12 - root - DEBUG - compileExpression
2025-04-14 00:15:12 - root - DEBUG - compileterm
2025-04-14 00:15:12 - root - DEBUG - compileterm
2025-04-14 00:15:12 - root - DEBUG - subroutineCall
2025-04-14 00:15:12 - root - DEBUG - compileExpressionList
2025-04-14 00:15:12 - root - DEBUG - compileExpression
2025-04-14 00:15:12 - root - DEBUG - compileterm
2025-04-14 00:15:12 - root - DEBUG - exitingEXPLIST
2025-04-14 00:15:12 - root - DEBUG - compileterm
2025-04-14 00:15:12 - root - DEBUG - let
2025-04-14 00:15:12 - root - DEBUG - compileExpression
2025-04-14 00:15:12 - root - DEBUG - compileterm
2025-04-14 00:15:12 - root - DEBUG - compileExpression
2025-04-14 00:15:12 - root - DEBUG - compileterm
2025-04-14 00:15:12 - root - DEBUG - let
2025-04-14 00:15:12 - root - DEBUG - compileExpression
2025-04-14 00:15:12 - root - DEBUG - compileterm
2025-04-14 00:15:12 - root - DEBUG - compileExpression
2025-04-14 00:15:12 - root - DEBUG - compileterm
2025-04-14 00:15:12 - root - DEBUG - do
2025-04-14 00:15:12 - root - DEBUG - subroutineCall
2025-04-14 00:15:12 - root - DEBUG - compileExpressionList
2025-04-14 00:15:12 - root - DEBUG - compileExpression
2025-04-14 00:15:12 - root - DEBUG - compileterm
2025-04-14 00:15:12 - root - DEBUG - exitingEXPLIST
2025-04-14 00:15:12 - root - DEBUG - do
2025-04-14 00:15:12 - root - DEBUG - subroutineCall
2025-04-14 00:15:12 - root - DEBUG - compileExpressionList
2025-04-14 00:15:12 - root - DEBUG - compileExpression
2025-04-14 00:15:12 - root - DEBUG - compileterm
2025-04-14 00:15:12 - root - DEBUG - compileExpression
2025-04-14 00:15:12 - root - DEBUG - compileterm
2025-04-14 00:15:12 - root - DEBUG - exitingEXPLIST
2025-04-14 00:15:12 - root - DEBUG - do
2025-04-14 00:15:12 - root - DEBUG - subroutineCall
2025-04-14 00:15:12 - root - DEBUG - compileExpressionList
2025-04-14 00:15:12 - root - DEBUG - empty exp list
2025-04-14 00:15:12 - root - DEBUG - do
2025-04-14 00:15:12 - root - DEBUG - subroutineCall
2025-04-14 00:15:12 - root - DEBUG - compileExpressionList
2025-04-14 00:15:12 - root - DEBUG - compileExpression
2025-04-14 00:15:12 - root - DEBUG - compileterm
2025-04-14 00:15:12 - root - DEBUG - exitingEXPLIST
2025-04-14 00:15:12 - root - DEBUG - do
2025-04-14 00:15:12 - root - DEBUG - subroutineCall
2025-04-14 00:15:12 - root - DEBUG - compileExpressionList
2025-04-14 00:15:12 - root - DEBUG - compileExpression
2025-04-14 00:15:12 - root - DEBUG - compileterm
2025-04-14 00:15:12 - root - DEBUG - compileExpression
2025-04-14 00:15:12 - root - DEBUG - compileterm
2025-04-14 00:15:12 - root - DEBUG - exitingEXPLIST
2025-04-14 00:15:12 - root - DEBUG - do
2025-04-14 00:15:12 - root - DEBUG - subroutineCall
2025-04-14 00:15:12 - root - DEBUG - compileExpressionList
2025-04-14 00:15:12 - root - DEBUG - empty exp list
2025-04-14 00:15:12 - root - DEBUG - do
2025-04-14 00:15:12 - root - DEBUG - subroutineCall
2025-04-14 00:15:12 - root - DEBUG - compileExpressionList
2025-04-14 00:15:12 - root - DEBUG - compileExpression
2025-04-14 00:15:12 - root - DEBUG - compileterm
2025-04-14 00:15:12 - root - DEBUG - exitingEXPLIST
2025-04-14 00:15:12 - root - DEBUG - do
2025-04-14 00:15:12 - root - DEBUG - subroutineCall
2025-04-14 00:15:12 - root - DEBUG - compileExpressionList
2025-04-14 00:15:12 - root - DEBUG - compileExpression
2025-04-14 00:15:12 - root - DEBUG - compileterm
2025-04-14 00:15:12 - root - DEBUG - exitingEXPLIST
2025-04-14 00:15:12 - root - DEBUG - do
2025-04-14 00:15:12 - root - DEBUG - subroutineCall
2025-04-14 00:15:12 - root - DEBUG - compileExpressionList
2025-04-14 00:15:12 - root - DEBUG - empty exp list
2025-04-14 00:15:12 - root - DEBUG - let
2025-04-14 00:15:12 - root - DEBUG - compileExpression
2025-04-14 00:15:12 - root - DEBUG - compileterm
2025-04-14 00:15:12 - root - DEBUG - if
2025-04-14 00:15:12 - root - DEBUG - compileExpression
2025-04-14 00:15:12 - root - DEBUG - compileterm
2025-04-14 00:15:12 - root - DEBUG - compileterm
2025-04-14 00:15:12 - root - DEBUG - compileStatements
2025-04-14 00:15:12 - root - DEBUG - do
2025-04-14 00:15:12 - root - DEBUG - subroutineCall
2025-04-14 00:15:12 - root - DEBUG - compileExpressionList
2025-04-14 00:15:12 - root - DEBUG - compileExpression
2025-04-14 00:15:12 - root - DEBUG - compileterm
2025-04-14 00:15:12 - root - DEBUG - compileExpression
2025-04-14 00:15:12 - root - DEBUG - compileterm
2025-04-14 00:15:12 - root - DEBUG - exitingEXPLIST
2025-04-14 00:15:12 - root - DEBUG - let
2025-04-14 00:15:12 - root - DEBUG - compileExpression
2025-04-14 00:15:12 - root - DEBUG - compileterm
2025-04-14 00:15:12 - root - DEBUG - compileExpression
2025-04-14 00:15:12 - root - DEBUG - compileterm
2025-04-14 00:15:12 - root - DEBUG - let
2025-04-14 00:15:12 - root - DEBUG - compileExpression
2025-04-14 00:15:12 - root - DEBUG - compileterm
2025-04-14 00:15:12 - root - DEBUG - compileExpression
2025-04-14 00:15:12 - root - DEBUG - compileterm
2025-04-14 00:15:12 - root - DEBUG - let
2025-04-14 00:15:12 - root - DEBUG - compileExpression
2025-04-14 00:15:12 - root - DEBUG - compileterm
2025-04-14 00:15:12 - root - DEBUG - compileExpression
2025-04-14 00:15:12 - root - DEBUG - compileterm
2025-04-14 00:15:12 - root - DEBUG - let
2025-04-14 00:15:12 - root - DEBUG - compileExpression
2025-04-14 00:15:12 - root - DEBUG - compileterm
2025-04-14 00:15:12 - root - DEBUG - compileExpression
2025-04-14 00:15:12 - root - DEBUG - compileterm
2025-04-14 00:15:12 - root - DEBUG - let
2025-04-14 00:15:12 - root - DEBUG - compileExpression
2025-04-14 00:15:12 - root - DEBUG - compileterm
2025-04-14 00:15:12 - root - DEBUG - compileExpression
2025-04-14 00:15:12 - root - DEBUG - compileterm
2025-04-14 00:15:12 - root - DEBUG - let
2025-04-14 00:15:12 - root - DEBUG - compileExpression
2025-04-14 00:15:12 - root - DEBUG - compileterm
2025-04-14 00:15:12 - root - DEBUG - compileExpression
2025-04-14 00:15:12 - root - DEBUG - compileterm
2025-04-14 00:15:12 - root - DEBUG - compileExpression
2025-04-14 00:15:12 - root - DEBUG - compileterm
2025-04-14 00:15:12 - root - DEBUG - compileterm
2025-04-14 00:15:12 - root - DEBUG - compileExpression
2025-04-14 00:15:12 - root - DEBUG - compileterm
2025-04-14 00:15:12 - root - DEBUG - do
2025-04-14 00:15:12 - root - DEBUG - subroutineCall
2025-04-14 00:15:12 - root - DEBUG - compileExpressionList
2025-04-14 00:15:12 - root - DEBUG - compileExpression
2025-04-14 00:15:12 - root - DEBUG - compileterm
2025-04-14 00:15:12 - root - DEBUG - exitingEXPLIST
2025-04-14 00:15:12 - root - DEBUG - do
2025-04-14 00:15:12 - root - DEBUG - subroutineCall
2025-04-14 00:15:12 - root - DEBUG - compileExpressionList
2025-04-14 00:15:12 - root - DEBUG - compileExpression
2025-04-14 00:15:12 - root - DEBUG - compileterm
2025-04-14 00:15:12 - root - DEBUG - compileExpression
2025-04-14 00:15:12 - root - DEBUG - compileterm
2025-04-14 00:15:12 - root - DEBUG - exitingEXPLIST
2025-04-14 00:15:12 - root - DEBUG - do
2025-04-14 00:15:12 - root - DEBUG - subroutineCall
2025-04-14 00:15:12 - root - DEBUG - compileExpressionList
2025-04-14 00:15:12 - root - DEBUG - empty exp list
2025-04-14 00:15:12 - root - DEBUG - do
2025-04-14 00:15:12 - root - DEBUG - subroutineCall
2025-04-14 00:15:12 - root - DEBUG - compileExpressionList
2025-04-14 00:15:12 - root - DEBUG - compileExpression
2025-04-14 00:15:12 - root - DEBUG - compileterm
2025-04-14 00:15:12 - root - DEBUG - exitingEXPLIST
2025-04-14 00:15:12 - root - DEBUG - do
2025-04-14 00:15:12 - root - DEBUG - subroutineCall
2025-04-14 00:15:12 - root - DEBUG - compileExpressionList
2025-04-14 00:15:12 - root - DEBUG - compileExpression
2025-04-14 00:15:12 - root - DEBUG - compileterm
2025-04-14 00:15:12 - root - DEBUG - compileExpression
2025-04-14 00:15:12 - root - DEBUG - compileterm
2025-04-14 00:15:12 - root - DEBUG - exitingEXPLIST
2025-04-14 00:15:12 - root - DEBUG - do
2025-04-14 00:15:12 - root - DEBUG - subroutineCall
2025-04-14 00:15:12 - root - DEBUG - compileExpressionList
2025-04-14 00:15:12 - root - DEBUG - empty exp list
2025-04-14 00:15:12 - root - DEBUG - return
2025-04-14 00:15:12 - root - DEBUG - compileSubroutine
2025-04-14 00:15:12 - root - DEBUG - current token = "int"
2025-04-14 00:59:14 - root - DEBUG - compileClass
2025-04-14 00:59:14 - root - DEBUG - compileSubroutine
2025-04-14 00:59:14 - root - DEBUG - current token = ")"
2025-04-14 00:59:14 - root - DEBUG - compileparameterlist
2025-04-14 00:59:14 - root - DEBUG - empty param list
2025-04-14 00:59:14 - root - DEBUG - compilesubroutinebody
2025-04-14 00:59:14 - root - DEBUG - compilevardec
2025-04-14 00:59:14 - root - DEBUG - compileStatements
2025-04-14 00:59:14 - root - DEBUG - let
2025-04-14 00:59:14 - root - DEBUG - compileExpression
2025-04-14 00:59:14 - root - DEBUG - compileterm
2025-04-14 00:59:14 - root - DEBUG - subroutineCall
2025-04-14 00:59:14 - root - DEBUG - compileExpressionList
2025-04-14 00:59:14 - root - DEBUG - compileExpression
2025-04-14 00:59:14 - root - DEBUG - compileterm
2025-04-14 00:59:14 - root - DEBUG - exitingEXPLIST
2025-04-14 00:59:14 - root - DEBUG - let
2025-04-14 00:59:14 - root - DEBUG - compileExpression
2025-04-14 00:59:14 - root - DEBUG - compileterm
2025-04-14 00:59:14 - root - DEBUG - subroutineCall
2025-04-14 00:59:14 - root - DEBUG - compileExpressionList
2025-04-14 00:59:14 - root - DEBUG - compileExpression
2025-04-14 00:59:14 - root - DEBUG - compileterm
2025-04-14 00:59:14 - root - DEBUG - exitingEXPLIST
2025-04-14 00:59:14 - root - DEBUG - let
2025-04-14 00:59:14 - root - DEBUG - compileExpression
2025-04-14 00:59:14 - root - DEBUG - compileterm
2025-04-14 00:59:14 - root - DEBUG - subroutineCall
2025-04-14 00:59:14 - root - DEBUG - compileExpressionList
2025-04-14 00:59:14 - root - DEBUG - compileExpression
2025-04-14 00:59:14 - root - DEBUG - compileterm
2025-04-14 00:59:14 - root - DEBUG - exitingEXPLIST
2025-04-14 00:59:14 - root - DEBUG - let
2025-04-14 00:59:14 - root - DEBUG - compileExpression
2025-04-14 00:59:14 - root - DEBUG - compileterm
2025-04-14 00:59:14 - root - DEBUG - compileExpression
2025-04-14 00:59:14 - root - DEBUG - compileterm
2025-04-14 00:59:14 - root - DEBUG - let
2025-04-14 00:59:14 - root - DEBUG - compileExpression
2025-04-14 00:59:14 - root - DEBUG - compileterm
2025-04-14 00:59:14 - root - DEBUG - compileExpression
2025-04-14 00:59:14 - root - DEBUG - compileterm
2025-04-14 00:59:14 - root - DEBUG - let
2025-04-14 00:59:14 - root - DEBUG - compileExpression
2025-04-14 00:59:14 - root - DEBUG - compileterm
2025-04-14 00:59:14 - root - DEBUG - compileExpression
2025-04-14 00:59:14 - root - DEBUG - compileterm
2025-04-14 00:59:14 - root - DEBUG - let
2025-04-14 00:59:14 - root - DEBUG - compileExpression
2025-04-14 00:59:14 - root - DEBUG - compileterm
2025-04-14 00:59:14 - root - DEBUG - compileExpression
2025-04-14 00:59:14 - root - DEBUG - compileterm
2025-04-14 00:59:14 - root - DEBUG - compileExpression
2025-04-14 00:59:14 - root - DEBUG - compileterm
2025-04-14 00:59:14 - root - DEBUG - compileExpression
2025-04-14 00:59:14 - root - DEBUG - compileterm
2025-04-14 00:59:14 - root - DEBUG - compileterm
2025-04-14 00:59:14 - root - DEBUG - let
2025-04-14 00:59:14 - root - DEBUG - compileExpression
2025-04-14 00:59:14 - root - DEBUG - compileterm
2025-04-14 00:59:14 - root - DEBUG - compileExpression
2025-04-14 00:59:14 - root - DEBUG - compileterm
2025-04-14 00:59:14 - root - DEBUG - compileExpression
2025-04-14 00:59:14 - root - DEBUG - compileterm
2025-04-14 00:59:14 - root - DEBUG - compileExpression
2025-04-14 00:59:14 - root - DEBUG - compileterm
2025-04-14 00:59:14 - root - DEBUG - compileExpression
2025-04-14 00:59:14 - root - DEBUG - compileterm
2025-04-14 00:59:14 - root - DEBUG - compileExpression
2025-04-14 00:59:14 - root - DEBUG - compileterm
2025-04-14 00:59:14 - root - DEBUG - compileterm
2025-04-14 00:59:14 - root - DEBUG - compileExpression
2025-04-14 00:59:14 - root - DEBUG - compileterm
2025-04-14 00:59:14 - root - DEBUG - compileExpression
2025-04-14 00:59:14 - root - DEBUG - compileterm
2025-04-14 00:59:14 - root - DEBUG - compileExpression
2025-04-14 00:59:14 - root - DEBUG - compileterm
2025-04-14 00:59:14 - root - DEBUG - compileterm
2025-04-14 00:59:14 - root - DEBUG - compileExpression
2025-04-14 00:59:14 - root - DEBUG - compileterm
2025-04-14 00:59:14 - root - DEBUG - compileterm
2025-04-14 00:59:14 - root - DEBUG - subroutineCall
2025-04-14 00:59:14 - root - DEBUG - compileExpressionList
2025-04-14 00:59:14 - root - DEBUG - compileExpression
2025-04-14 00:59:14 - root - DEBUG - compileterm
2025-04-14 00:59:14 - root - DEBUG - exitingEXPLIST
2025-04-14 00:59:14 - root - DEBUG - compileterm
2025-04-14 00:59:14 - root - DEBUG - let
2025-04-14 00:59:14 - root - DEBUG - compileExpression
2025-04-14 00:59:14 - root - DEBUG - compileterm
2025-04-14 00:59:14 - root - DEBUG - compileExpression
2025-04-14 00:59:14 - root - DEBUG - compileterm
2025-04-14 00:59:14 - root - DEBUG - let
2025-04-14 00:59:14 - root - DEBUG - compileExpression
2025-04-14 00:59:14 - root - DEBUG - compileterm
2025-04-14 00:59:14 - root - DEBUG - compileExpression
2025-04-14 00:59:14 - root - DEBUG - compileterm
2025-04-14 00:59:14 - root - DEBUG - do
2025-04-14 00:59:14 - root - DEBUG - subroutineCall
2025-04-14 00:59:14 - root - DEBUG - compileExpressionList
2025-04-14 00:59:14 - root - DEBUG - compileExpression
2025-04-14 00:59:14 - root - DEBUG - compileterm
2025-04-14 00:59:14 - root - DEBUG - exitingEXPLIST
2025-04-14 00:59:14 - root - DEBUG - do
2025-04-14 00:59:14 - root - DEBUG - subroutineCall
2025-04-14 00:59:14 - root - DEBUG - compileExpressionList
2025-04-14 00:59:14 - root - DEBUG - compileExpression
2025-04-14 00:59:14 - root - DEBUG - compileterm
2025-04-14 00:59:14 - root - DEBUG - compileExpression
2025-04-14 00:59:14 - root - DEBUG - compileterm
2025-04-14 00:59:14 - root - DEBUG - exitingEXPLIST
2025-04-14 00:59:14 - root - DEBUG - do
2025-04-14 00:59:14 - root - DEBUG - subroutineCall
2025-04-14 00:59:14 - root - DEBUG - compileExpressionList
2025-04-14 00:59:14 - root - DEBUG - empty exp list
2025-04-14 00:59:14 - root - DEBUG - do
2025-04-14 00:59:14 - root - DEBUG - subroutineCall
2025-04-14 00:59:14 - root - DEBUG - compileExpressionList
2025-04-14 00:59:14 - root - DEBUG - compileExpression
2025-04-14 00:59:14 - root - DEBUG - compileterm
2025-04-14 00:59:14 - root - DEBUG - exitingEXPLIST
2025-04-14 00:59:14 - root - DEBUG - do
2025-04-14 00:59:14 - root - DEBUG - subroutineCall
2025-04-14 00:59:14 - root - DEBUG - compileExpressionList
2025-04-14 00:59:14 - root - DEBUG - compileExpression
2025-04-14 00:59:14 - root - DEBUG - compileterm
2025-04-14 00:59:14 - root - DEBUG - compileExpression
2025-04-14 00:59:14 - root - DEBUG - compileterm
2025-04-14 00:59:14 - root - DEBUG - exitingEXPLIST
2025-04-14 00:59:14 - root - DEBUG - do
2025-04-14 00:59:14 - root - DEBUG - subroutineCall
2025-04-14 00:59:14 - root - DEBUG - compileExpressionList
2025-04-14 00:59:14 - root - DEBUG - empty exp list
2025-04-14 00:59:14 - root - DEBUG - do
2025-04-14 00:59:14 - root - DEBUG - subroutineCall
2025-04-14 00:59:14 - root - DEBUG - compileExpressionList
2025-04-14 00:59:14 - root - DEBUG - compileExpression
2025-04-14 00:59:14 - root - DEBUG - compileterm
2025-04-14 00:59:14 - root - DEBUG - exitingEXPLIST
2025-04-14 00:59:14 - root - DEBUG - do
2025-04-14 00:59:14 - root - DEBUG - subroutineCall
2025-04-14 00:59:14 - root - DEBUG - compileExpressionList
2025-04-14 00:59:14 - root - DEBUG - compileExpression
2025-04-14 00:59:14 - root - DEBUG - compileterm
2025-04-14 00:59:14 - root - DEBUG - exitingEXPLIST
2025-04-14 00:59:14 - root - DEBUG - do
2025-04-14 00:59:14 - root - DEBUG - subroutineCall
2025-04-14 00:59:14 - root - DEBUG - compileExpressionList
2025-04-14 00:59:14 - root - DEBUG - empty exp list
2025-04-14 00:59:14 - root - DEBUG - let
2025-04-14 00:59:14 - root - DEBUG - compileExpression
2025-04-14 00:59:14 - root - DEBUG - compileterm
2025-04-14 00:59:14 - root - DEBUG - if
2025-04-14 00:59:14 - root - DEBUG - compileExpression
2025-04-14 00:59:14 - root - DEBUG - compileterm
2025-04-14 00:59:14 - root - DEBUG - compileterm
2025-04-14 00:59:14 - root - DEBUG - compileStatements
2025-04-14 00:59:14 - root - DEBUG - do
2025-04-14 00:59:14 - root - DEBUG - subroutineCall
2025-04-14 00:59:14 - root - DEBUG - compileExpressionList
2025-04-14 00:59:14 - root - DEBUG - compileExpression
2025-04-14 00:59:14 - root - DEBUG - compileterm
2025-04-14 00:59:14 - root - DEBUG - compileExpression
2025-04-14 00:59:14 - root - DEBUG - compileterm
2025-04-14 00:59:14 - root - DEBUG - exitingEXPLIST
2025-04-14 00:59:14 - root - DEBUG - let
2025-04-14 00:59:14 - root - DEBUG - compileExpression
2025-04-14 00:59:14 - root - DEBUG - compileterm
2025-04-14 00:59:14 - root - DEBUG - compileExpression
2025-04-14 00:59:14 - root - DEBUG - compileterm
2025-04-14 00:59:14 - root - DEBUG - let
2025-04-14 00:59:14 - root - DEBUG - compileExpression
2025-04-14 00:59:14 - root - DEBUG - compileterm
2025-04-14 00:59:14 - root - DEBUG - compileExpression
2025-04-14 00:59:14 - root - DEBUG - compileterm
2025-04-14 00:59:14 - root - DEBUG - let
2025-04-14 00:59:14 - root - DEBUG - compileExpression
2025-04-14 00:59:14 - root - DEBUG - compileterm
2025-04-14 00:59:14 - root - DEBUG - compileExpression
2025-04-14 00:59:14 - root - DEBUG - compileterm
2025-04-14 00:59:14 - root - DEBUG - let
2025-04-14 00:59:14 - root - DEBUG - compileExpression
2025-04-14 00:59:14 - root - DEBUG - compileterm
2025-04-14 00:59:14 - root - DEBUG - compileExpression
2025-04-14 00:59:14 - root - DEBUG - compileterm
2025-04-14 00:59:14 - root - DEBUG - let
2025-04-14 00:59:14 - root - DEBUG - compileExpression
2025-04-14 00:59:14 - root - DEBUG - compileterm
2025-04-14 00:59:14 - root - DEBUG - compileExpression
2025-04-14 00:59:14 - root - DEBUG - compileterm
2025-04-14 00:59:14 - root - DEBUG - let
2025-04-14 00:59:14 - root - DEBUG - compileExpression
2025-04-14 00:59:14 - root - DEBUG - compileterm
2025-04-14 00:59:14 - root - DEBUG - compileExpression
2025-04-14 00:59:14 - root - DEBUG - compileterm
2025-04-14 00:59:14 - root - DEBUG - compileExpression
2025-04-14 00:59:14 - root - DEBUG - compileterm
2025-04-14 00:59:14 - root - DEBUG - compileterm
2025-04-14 00:59:14 - root - DEBUG - compileExpression
2025-04-14 00:59:14 - root - DEBUG - compileterm
2025-04-14 00:59:14 - root - DEBUG - do
2025-04-14 00:59:14 - root - DEBUG - subroutineCall
2025-04-14 00:59:14 - root - DEBUG - compileExpressionList
2025-04-14 00:59:14 - root - DEBUG - compileExpression
2025-04-14 00:59:14 - root - DEBUG - compileterm
2025-04-14 00:59:14 - root - DEBUG - exitingEXPLIST
2025-04-14 00:59:14 - root - DEBUG - do
2025-04-14 00:59:14 - root - DEBUG - subroutineCall
2025-04-14 00:59:14 - root - DEBUG - compileExpressionList
2025-04-14 00:59:14 - root - DEBUG - compileExpression
2025-04-14 00:59:14 - root - DEBUG - compileterm
2025-04-14 00:59:14 - root - DEBUG - compileExpression
2025-04-14 00:59:14 - root - DEBUG - compileterm
2025-04-14 00:59:14 - root - DEBUG - exitingEXPLIST
2025-04-14 00:59:14 - root - DEBUG - do
2025-04-14 00:59:14 - root - DEBUG - subroutineCall
2025-04-14 00:59:14 - root - DEBUG - compileExpressionList
2025-04-14 00:59:14 - root - DEBUG - empty exp list
2025-04-14 00:59:14 - root - DEBUG - do
2025-04-14 00:59:14 - root - DEBUG - subroutineCall
2025-04-14 00:59:14 - root - DEBUG - compileExpressionList
2025-04-14 00:59:14 - root - DEBUG - compileExpression
2025-04-14 00:59:14 - root - DEBUG - compileterm
2025-04-14 00:59:14 - root - DEBUG - exitingEXPLIST
2025-04-14 00:59:14 - root - DEBUG - do
2025-04-14 00:59:14 - root - DEBUG - subroutineCall
2025-04-14 00:59:14 - root - DEBUG - compileExpressionList
2025-04-14 00:59:14 - root - DEBUG - compileExpression
2025-04-14 00:59:14 - root - DEBUG - compileterm
2025-04-14 00:59:14 - root - DEBUG - compileExpression
2025-04-14 00:59:14 - root - DEBUG - compileterm
2025-04-14 00:59:14 - root - DEBUG - exitingEXPLIST
2025-04-14 00:59:14 - root - DEBUG - do
2025-04-14 00:59:14 - root - DEBUG - subroutineCall
2025-04-14 00:59:14 - root - DEBUG - compileExpressionList
2025-04-14 00:59:14 - root - DEBUG - empty exp list
2025-04-14 00:59:14 - root - DEBUG - return
2025-04-14 00:59:14 - root - DEBUG - compileSubroutine
2025-04-14 00:59:14 - root - DEBUG - current token = "int"
2025-04-14 00:59:14 - root - DEBUG - compileparameterlist
2025-04-14 00:59:14 - root - DEBUG - int
2025-04-14 00:59:14 - root - DEBUG - a
2025-04-14 00:59:14 - root - DEBUG - exiting
2025-04-14 00:59:14 - root - DEBUG - )
2025-04-14 00:59:14 - root - DEBUG - compilesubroutinebody
2025-04-14 00:59:14 - root - DEBUG - compileStatements
2025-04-14 00:59:14 - root - DEBUG - return
2025-04-14 00:59:14 - root - DEBUG - compileExpression
2025-04-14 00:59:14 - root - DEBUG - compileterm
2025-04-14 00:59:14 - root - DEBUG - compileterm
2025-04-14 00:59:14 - root - DEBUG - compileSubroutine
2025-04-14 00:59:14 - root - DEBUG - current token = "Array"
2025-04-14 00:59:14 - root - DEBUG - compileparameterlist
2025-04-14 00:59:14 - root - DEBUG - Array
2025-04-14 00:59:14 - root - DEBUG - a
2025-04-14 00:59:14 - root - DEBUG - ,
2025-04-14 00:59:14 - root - DEBUG - int
2025-04-14 00:59:14 - root - DEBUG - size
2025-04-14 00:59:14 - root - DEBUG - exiting
2025-04-14 00:59:14 - root - DEBUG - )
2025-04-14 00:59:14 - root - DEBUG - compilesubroutinebody
2025-04-14 00:59:14 - root - DEBUG - compileStatements
2025-04-14 00:59:14 - root - DEBUG - while
2025-04-14 00:59:14 - root - DEBUG - compileExpression
2025-04-14 00:59:14 - root - DEBUG - compileterm
2025-04-14 00:59:14 - root - DEBUG - compileterm
2025-04-14 00:59:14 - root - DEBUG - compileStatements
2025-04-14 00:59:14 - root - DEBUG - let
2025-04-14 00:59:14 - root - DEBUG - compileExpression
2025-04-14 00:59:14 - root - DEBUG - compileterm
2025-04-14 00:59:14 - root - DEBUG - compileterm
2025-04-14 00:59:14 - root - DEBUG - let
2025-04-14 00:59:14 - root - DEBUG - compileExpression
2025-04-14 00:59:14 - root - DEBUG - compileterm
2025-04-14 00:59:14 - root - DEBUG - compileExpression
2025-04-14 00:59:14 - root - DEBUG - compileterm
2025-04-14 00:59:14 - root - DEBUG - subroutineCall
2025-04-14 00:59:14 - root - DEBUG - compileExpressionList
2025-04-14 00:59:14 - root - DEBUG - compileExpression
2025-04-14 00:59:14 - root - DEBUG - compileterm
2025-04-14 00:59:14 - root - DEBUG - exitingEXPLIST
2025-04-14 00:59:14 - root - DEBUG - return
2025-04-14 01:10:51 - root - DEBUG - compileClass
2025-04-14 01:10:51 - root - DEBUG - compileSubroutine
2025-04-14 01:10:51 - root - DEBUG - current token = ")"
2025-04-14 01:10:51 - root - DEBUG - compileparameterlist
2025-04-14 01:10:51 - root - DEBUG - empty param list
2025-04-14 01:10:51 - root - DEBUG - compilesubroutinebody
2025-04-14 01:10:51 - root - DEBUG - compilevardec
2025-04-14 01:10:51 - root - DEBUG - compileStatements
2025-04-14 01:10:51 - root - DEBUG - let
2025-04-14 01:10:51 - root - DEBUG - compileExpression
2025-04-14 01:10:51 - root - DEBUG - compileterm
2025-04-14 01:10:51 - root - DEBUG - subroutineCall
2025-04-14 01:10:51 - root - DEBUG - compileExpressionList
2025-04-14 01:10:51 - root - DEBUG - compileExpression
2025-04-14 01:10:51 - root - DEBUG - compileterm
2025-04-14 01:10:51 - root - DEBUG - exitingEXPLIST
2025-04-14 01:10:51 - root - DEBUG - let
2025-04-14 01:10:51 - root - DEBUG - compileExpression
2025-04-14 01:10:51 - root - DEBUG - compileterm
2025-04-14 01:10:51 - root - DEBUG - subroutineCall
2025-04-14 01:10:51 - root - DEBUG - compileExpressionList
2025-04-14 01:10:51 - root - DEBUG - compileExpression
2025-04-14 01:10:51 - root - DEBUG - compileterm
2025-04-14 01:10:51 - root - DEBUG - exitingEXPLIST
2025-04-14 01:10:51 - root - DEBUG - let
2025-04-14 01:10:51 - root - DEBUG - compileExpression
2025-04-14 01:10:51 - root - DEBUG - compileterm
2025-04-14 01:10:51 - root - DEBUG - subroutineCall
2025-04-14 01:10:51 - root - DEBUG - compileExpressionList
2025-04-14 01:10:51 - root - DEBUG - compileExpression
2025-04-14 01:10:51 - root - DEBUG - compileterm
2025-04-14 01:10:51 - root - DEBUG - exitingEXPLIST
2025-04-14 01:10:51 - root - DEBUG - let
2025-04-14 01:10:51 - root - DEBUG - compileExpression
2025-04-14 01:10:51 - root - DEBUG - compileterm
2025-04-14 01:10:51 - root - DEBUG - compileExpression
2025-04-14 01:10:51 - root - DEBUG - compileterm
2025-04-14 01:10:51 - root - DEBUG - let
2025-04-14 01:10:51 - root - DEBUG - compileExpression
2025-04-14 01:10:51 - root - DEBUG - compileterm
2025-04-14 01:10:51 - root - DEBUG - compileExpression
2025-04-14 01:10:51 - root - DEBUG - compileterm
2025-04-14 01:10:51 - root - DEBUG - let
2025-04-14 01:10:51 - root - DEBUG - compileExpression
2025-04-14 01:10:51 - root - DEBUG - compileterm
2025-04-14 01:10:51 - root - DEBUG - compileExpression
2025-04-14 01:10:51 - root - DEBUG - compileterm
2025-04-14 01:10:51 - root - DEBUG - let
2025-04-14 01:10:51 - root - DEBUG - compileExpression
2025-04-14 01:10:51 - root - DEBUG - compileterm
2025-04-14 01:10:51 - root - DEBUG - compileExpression
2025-04-14 01:10:51 - root - DEBUG - compileterm
2025-04-14 01:10:51 - root - DEBUG - compileExpression
2025-04-14 01:10:51 - root - DEBUG - compileterm
2025-04-14 01:10:52 - root - DEBUG - compileExpression
2025-04-14 01:10:52 - root - DEBUG - compileterm
2025-04-14 01:10:52 - root - DEBUG - compileterm
2025-04-14 01:10:52 - root - DEBUG - let
2025-04-14 01:10:52 - root - DEBUG - compileExpression
2025-04-14 01:10:52 - root - DEBUG - compileterm
2025-04-14 01:10:52 - root - DEBUG - compileExpression
2025-04-14 01:10:52 - root - DEBUG - compileterm
2025-04-14 01:10:52 - root - DEBUG - compileExpression
2025-04-14 01:10:52 - root - DEBUG - compileterm
2025-04-14 01:10:52 - root - DEBUG - compileExpression
2025-04-14 01:10:52 - root - DEBUG - compileterm
2025-04-14 01:10:52 - root - DEBUG - compileExpression
2025-04-14 01:10:52 - root - DEBUG - compileterm
2025-04-14 01:10:52 - root - DEBUG - compileExpression
2025-04-14 01:10:52 - root - DEBUG - compileterm
2025-04-14 01:10:52 - root - DEBUG - compileterm
2025-04-14 01:10:52 - root - DEBUG - compileExpression
2025-04-14 01:10:52 - root - DEBUG - compileterm
2025-04-14 01:10:52 - root - DEBUG - compileExpression
2025-04-14 01:10:52 - root - DEBUG - compileterm
2025-04-14 01:10:52 - root - DEBUG - compileExpression
2025-04-14 01:10:52 - root - DEBUG - compileterm
2025-04-14 01:10:52 - root - DEBUG - compileterm
2025-04-14 01:10:52 - root - DEBUG - compileExpression
2025-04-14 01:10:52 - root - DEBUG - compileterm
2025-04-14 01:10:52 - root - DEBUG - compileterm
2025-04-14 01:10:52 - root - DEBUG - subroutineCall
2025-04-14 01:10:52 - root - DEBUG - compileExpressionList
2025-04-14 01:10:52 - root - DEBUG - compileExpression
2025-04-14 01:10:52 - root - DEBUG - compileterm
2025-04-14 01:10:52 - root - DEBUG - exitingEXPLIST
2025-04-14 01:10:52 - root - DEBUG - compileterm
2025-04-14 01:10:52 - root - DEBUG - let
2025-04-14 01:10:52 - root - DEBUG - compileExpression
2025-04-14 01:10:52 - root - DEBUG - compileterm
2025-04-14 01:10:52 - root - DEBUG - compileExpression
2025-04-14 01:10:52 - root - DEBUG - compileterm
2025-04-14 01:10:52 - root - DEBUG - let
2025-04-14 01:10:52 - root - DEBUG - compileExpression
2025-04-14 01:10:52 - root - DEBUG - compileterm
2025-04-14 01:10:52 - root - DEBUG - compileExpression
2025-04-14 01:10:52 - root - DEBUG - compileterm
2025-04-14 01:10:52 - root - DEBUG - do
2025-04-14 01:10:52 - root - DEBUG - subroutineCall
2025-04-14 01:10:52 - root - DEBUG - compileExpressionList
2025-04-14 01:10:52 - root - DEBUG - compileExpression
2025-04-14 01:10:52 - root - DEBUG - compileterm
2025-04-14 01:10:52 - root - DEBUG - exitingEXPLIST
2025-04-14 01:10:52 - root - DEBUG - do
2025-04-14 01:10:52 - root - DEBUG - subroutineCall
2025-04-14 01:10:52 - root - DEBUG - compileExpressionList
2025-04-14 01:10:52 - root - DEBUG - compileExpression
2025-04-14 01:10:52 - root - DEBUG - compileterm
2025-04-14 01:10:52 - root - DEBUG - compileExpression
2025-04-14 01:10:52 - root - DEBUG - compileterm
2025-04-14 01:10:52 - root - DEBUG - exitingEXPLIST
2025-04-14 01:10:52 - root - DEBUG - do
2025-04-14 01:10:52 - root - DEBUG - subroutineCall
2025-04-14 01:10:52 - root - DEBUG - compileExpressionList
2025-04-14 01:10:52 - root - DEBUG - empty exp list
2025-04-14 01:10:52 - root - DEBUG - do
2025-04-14 01:10:52 - root - DEBUG - subroutineCall
2025-04-14 01:10:52 - root - DEBUG - compileExpressionList
2025-04-14 01:10:52 - root - DEBUG - compileExpression
2025-04-14 01:10:52 - root - DEBUG - compileterm
2025-04-14 01:10:52 - root - DEBUG - exitingEXPLIST
2025-04-14 01:10:52 - root - DEBUG - do
2025-04-14 01:10:52 - root - DEBUG - subroutineCall
2025-04-14 01:10:52 - root - DEBUG - compileExpressionList
2025-04-14 01:10:52 - root - DEBUG - compileExpression
2025-04-14 01:10:52 - root - DEBUG - compileterm
2025-04-14 01:10:52 - root - DEBUG - compileExpression
2025-04-14 01:10:52 - root - DEBUG - compileterm
2025-04-14 01:10:52 - root - DEBUG - exitingEXPLIST
2025-04-14 01:10:52 - root - DEBUG - do
2025-04-14 01:10:52 - root - DEBUG - subroutineCall
2025-04-14 01:10:52 - root - DEBUG - compileExpressionList
2025-04-14 01:10:52 - root - DEBUG - empty exp list
2025-04-14 01:10:52 - root - DEBUG - do
2025-04-14 01:10:52 - root - DEBUG - subroutineCall
2025-04-14 01:10:52 - root - DEBUG - compileExpressionList
2025-04-14 01:10:52 - root - DEBUG - compileExpression
2025-04-14 01:10:52 - root - DEBUG - compileterm
2025-04-14 01:10:52 - root - DEBUG - exitingEXPLIST
2025-04-14 01:10:52 - root - DEBUG - do
2025-04-14 01:10:52 - root - DEBUG - subroutineCall
2025-04-14 01:10:52 - root - DEBUG - compileExpressionList
2025-04-14 01:10:52 - root - DEBUG - compileExpression
2025-04-14 01:10:52 - root - DEBUG - compileterm
2025-04-14 01:10:52 - root - DEBUG - exitingEXPLIST
2025-04-14 01:10:52 - root - DEBUG - do
2025-04-14 01:10:52 - root - DEBUG - subroutineCall
2025-04-14 01:10:52 - root - DEBUG - compileExpressionList
2025-04-14 01:10:52 - root - DEBUG - empty exp list
2025-04-14 01:10:52 - root - DEBUG - let
2025-04-14 01:10:52 - root - DEBUG - compileExpression
2025-04-14 01:10:52 - root - DEBUG - compileterm
2025-04-14 01:10:52 - root - DEBUG - if
2025-04-14 01:10:52 - root - DEBUG - compileExpression
2025-04-14 01:10:52 - root - DEBUG - compileterm
2025-04-14 01:10:52 - root - DEBUG - compileterm
2025-04-14 01:10:52 - root - DEBUG - compileStatements
2025-04-14 01:10:52 - root - DEBUG - do
2025-04-14 01:10:52 - root - DEBUG - subroutineCall
2025-04-14 01:10:52 - root - DEBUG - compileExpressionList
2025-04-14 01:10:52 - root - DEBUG - compileExpression
2025-04-14 01:10:52 - root - DEBUG - compileterm
2025-04-14 01:10:52 - root - DEBUG - compileExpression
2025-04-14 01:10:52 - root - DEBUG - compileterm
2025-04-14 01:10:52 - root - DEBUG - exitingEXPLIST
2025-04-14 01:10:52 - root - DEBUG - let
2025-04-14 01:10:52 - root - DEBUG - compileExpression
2025-04-14 01:10:52 - root - DEBUG - compileterm
2025-04-14 01:10:52 - root - DEBUG - compileExpression
2025-04-14 01:10:52 - root - DEBUG - compileterm
2025-04-14 01:10:52 - root - DEBUG - let
2025-04-14 01:10:52 - root - DEBUG - compileExpression
2025-04-14 01:10:52 - root - DEBUG - compileterm
2025-04-14 01:10:52 - root - DEBUG - compileExpression
2025-04-14 01:10:52 - root - DEBUG - compileterm
2025-04-14 01:10:52 - root - DEBUG - let
2025-04-14 01:10:52 - root - DEBUG - compileExpression
2025-04-14 01:10:52 - root - DEBUG - compileterm
2025-04-14 01:10:52 - root - DEBUG - compileExpression
2025-04-14 01:10:52 - root - DEBUG - compileterm
2025-04-14 01:10:52 - root - DEBUG - let
2025-04-14 01:10:52 - root - DEBUG - compileExpression
2025-04-14 01:10:52 - root - DEBUG - compileterm
2025-04-14 01:10:52 - root - DEBUG - compileExpression
2025-04-14 01:10:52 - root - DEBUG - compileterm
2025-04-14 01:10:52 - root - DEBUG - let
2025-04-14 01:10:52 - root - DEBUG - compileExpression
2025-04-14 01:10:52 - root - DEBUG - compileterm
2025-04-14 01:10:52 - root - DEBUG - compileExpression
2025-04-14 01:10:52 - root - DEBUG - compileterm
2025-04-14 01:10:52 - root - DEBUG - let
2025-04-14 01:10:52 - root - DEBUG - compileExpression
2025-04-14 01:10:52 - root - DEBUG - compileterm
2025-04-14 01:10:52 - root - DEBUG - compileExpression
2025-04-14 01:10:52 - root - DEBUG - compileterm
2025-04-14 01:10:52 - root - DEBUG - compileExpression
2025-04-14 01:10:52 - root - DEBUG - compileterm
2025-04-14 01:10:52 - root - DEBUG - compileterm
2025-04-14 01:10:52 - root - DEBUG - compileExpression
2025-04-14 01:10:52 - root - DEBUG - compileterm
2025-04-14 01:10:52 - root - DEBUG - do
2025-04-14 01:10:52 - root - DEBUG - subroutineCall
2025-04-14 01:10:52 - root - DEBUG - compileExpressionList
2025-04-14 01:10:52 - root - DEBUG - compileExpression
2025-04-14 01:10:52 - root - DEBUG - compileterm
2025-04-14 01:10:52 - root - DEBUG - exitingEXPLIST
2025-04-14 01:10:52 - root - DEBUG - do
2025-04-14 01:10:52 - root - DEBUG - subroutineCall
2025-04-14 01:10:52 - root - DEBUG - compileExpressionList
2025-04-14 01:10:52 - root - DEBUG - compileExpression
2025-04-14 01:10:52 - root - DEBUG - compileterm
2025-04-14 01:10:52 - root - DEBUG - compileExpression
2025-04-14 01:10:52 - root - DEBUG - compileterm
2025-04-14 01:10:52 - root - DEBUG - exitingEXPLIST
2025-04-14 01:10:52 - root - DEBUG - do
2025-04-14 01:10:52 - root - DEBUG - subroutineCall
2025-04-14 01:10:52 - root - DEBUG - compileExpressionList
2025-04-14 01:10:52 - root - DEBUG - empty exp list
2025-04-14 01:10:52 - root - DEBUG - do
2025-04-14 01:10:52 - root - DEBUG - subroutineCall
2025-04-14 01:10:52 - root - DEBUG - compileExpressionList
2025-04-14 01:10:52 - root - DEBUG - compileExpression
2025-04-14 01:10:52 - root - DEBUG - compileterm
2025-04-14 01:10:52 - root - DEBUG - exitingEXPLIST
2025-04-14 01:10:52 - root - DEBUG - do
2025-04-14 01:10:52 - root - DEBUG - subroutineCall
2025-04-14 01:10:52 - root - DEBUG - compileExpressionList
2025-04-14 01:10:52 - root - DEBUG - compileExpression
2025-04-14 01:10:52 - root - DEBUG - compileterm
2025-04-14 01:10:52 - root - DEBUG - compileExpression
2025-04-14 01:10:52 - root - DEBUG - compileterm
2025-04-14 01:10:52 - root - DEBUG - exitingEXPLIST
2025-04-14 01:10:52 - root - DEBUG - do
2025-04-14 01:10:52 - root - DEBUG - subroutineCall
2025-04-14 01:10:52 - root - DEBUG - compileExpressionList
2025-04-14 01:10:52 - root - DEBUG - empty exp list
2025-04-14 01:10:52 - root - DEBUG - return
2025-04-14 01:10:52 - root - DEBUG - compileSubroutine
2025-04-14 01:10:52 - root - DEBUG - current token = "int"
2025-04-14 01:10:52 - root - DEBUG - compileparameterlist
2025-04-14 01:10:52 - root - DEBUG - int
2025-04-14 01:10:52 - root - DEBUG - a
2025-04-14 01:10:52 - root - DEBUG - exiting
2025-04-14 01:10:52 - root - DEBUG - )
2025-04-14 01:10:52 - root - DEBUG - compilesubroutinebody
2025-04-14 01:10:52 - root - DEBUG - compileStatements
2025-04-14 01:10:52 - root - DEBUG - return
2025-04-14 01:10:52 - root - DEBUG - compileExpression
2025-04-14 01:10:52 - root - DEBUG - compileterm
2025-04-14 01:10:52 - root - DEBUG - compileterm
2025-04-14 01:10:52 - root - DEBUG - compileSubroutine
2025-04-14 01:10:52 - root - DEBUG - current token = "Array"
2025-04-14 01:10:52 - root - DEBUG - compileparameterlist
2025-04-14 01:10:52 - root - DEBUG - Array
2025-04-14 01:10:52 - root - DEBUG - a
2025-04-14 01:10:52 - root - DEBUG - ,
2025-04-14 01:10:52 - root - DEBUG - int
2025-04-14 01:10:52 - root - DEBUG - size
2025-04-14 01:10:52 - root - DEBUG - exiting
2025-04-14 01:10:52 - root - DEBUG - )
2025-04-14 01:10:52 - root - DEBUG - compilesubroutinebody
2025-04-14 01:10:52 - root - DEBUG - compileStatements
2025-04-14 01:10:52 - root - DEBUG - while
2025-04-14 01:10:52 - root - DEBUG - compileExpression
2025-04-14 01:10:52 - root - DEBUG - compileterm
2025-04-14 01:10:52 - root - DEBUG - compileterm
2025-04-14 01:10:52 - root - DEBUG - compileStatements
2025-04-14 01:10:52 - root - DEBUG - let
2025-04-14 01:10:52 - root - DEBUG - compileExpression
2025-04-14 01:10:52 - root - DEBUG - compileterm
2025-04-14 01:10:52 - root - DEBUG - compileterm
2025-04-14 01:10:52 - root - DEBUG - let
2025-04-14 01:10:52 - root - DEBUG - compileExpression
2025-04-14 01:10:52 - root - DEBUG - compileterm
2025-04-14 01:10:52 - root - DEBUG - compileExpression
2025-04-14 01:10:52 - root - DEBUG - compileterm
2025-04-14 01:10:52 - root - DEBUG - subroutineCall
2025-04-14 01:10:52 - root - DEBUG - compileExpressionList
2025-04-14 01:10:52 - root - DEBUG - compileExpression
2025-04-14 01:10:52 - root - DEBUG - compileterm
2025-04-14 01:10:52 - root - DEBUG - exitingEXPLIST
2025-04-14 01:10:52 - root - DEBUG - return
2025-04-14 14:45:20 - root - DEBUG - compileClass
2025-04-14 14:45:20 - root - DEBUG - compileSubroutine
2025-04-14 14:45:20 - root - DEBUG - current token = ")"
2025-04-14 14:45:20 - root - DEBUG - compileparameterlist
2025-04-14 14:45:20 - root - DEBUG - empty param list
2025-04-14 14:45:20 - root - DEBUG - compilesubroutinebody
2025-04-14 14:45:20 - root - DEBUG - compilevardec
2025-04-14 14:45:20 - root - DEBUG - compileStatements
2025-04-14 14:45:20 - root - DEBUG - let
2025-04-14 14:45:20 - root - DEBUG - compileExpression
2025-04-14 14:45:20 - root - DEBUG - compileterm
2025-04-14 14:45:20 - root - DEBUG - subroutineCall
2025-04-14 14:45:20 - root - DEBUG - compileExpressionList
2025-04-14 14:45:20 - root - DEBUG - compileExpression
2025-04-14 14:45:20 - root - DEBUG - compileterm
2025-04-14 14:45:20 - root - DEBUG - exitingEXPLIST
2025-04-14 14:45:20 - root - DEBUG - let
2025-04-14 14:45:20 - root - DEBUG - compileExpression
2025-04-14 14:45:20 - root - DEBUG - compileterm
2025-04-14 14:45:20 - root - DEBUG - subroutineCall
2025-04-14 14:45:20 - root - DEBUG - compileExpressionList
2025-04-14 14:45:20 - root - DEBUG - compileExpression
2025-04-14 14:45:20 - root - DEBUG - compileterm
2025-04-14 14:45:20 - root - DEBUG - exitingEXPLIST
2025-04-14 14:45:20 - root - DEBUG - let
2025-04-14 14:45:20 - root - DEBUG - compileExpression
2025-04-14 14:45:20 - root - DEBUG - compileterm
2025-04-14 14:45:20 - root - DEBUG - subroutineCall
2025-04-14 14:45:20 - root - DEBUG - compileExpressionList
2025-04-14 14:45:20 - root - DEBUG - compileExpression
2025-04-14 14:45:20 - root - DEBUG - compileterm
2025-04-14 14:45:20 - root - DEBUG - exitingEXPLIST
2025-04-14 14:45:20 - root - DEBUG - let
2025-04-14 14:45:20 - root - DEBUG - compileExpression
2025-04-14 14:45:20 - root - DEBUG - compileterm
2025-04-14 14:45:20 - root - DEBUG - compileExpression
2025-04-14 14:45:20 - root - DEBUG - compileterm
2025-04-14 14:45:20 - root - DEBUG - let
2025-04-14 14:45:20 - root - DEBUG - compileExpression
2025-04-14 14:45:20 - root - DEBUG - compileterm
2025-04-14 14:45:20 - root - DEBUG - compileExpression
2025-04-14 14:45:20 - root - DEBUG - compileterm
2025-04-14 14:45:20 - root - DEBUG - let
2025-04-14 14:45:20 - root - DEBUG - compileExpression
2025-04-14 14:45:20 - root - DEBUG - compileterm
2025-04-14 14:45:20 - root - DEBUG - compileExpression
2025-04-14 14:45:20 - root - DEBUG - compileterm
2025-04-14 14:45:20 - root - DEBUG - let
2025-04-14 14:45:20 - root - DEBUG - compileExpression
2025-04-14 14:45:20 - root - DEBUG - compileterm
2025-04-14 14:45:20 - root - DEBUG - compileExpression
2025-04-14 14:45:20 - root - DEBUG - compileterm
2025-04-14 14:45:20 - root - DEBUG - compileExpression
2025-04-14 14:45:20 - root - DEBUG - compileterm
2025-04-14 14:45:20 - root - DEBUG - compileExpression
2025-04-14 14:45:20 - root - DEBUG - compileterm
2025-04-14 14:45:20 - root - DEBUG - compileterm
2025-04-14 14:45:20 - root - DEBUG - let
2025-04-14 14:45:20 - root - DEBUG - compileExpression
2025-04-14 14:45:20 - root - DEBUG - compileterm
2025-04-14 14:45:20 - root - DEBUG - compileExpression
2025-04-14 14:45:20 - root - DEBUG - compileterm
2025-04-14 14:45:20 - root - DEBUG - compileExpression
2025-04-14 14:45:20 - root - DEBUG - compileterm
2025-04-14 14:45:20 - root - DEBUG - compileExpression
2025-04-14 14:45:20 - root - DEBUG - compileterm
2025-04-14 14:45:20 - root - DEBUG - compileExpression
2025-04-14 14:45:20 - root - DEBUG - compileterm
2025-04-14 14:45:20 - root - DEBUG - compileExpression
2025-04-14 14:45:20 - root - DEBUG - compileterm
2025-04-14 14:45:20 - root - DEBUG - compileterm
2025-04-14 14:45:20 - root - DEBUG - compileExpression
2025-04-14 14:45:20 - root - DEBUG - compileterm
2025-04-14 14:45:20 - root - DEBUG - compileExpression
2025-04-14 14:45:20 - root - DEBUG - compileterm
2025-04-14 14:45:20 - root - DEBUG - compileExpression
2025-04-14 14:45:20 - root - DEBUG - compileterm
2025-04-14 14:45:20 - root - DEBUG - compileterm
2025-04-14 14:45:20 - root - DEBUG - compileExpression
2025-04-14 14:45:20 - root - DEBUG - compileterm
2025-04-14 14:45:20 - root - DEBUG - compileterm
2025-04-14 14:45:20 - root - DEBUG - subroutineCall
2025-04-14 14:45:20 - root - DEBUG - compileExpressionList
2025-04-14 14:45:20 - root - DEBUG - compileExpression
2025-04-14 14:45:20 - root - DEBUG - compileterm
2025-04-14 14:45:20 - root - DEBUG - exitingEXPLIST
2025-04-14 14:45:20 - root - DEBUG - compileterm
2025-04-14 14:45:20 - root - DEBUG - let
2025-04-14 14:45:20 - root - DEBUG - compileExpression
2025-04-14 14:45:20 - root - DEBUG - compileterm
2025-04-14 14:45:20 - root - DEBUG - compileExpression
2025-04-14 14:45:20 - root - DEBUG - compileterm
2025-04-14 14:45:20 - root - DEBUG - let
2025-04-14 14:45:20 - root - DEBUG - compileExpression
2025-04-14 14:45:20 - root - DEBUG - compileterm
2025-04-14 14:45:20 - root - DEBUG - compileExpression
2025-04-14 14:45:20 - root - DEBUG - compileterm
2025-04-14 14:45:20 - root - DEBUG - do
2025-04-14 14:45:20 - root - DEBUG - subroutineCall
2025-04-14 14:45:20 - root - DEBUG - compileExpressionList
2025-04-14 14:45:20 - root - DEBUG - compileExpression
2025-04-14 14:45:20 - root - DEBUG - compileterm
2025-04-14 14:45:20 - root - DEBUG - exitingEXPLIST
2025-04-14 14:45:20 - root - DEBUG - do
2025-04-14 14:45:20 - root - DEBUG - subroutineCall
2025-04-14 14:45:20 - root - DEBUG - compileExpressionList
2025-04-14 14:45:20 - root - DEBUG - compileExpression
2025-04-14 14:45:20 - root - DEBUG - compileterm
2025-04-14 14:45:20 - root - DEBUG - compileExpression
2025-04-14 14:45:20 - root - DEBUG - compileterm
2025-04-14 14:45:20 - root - DEBUG - exitingEXPLIST
2025-04-14 14:45:20 - root - DEBUG - do
2025-04-14 14:45:20 - root - DEBUG - subroutineCall
2025-04-14 14:45:20 - root - DEBUG - compileExpressionList
2025-04-14 14:45:20 - root - DEBUG - empty exp list
2025-04-14 14:45:20 - root - DEBUG - do
2025-04-14 14:45:20 - root - DEBUG - subroutineCall
2025-04-14 14:45:20 - root - DEBUG - compileExpressionList
2025-04-14 14:45:20 - root - DEBUG - compileExpression
2025-04-14 14:45:20 - root - DEBUG - compileterm
2025-04-14 14:45:20 - root - DEBUG - exitingEXPLIST
2025-04-14 14:45:20 - root - DEBUG - do
2025-04-14 14:45:20 - root - DEBUG - subroutineCall
2025-04-14 14:45:20 - root - DEBUG - compileExpressionList
2025-04-14 14:45:20 - root - DEBUG - compileExpression
2025-04-14 14:45:20 - root - DEBUG - compileterm
2025-04-14 14:45:20 - root - DEBUG - compileExpression
2025-04-14 14:45:20 - root - DEBUG - compileterm
2025-04-14 14:45:20 - root - DEBUG - exitingEXPLIST
2025-04-14 14:45:20 - root - DEBUG - do
2025-04-14 14:45:20 - root - DEBUG - subroutineCall
2025-04-14 14:45:20 - root - DEBUG - compileExpressionList
2025-04-14 14:45:20 - root - DEBUG - empty exp list
2025-04-14 14:45:20 - root - DEBUG - do
2025-04-14 14:45:20 - root - DEBUG - subroutineCall
2025-04-14 14:45:20 - root - DEBUG - compileExpressionList
2025-04-14 14:45:20 - root - DEBUG - compileExpression
2025-04-14 14:45:20 - root - DEBUG - compileterm
2025-04-14 14:45:20 - root - DEBUG - exitingEXPLIST
2025-04-14 14:45:20 - root - DEBUG - do
2025-04-14 14:45:20 - root - DEBUG - subroutineCall
2025-04-14 14:45:20 - root - DEBUG - compileExpressionList
2025-04-14 14:45:20 - root - DEBUG - compileExpression
2025-04-14 14:45:20 - root - DEBUG - compileterm
2025-04-14 14:45:20 - root - DEBUG - exitingEXPLIST
2025-04-14 14:45:20 - root - DEBUG - do
2025-04-14 14:45:20 - root - DEBUG - subroutineCall
2025-04-14 14:45:20 - root - DEBUG - compileExpressionList
2025-04-14 14:45:20 - root - DEBUG - empty exp list
2025-04-14 14:45:20 - root - DEBUG - let
2025-04-14 14:45:20 - root - DEBUG - compileExpression
2025-04-14 14:45:20 - root - DEBUG - compileterm
2025-04-14 14:45:20 - root - DEBUG - if
2025-04-14 14:45:20 - root - DEBUG - compileExpression
2025-04-14 14:45:20 - root - DEBUG - compileterm
2025-04-14 14:45:20 - root - DEBUG - compileterm
2025-04-14 14:45:20 - root - DEBUG - compileStatements
2025-04-14 14:45:20 - root - DEBUG - do
2025-04-14 14:45:20 - root - DEBUG - subroutineCall
2025-04-14 14:45:20 - root - DEBUG - compileExpressionList
2025-04-14 14:45:20 - root - DEBUG - compileExpression
2025-04-14 14:45:20 - root - DEBUG - compileterm
2025-04-14 14:45:20 - root - DEBUG - compileExpression
2025-04-14 14:45:20 - root - DEBUG - compileterm
2025-04-14 14:45:20 - root - DEBUG - exitingEXPLIST
2025-04-14 14:45:20 - root - DEBUG - let
2025-04-14 14:45:20 - root - DEBUG - compileExpression
2025-04-14 14:45:20 - root - DEBUG - compileterm
2025-04-14 14:45:20 - root - DEBUG - compileExpression
2025-04-14 14:45:20 - root - DEBUG - compileterm
2025-04-14 14:45:20 - root - DEBUG - let
2025-04-14 14:45:20 - root - DEBUG - compileExpression
2025-04-14 14:45:20 - root - DEBUG - compileterm
2025-04-14 14:45:20 - root - DEBUG - compileExpression
2025-04-14 14:45:20 - root - DEBUG - compileterm
2025-04-14 14:45:20 - root - DEBUG - let
2025-04-14 14:45:20 - root - DEBUG - compileExpression
2025-04-14 14:45:20 - root - DEBUG - compileterm
2025-04-14 14:45:20 - root - DEBUG - compileExpression
2025-04-14 14:45:20 - root - DEBUG - compileterm
2025-04-14 14:45:20 - root - DEBUG - let
2025-04-14 14:45:20 - root - DEBUG - compileExpression
2025-04-14 14:45:20 - root - DEBUG - compileterm
2025-04-14 14:45:20 - root - DEBUG - compileExpression
2025-04-14 14:45:20 - root - DEBUG - compileterm
2025-04-14 14:45:20 - root - DEBUG - let
2025-04-14 14:45:20 - root - DEBUG - compileExpression
2025-04-14 14:45:20 - root - DEBUG - compileterm
2025-04-14 14:45:20 - root - DEBUG - compileExpression
2025-04-14 14:45:20 - root - DEBUG - compileterm
2025-04-14 14:45:20 - root - DEBUG - let
2025-04-14 14:45:20 - root - DEBUG - compileExpression
2025-04-14 14:45:20 - root - DEBUG - compileterm
2025-04-14 14:45:20 - root - DEBUG - compileExpression
2025-04-14 14:45:20 - root - DEBUG - compileterm
2025-04-14 14:45:20 - root - DEBUG - compileExpression
2025-04-14 14:45:20 - root - DEBUG - compileterm
2025-04-14 14:45:20 - root - DEBUG - compileterm
2025-04-14 14:45:20 - root - DEBUG - compileExpression
2025-04-14 14:45:20 - root - DEBUG - compileterm
2025-04-14 14:45:20 - root - DEBUG - do
2025-04-14 14:45:20 - root - DEBUG - subroutineCall
2025-04-14 14:45:20 - root - DEBUG - compileExpressionList
2025-04-14 14:45:20 - root - DEBUG - compileExpression
2025-04-14 14:45:20 - root - DEBUG - compileterm
2025-04-14 14:45:20 - root - DEBUG - exitingEXPLIST
2025-04-14 14:45:20 - root - DEBUG - do
2025-04-14 14:45:20 - root - DEBUG - subroutineCall
2025-04-14 14:45:20 - root - DEBUG - compileExpressionList
2025-04-14 14:45:20 - root - DEBUG - compileExpression
2025-04-14 14:45:20 - root - DEBUG - compileterm
2025-04-14 14:45:20 - root - DEBUG - compileExpression
2025-04-14 14:45:20 - root - DEBUG - compileterm
2025-04-14 14:45:20 - root - DEBUG - exitingEXPLIST
2025-04-14 14:45:20 - root - DEBUG - do
2025-04-14 14:45:20 - root - DEBUG - subroutineCall
2025-04-14 14:45:20 - root - DEBUG - compileExpressionList
2025-04-14 14:45:20 - root - DEBUG - empty exp list
2025-04-14 14:45:20 - root - DEBUG - do
2025-04-14 14:45:20 - root - DEBUG - subroutineCall
2025-04-14 14:45:20 - root - DEBUG - compileExpressionList
2025-04-14 14:45:20 - root - DEBUG - compileExpression
2025-04-14 14:45:20 - root - DEBUG - compileterm
2025-04-14 14:45:20 - root - DEBUG - exitingEXPLIST
2025-04-14 14:45:20 - root - DEBUG - do
2025-04-14 14:45:20 - root - DEBUG - subroutineCall
2025-04-14 14:45:20 - root - DEBUG - compileExpressionList
2025-04-14 14:45:20 - root - DEBUG - compileExpression
2025-04-14 14:45:20 - root - DEBUG - compileterm
2025-04-14 14:45:20 - root - DEBUG - compileExpression
2025-04-14 14:45:20 - root - DEBUG - compileterm
2025-04-14 14:45:20 - root - DEBUG - exitingEXPLIST
2025-04-14 14:45:20 - root - DEBUG - do
2025-04-14 14:45:20 - root - DEBUG - subroutineCall
2025-04-14 14:45:20 - root - DEBUG - compileExpressionList
2025-04-14 14:45:20 - root - DEBUG - empty exp list
2025-04-14 14:45:20 - root - DEBUG - return
2025-04-14 14:45:20 - root - DEBUG - compileSubroutine
2025-04-14 14:45:20 - root - DEBUG - current token = "int"
2025-04-14 14:45:20 - root - DEBUG - compileparameterlist
2025-04-14 14:45:20 - root - DEBUG - int
2025-04-14 14:45:20 - root - DEBUG - a
2025-04-14 14:45:20 - root - DEBUG - exiting
2025-04-14 14:45:20 - root - DEBUG - )
2025-04-14 14:45:20 - root - DEBUG - compilesubroutinebody
2025-04-14 14:45:20 - root - DEBUG - compileStatements
2025-04-14 14:45:20 - root - DEBUG - return
2025-04-14 14:45:20 - root - DEBUG - compileExpression
2025-04-14 14:45:20 - root - DEBUG - compileterm
2025-04-14 14:45:20 - root - DEBUG - compileterm
2025-04-14 14:45:20 - root - DEBUG - compileSubroutine
2025-04-14 14:45:20 - root - DEBUG - current token = "Array"
2025-04-14 14:45:20 - root - DEBUG - compileparameterlist
2025-04-14 14:45:20 - root - DEBUG - Array
2025-04-14 14:45:20 - root - DEBUG - a
2025-04-14 14:45:20 - root - DEBUG - ,
2025-04-14 14:45:20 - root - DEBUG - int
2025-04-14 14:45:20 - root - DEBUG - size
2025-04-14 14:45:20 - root - DEBUG - exiting
2025-04-14 14:45:20 - root - DEBUG - )
2025-04-14 14:45:20 - root - DEBUG - compilesubroutinebody
2025-04-14 14:45:20 - root - DEBUG - compileStatements
2025-04-14 14:45:20 - root - DEBUG - while
2025-04-14 14:45:20 - root - DEBUG - compileExpression
2025-04-14 14:45:20 - root - DEBUG - compileterm
2025-04-14 14:45:20 - root - DEBUG - compileterm
2025-04-14 14:45:20 - root - DEBUG - compileStatements
2025-04-14 14:45:20 - root - DEBUG - let
2025-04-14 14:45:20 - root - DEBUG - compileExpression
2025-04-14 14:45:20 - root - DEBUG - compileterm
2025-04-14 14:45:20 - root - DEBUG - compileterm
2025-04-14 14:45:20 - root - DEBUG - let
2025-04-14 14:45:20 - root - DEBUG - compileExpression
2025-04-14 14:45:20 - root - DEBUG - compileterm
2025-04-14 14:45:20 - root - DEBUG - compileExpression
2025-04-14 14:45:20 - root - DEBUG - compileterm
2025-04-14 14:45:20 - root - DEBUG - subroutineCall
2025-04-14 14:45:20 - root - DEBUG - compileExpressionList
2025-04-14 14:45:20 - root - DEBUG - compileExpression
2025-04-14 14:45:20 - root - DEBUG - compileterm
2025-04-14 14:45:20 - root - DEBUG - exitingEXPLIST
2025-04-14 14:45:20 - root - DEBUG - return
