2025-03-30 10:05:49 - root - DEBUG - compileClass
2025-03-30 10:05:49 - root - DEBUG - compileClassVarDec
2025-03-30 10:05:49 - root - DEBUG - compileSubroutine
2025-03-30 10:05:49 - root - DEBUG - compileparameterlist
2025-03-30 10:05:49 - root - DEBUG - empty param list
2025-03-30 10:05:49 - root - DEBUG - current token = ")"
2025-03-30 10:05:49 - root - DEBUG - compilesubroutinebody
2025-03-30 10:05:49 - root - DEBUG - compilevardec
2025-03-30 10:05:49 - root - DEBUG - compileStatements
2025-03-30 10:05:49 - root - DEBUG - let
2025-03-30 10:05:49 - root - DEBUG - compileExpression
2025-03-30 10:05:49 - root - DEBUG - compileterm
2025-03-30 10:05:49 - root - DEBUG - subroutineCall
2025-03-30 10:05:49 - root - DEBUG - compileExpressionList
2025-03-30 10:05:49 - root - DEBUG - empty exp list
2025-03-30 10:05:49 - root - DEBUG - do
2025-03-30 10:05:49 - root - DEBUG - subroutineCall
2025-03-30 10:05:49 - root - DEBUG - compileExpressionList
2025-03-30 10:05:49 - root - DEBUG - empty exp list
2025-03-30 10:05:49 - root - DEBUG - do
2025-03-30 10:05:49 - root - DEBUG - subroutineCall
2025-03-30 10:05:49 - root - DEBUG - compileExpressionList
2025-03-30 10:05:49 - root - DEBUG - empty exp list
2025-03-30 10:05:49 - root - DEBUG - return
2025-03-30 10:05:49 - root - DEBUG - compileSubroutine
2025-03-30 10:05:49 - root - DEBUG - compileparameterlist
2025-03-30 10:05:49 - root - DEBUG - empty param list
2025-03-30 10:05:49 - root - DEBUG - current token = ")"
2025-03-30 10:05:49 - root - DEBUG - compilesubroutinebody
2025-03-30 10:05:49 - root - DEBUG - compilevardec
2025-03-30 10:05:49 - root - DEBUG - compilevardec
2025-03-30 10:05:49 - root - DEBUG - compilevardec
2025-03-30 10:05:49 - root - DEBUG - compileStatements
2025-03-30 10:05:49 - root - DEBUG - if
2025-03-30 10:05:49 - root - DEBUG - compileExpression
2025-03-30 10:05:49 - root - DEBUG - compileterm
2025-03-30 10:05:49 - root - DEBUG - compileStatements
2025-03-30 10:05:49 - root - DEBUG - let
2025-03-30 10:05:49 - root - DEBUG - compileExpression
2025-03-30 10:05:49 - root - DEBUG - compileterm
2025-03-30 10:05:49 - root - DEBUG - let
2025-03-30 10:05:49 - root - DEBUG - compileExpression
2025-03-30 10:05:49 - root - DEBUG - compileterm
2025-03-30 10:05:49 - root - DEBUG - let
2025-03-30 10:05:49 - root - DEBUG - compileExpression
2025-03-30 10:05:49 - root - DEBUG - compileterm
2025-03-30 10:05:49 - root - DEBUG - compileExpression
2025-03-30 10:05:49 - root - DEBUG - compileterm
2025-03-30 10:05:49 - root - DEBUG - compileExpression
2025-03-30 10:05:49 - root - DEBUG - compileterm
2025-03-30 10:05:49 - root - DEBUG - compileStatements
2025-03-30 10:05:49 - root - DEBUG - let
2025-03-30 10:05:49 - root - DEBUG - compileExpression
2025-03-30 10:05:49 - root - DEBUG - compileterm
2025-03-30 10:05:49 - root - DEBUG - compileterm
2025-03-30 10:05:49 - root - DEBUG - compileExpression
2025-03-30 10:05:49 - root - DEBUG - compileterm
2025-03-30 10:05:49 - root - DEBUG - compileterm
2025-03-30 10:05:49 - root - DEBUG - let
2025-03-30 10:05:49 - root - DEBUG - compileExpression
2025-03-30 10:05:49 - root - DEBUG - compileterm
2025-03-30 10:05:49 - root - DEBUG - compileterm
2025-03-30 10:05:49 - root - DEBUG - compileExpression
2025-03-30 10:05:49 - root - DEBUG - compileterm
2025-03-30 10:05:49 - root - DEBUG - compileterm
2025-03-30 10:05:49 - root - DEBUG - let
2025-03-30 10:05:49 - root - DEBUG - compileExpression
2025-03-30 10:05:49 - root - DEBUG - compileterm
2025-03-30 10:05:49 - root - DEBUG - compileterm
2025-03-30 10:05:49 - root - DEBUG - return
2025-03-30 10:05:49 - root - DEBUG - compileClass
2025-03-30 10:05:49 - root - DEBUG - compileClassVarDec
2025-03-30 10:05:49 - root - DEBUG - compileClassVarDec
2025-03-30 10:05:49 - root - DEBUG - compileSubroutine
2025-03-30 10:05:49 - root - DEBUG - compileparameterlist
2025-03-30 10:05:49 - root - DEBUG - int
2025-03-30 10:05:49 - root - DEBUG - Ax
2025-03-30 10:05:49 - root - DEBUG - ,
2025-03-30 10:05:49 - root - DEBUG - int
2025-03-30 10:05:49 - root - DEBUG - Ay
2025-03-30 10:05:49 - root - DEBUG - ,
2025-03-30 10:05:49 - root - DEBUG - int
2025-03-30 10:05:49 - root - DEBUG - Asize
2025-03-30 10:05:49 - root - DEBUG - exiting
2025-03-30 10:05:49 - root - DEBUG - )
2025-03-30 10:05:49 - root - DEBUG - current token = ")"
2025-03-30 10:05:49 - root - DEBUG - compilesubroutinebody
2025-03-30 10:05:49 - root - DEBUG - compileStatements
2025-03-30 10:05:49 - root - DEBUG - let
2025-03-30 10:05:49 - root - DEBUG - compileExpression
2025-03-30 10:05:49 - root - DEBUG - compileterm
2025-03-30 10:05:49 - root - DEBUG - let
2025-03-30 10:05:49 - root - DEBUG - compileExpression
2025-03-30 10:05:49 - root - DEBUG - compileterm
2025-03-30 10:05:49 - root - DEBUG - let
2025-03-30 10:05:49 - root - DEBUG - compileExpression
2025-03-30 10:05:49 - root - DEBUG - compileterm
2025-03-30 10:05:49 - root - DEBUG - do
2025-03-30 10:05:49 - root - DEBUG - subroutineCall
2025-03-30 10:05:49 - root - DEBUG - compileExpressionList
2025-03-30 10:05:49 - root - DEBUG - empty exp list
2025-03-30 10:05:49 - root - DEBUG - return
2025-03-30 10:05:49 - root - DEBUG - compileExpression
2025-03-30 10:05:49 - root - DEBUG - compileterm
2025-03-30 10:05:49 - root - DEBUG - compileSubroutine
2025-03-30 10:05:49 - root - DEBUG - compileparameterlist
2025-03-30 10:05:49 - root - DEBUG - empty param list
2025-03-30 10:05:49 - root - DEBUG - current token = ")"
2025-03-30 10:05:49 - root - DEBUG - compilesubroutinebody
2025-03-30 10:05:49 - root - DEBUG - compileStatements
2025-03-30 10:05:49 - root - DEBUG - do
2025-03-30 10:05:49 - root - DEBUG - subroutineCall
2025-03-30 10:05:49 - root - DEBUG - compileExpressionList
2025-03-30 10:05:49 - root - DEBUG - compileExpression
2025-03-30 10:05:49 - root - DEBUG - compileterm
2025-03-30 10:05:49 - root - DEBUG - exitingEXPLIST
2025-03-30 10:05:49 - root - DEBUG - return
2025-03-30 10:05:49 - root - DEBUG - compileSubroutine
2025-03-30 10:05:49 - root - DEBUG - compileparameterlist
2025-03-30 10:05:49 - root - DEBUG - empty param list
2025-03-30 10:05:49 - root - DEBUG - current token = ")"
2025-03-30 10:05:49 - root - DEBUG - compilesubroutinebody
2025-03-30 10:05:49 - root - DEBUG - compileStatements
2025-03-30 10:05:49 - root - DEBUG - do
2025-03-30 10:05:49 - root - DEBUG - subroutineCall
2025-03-30 10:05:49 - root - DEBUG - compileExpressionList
2025-03-30 10:05:49 - root - DEBUG - compileExpression
2025-03-30 10:05:49 - root - DEBUG - compileterm
2025-03-30 10:05:49 - root - DEBUG - exitingEXPLIST
2025-03-30 10:05:49 - root - DEBUG - do
2025-03-30 10:05:49 - root - DEBUG - subroutineCall
2025-03-30 10:05:49 - root - DEBUG - compileExpressionList
2025-03-30 10:05:49 - root - DEBUG - compileExpression
2025-03-30 10:05:49 - root - DEBUG - compileterm
2025-03-30 10:05:49 - root - DEBUG - compileExpression
2025-03-30 10:05:49 - root - DEBUG - compileterm
2025-03-30 10:05:49 - root - DEBUG - compileExpression
2025-03-30 10:05:49 - root - DEBUG - compileterm
2025-03-30 10:05:49 - root - DEBUG - compileterm
2025-03-30 10:05:49 - root - DEBUG - compileExpression
2025-03-30 10:05:49 - root - DEBUG - compileterm
2025-03-30 10:05:49 - root - DEBUG - compileterm
2025-03-30 10:05:49 - root - DEBUG - exitingEXPLIST
2025-03-30 10:05:49 - root - DEBUG - return
2025-03-30 10:05:49 - root - DEBUG - compileSubroutine
2025-03-30 10:05:49 - root - DEBUG - compileparameterlist
2025-03-30 10:05:49 - root - DEBUG - empty param list
2025-03-30 10:05:49 - root - DEBUG - current token = ")"
2025-03-30 10:05:49 - root - DEBUG - compilesubroutinebody
2025-03-30 10:05:49 - root - DEBUG - compileStatements
2025-03-30 10:05:49 - root - DEBUG - do
2025-03-30 10:05:49 - root - DEBUG - subroutineCall
2025-03-30 10:05:49 - root - DEBUG - compileExpressionList
2025-03-30 10:05:49 - root - DEBUG - compileExpression
2025-03-30 10:05:49 - root - DEBUG - compileterm
2025-03-30 10:05:49 - root - DEBUG - exitingEXPLIST
2025-03-30 10:05:49 - root - DEBUG - do
2025-03-30 10:05:49 - root - DEBUG - subroutineCall
2025-03-30 10:05:49 - root - DEBUG - compileExpressionList
2025-03-30 10:05:49 - root - DEBUG - compileExpression
2025-03-30 10:05:49 - root - DEBUG - compileterm
2025-03-30 10:05:49 - root - DEBUG - compileExpression
2025-03-30 10:05:49 - root - DEBUG - compileterm
2025-03-30 10:05:49 - root - DEBUG - compileExpression
2025-03-30 10:05:49 - root - DEBUG - compileterm
2025-03-30 10:05:49 - root - DEBUG - compileterm
2025-03-30 10:05:49 - root - DEBUG - compileExpression
2025-03-30 10:05:49 - root - DEBUG - compileterm
2025-03-30 10:05:49 - root - DEBUG - compileterm
2025-03-30 10:05:49 - root - DEBUG - exitingEXPLIST
2025-03-30 10:05:49 - root - DEBUG - return
2025-03-30 10:05:49 - root - DEBUG - compileSubroutine
2025-03-30 10:05:49 - root - DEBUG - compileparameterlist
2025-03-30 10:05:49 - root - DEBUG - empty param list
2025-03-30 10:05:49 - root - DEBUG - current token = ")"
2025-03-30 10:05:49 - root - DEBUG - compilesubroutinebody
2025-03-30 10:05:49 - root - DEBUG - compileStatements
2025-03-30 10:05:49 - root - DEBUG - if
2025-03-30 10:05:49 - root - DEBUG - compileExpression
2025-03-30 10:05:49 - root - DEBUG - compileterm
2025-03-30 10:05:49 - root - DEBUG - compileExpression
2025-03-30 10:05:49 - root - DEBUG - compileterm
2025-03-30 10:05:49 - root - DEBUG - compileExpression
2025-03-30 10:05:49 - root - DEBUG - compileterm
2025-03-30 10:05:49 - root - DEBUG - compileterm
2025-03-30 10:05:49 - root - DEBUG - compileterm
2025-03-30 10:05:49 - root - DEBUG - compileterm
2025-03-30 10:05:49 - root - DEBUG - compileExpression
2025-03-30 10:05:49 - root - DEBUG - compileterm
2025-03-30 10:05:49 - root - DEBUG - compileExpression
2025-03-30 10:05:49 - root - DEBUG - compileterm
2025-03-30 10:05:49 - root - DEBUG - compileterm
2025-03-30 10:05:49 - root - DEBUG - compileterm
2025-03-30 10:05:49 - root - DEBUG - compileStatements
2025-03-30 10:05:49 - root - DEBUG - do
2025-03-30 10:05:49 - root - DEBUG - subroutineCall
2025-03-30 10:05:49 - root - DEBUG - compileExpressionList
2025-03-30 10:05:49 - root - DEBUG - empty exp list
2025-03-30 10:05:49 - root - DEBUG - let
2025-03-30 10:05:49 - root - DEBUG - compileExpression
2025-03-30 10:05:49 - root - DEBUG - compileterm
2025-03-30 10:05:49 - root - DEBUG - compileterm
2025-03-30 10:05:49 - root - DEBUG - do
2025-03-30 10:05:49 - root - DEBUG - subroutineCall
2025-03-30 10:05:49 - root - DEBUG - compileExpressionList
2025-03-30 10:05:49 - root - DEBUG - empty exp list
2025-03-30 10:05:49 - root - DEBUG - return
2025-03-30 10:05:49 - root - DEBUG - compileSubroutine
2025-03-30 10:05:49 - root - DEBUG - compileparameterlist
2025-03-30 10:05:49 - root - DEBUG - empty param list
2025-03-30 10:05:49 - root - DEBUG - current token = ")"
2025-03-30 10:05:49 - root - DEBUG - compilesubroutinebody
2025-03-30 10:05:49 - root - DEBUG - compileStatements
2025-03-30 10:05:49 - root - DEBUG - if
2025-03-30 10:05:49 - root - DEBUG - compileExpression
2025-03-30 10:05:49 - root - DEBUG - compileterm
2025-03-30 10:05:49 - root - DEBUG - compileterm
2025-03-30 10:05:49 - root - DEBUG - compileStatements
2025-03-30 10:05:49 - root - DEBUG - do
2025-03-30 10:05:49 - root - DEBUG - subroutineCall
2025-03-30 10:05:49 - root - DEBUG - compileExpressionList
2025-03-30 10:05:49 - root - DEBUG - empty exp list
2025-03-30 10:05:49 - root - DEBUG - let
2025-03-30 10:05:49 - root - DEBUG - compileExpression
2025-03-30 10:05:49 - root - DEBUG - compileterm
2025-03-30 10:05:49 - root - DEBUG - compileterm
2025-03-30 10:05:49 - root - DEBUG - do
2025-03-30 10:05:49 - root - DEBUG - subroutineCall
2025-03-30 10:05:49 - root - DEBUG - compileExpressionList
2025-03-30 10:05:49 - root - DEBUG - empty exp list
2025-03-30 10:05:49 - root - DEBUG - return
2025-03-30 10:05:49 - root - DEBUG - compileSubroutine
2025-03-30 10:05:49 - root - DEBUG - compileparameterlist
2025-03-30 10:05:49 - root - DEBUG - empty param list
2025-03-30 10:05:49 - root - DEBUG - current token = ")"
2025-03-30 10:05:49 - root - DEBUG - compilesubroutinebody
2025-03-30 10:05:49 - root - DEBUG - compileStatements
2025-03-30 10:05:49 - root - DEBUG - if
2025-03-30 10:05:49 - root - DEBUG - compileExpression
2025-03-30 10:05:49 - root - DEBUG - compileterm
2025-03-30 10:05:49 - root - DEBUG - compileterm
2025-03-30 10:05:49 - root - DEBUG - compileStatements
2025-03-30 10:05:49 - root - DEBUG - do
2025-03-30 10:05:49 - root - DEBUG - subroutineCall
2025-03-30 10:05:49 - root - DEBUG - compileExpressionList
2025-03-30 10:05:49 - root - DEBUG - compileExpression
2025-03-30 10:05:49 - root - DEBUG - compileterm
2025-03-30 10:05:49 - root - DEBUG - exitingEXPLIST
2025-03-30 10:05:49 - root - DEBUG - do
2025-03-30 10:05:49 - root - DEBUG - subroutineCall
2025-03-30 10:05:49 - root - DEBUG - compileExpressionList
2025-03-30 10:05:49 - root - DEBUG - compileExpression
2025-03-30 10:05:49 - root - DEBUG - compileterm
2025-03-30 10:05:49 - root - DEBUG - compileExpression
2025-03-30 10:05:49 - root - DEBUG - compileterm
2025-03-30 10:05:49 - root - DEBUG - compileExpression
2025-03-30 10:05:49 - root - DEBUG - compileterm
2025-03-30 10:05:49 - root - DEBUG - compileterm
2025-03-30 10:05:49 - root - DEBUG - compileterm
2025-03-30 10:05:49 - root - DEBUG - compileExpression
2025-03-30 10:05:49 - root - DEBUG - compileterm
2025-03-30 10:05:49 - root - DEBUG - compileterm
2025-03-30 10:05:49 - root - DEBUG - compileExpression
2025-03-30 10:05:49 - root - DEBUG - compileterm
2025-03-30 10:05:49 - root - DEBUG - compileterm
2025-03-30 10:05:49 - root - DEBUG - exitingEXPLIST
2025-03-30 10:05:49 - root - DEBUG - let
2025-03-30 10:05:49 - root - DEBUG - compileExpression
2025-03-30 10:05:49 - root - DEBUG - compileterm
2025-03-30 10:05:49 - root - DEBUG - compileterm
2025-03-30 10:05:49 - root - DEBUG - do
2025-03-30 10:05:49 - root - DEBUG - subroutineCall
2025-03-30 10:05:49 - root - DEBUG - compileExpressionList
2025-03-30 10:05:49 - root - DEBUG - compileExpression
2025-03-30 10:05:49 - root - DEBUG - compileterm
2025-03-30 10:05:49 - root - DEBUG - exitingEXPLIST
2025-03-30 10:05:49 - root - DEBUG - do
2025-03-30 10:05:49 - root - DEBUG - subroutineCall
2025-03-30 10:05:49 - root - DEBUG - compileExpressionList
2025-03-30 10:05:49 - root - DEBUG - compileExpression
2025-03-30 10:05:49 - root - DEBUG - compileterm
2025-03-30 10:05:49 - root - DEBUG - compileExpression
2025-03-30 10:05:49 - root - DEBUG - compileterm
2025-03-30 10:05:49 - root - DEBUG - compileExpression
2025-03-30 10:05:49 - root - DEBUG - compileterm
2025-03-30 10:05:49 - root - DEBUG - compileterm
2025-03-30 10:05:49 - root - DEBUG - compileExpression
2025-03-30 10:05:49 - root - DEBUG - compileterm
2025-03-30 10:05:49 - root - DEBUG - compileterm
2025-03-30 10:05:49 - root - DEBUG - exitingEXPLIST
2025-03-30 10:05:49 - root - DEBUG - return
2025-03-30 10:05:49 - root - DEBUG - compileSubroutine
2025-03-30 10:05:49 - root - DEBUG - compileparameterlist
2025-03-30 10:05:49 - root - DEBUG - empty param list
2025-03-30 10:05:49 - root - DEBUG - current token = ")"
2025-03-30 10:05:49 - root - DEBUG - compilesubroutinebody
2025-03-30 10:05:49 - root - DEBUG - compileStatements
2025-03-30 10:05:49 - root - DEBUG - if
2025-03-30 10:05:49 - root - DEBUG - compileExpression
2025-03-30 10:05:49 - root - DEBUG - compileterm
2025-03-30 10:05:49 - root - DEBUG - compileExpression
2025-03-30 10:05:49 - root - DEBUG - compileterm
2025-03-30 10:05:49 - root - DEBUG - compileterm
2025-03-30 10:05:49 - root - DEBUG - compileterm
2025-03-30 10:05:49 - root - DEBUG - compileStatements
2025-03-30 10:05:49 - root - DEBUG - do
2025-03-30 10:05:49 - root - DEBUG - subroutineCall
2025-03-30 10:05:49 - root - DEBUG - compileExpressionList
2025-03-30 10:05:49 - root - DEBUG - compileExpression
2025-03-30 10:05:49 - root - DEBUG - compileterm
2025-03-30 10:05:49 - root - DEBUG - exitingEXPLIST
2025-03-30 10:05:49 - root - DEBUG - do
2025-03-30 10:05:49 - root - DEBUG - subroutineCall
2025-03-30 10:05:49 - root - DEBUG - compileExpressionList
2025-03-30 10:05:49 - root - DEBUG - compileExpression
2025-03-30 10:05:49 - root - DEBUG - compileterm
2025-03-30 10:05:49 - root - DEBUG - compileExpression
2025-03-30 10:05:49 - root - DEBUG - compileterm
2025-03-30 10:05:49 - root - DEBUG - compileExpression
2025-03-30 10:05:49 - root - DEBUG - compileterm
2025-03-30 10:05:49 - root - DEBUG - compileterm
2025-03-30 10:05:49 - root - DEBUG - compileExpression
2025-03-30 10:05:49 - root - DEBUG - compileterm
2025-03-30 10:05:49 - root - DEBUG - compileterm
2025-03-30 10:05:49 - root - DEBUG - exitingEXPLIST
2025-03-30 10:05:49 - root - DEBUG - let
2025-03-30 10:05:49 - root - DEBUG - compileExpression
2025-03-30 10:05:49 - root - DEBUG - compileterm
2025-03-30 10:05:49 - root - DEBUG - compileterm
2025-03-30 10:05:49 - root - DEBUG - do
2025-03-30 10:05:49 - root - DEBUG - subroutineCall
2025-03-30 10:05:49 - root - DEBUG - compileExpressionList
2025-03-30 10:05:49 - root - DEBUG - compileExpression
2025-03-30 10:05:49 - root - DEBUG - compileterm
2025-03-30 10:05:49 - root - DEBUG - exitingEXPLIST
2025-03-30 10:05:49 - root - DEBUG - do
2025-03-30 10:05:49 - root - DEBUG - subroutineCall
2025-03-30 10:05:49 - root - DEBUG - compileExpressionList
2025-03-30 10:05:49 - root - DEBUG - compileExpression
2025-03-30 10:05:49 - root - DEBUG - compileterm
2025-03-30 10:05:49 - root - DEBUG - compileExpression
2025-03-30 10:05:49 - root - DEBUG - compileterm
2025-03-30 10:05:49 - root - DEBUG - compileExpression
2025-03-30 10:05:49 - root - DEBUG - compileterm
2025-03-30 10:05:49 - root - DEBUG - compileterm
2025-03-30 10:05:49 - root - DEBUG - compileterm
2025-03-30 10:05:49 - root - DEBUG - compileExpression
2025-03-30 10:05:49 - root - DEBUG - compileterm
2025-03-30 10:05:49 - root - DEBUG - compileterm
2025-03-30 10:05:49 - root - DEBUG - compileExpression
2025-03-30 10:05:49 - root - DEBUG - compileterm
2025-03-30 10:05:49 - root - DEBUG - compileterm
2025-03-30 10:05:49 - root - DEBUG - exitingEXPLIST
2025-03-30 10:05:49 - root - DEBUG - return
2025-03-30 10:05:49 - root - DEBUG - compileSubroutine
2025-03-30 10:05:49 - root - DEBUG - compileparameterlist
2025-03-30 10:05:49 - root - DEBUG - empty param list
2025-03-30 10:05:49 - root - DEBUG - current token = ")"
2025-03-30 10:05:49 - root - DEBUG - compilesubroutinebody
2025-03-30 10:05:49 - root - DEBUG - compileStatements
2025-03-30 10:05:49 - root - DEBUG - if
2025-03-30 10:05:49 - root - DEBUG - compileExpression
2025-03-30 10:05:49 - root - DEBUG - compileterm
2025-03-30 10:05:49 - root - DEBUG - compileterm
2025-03-30 10:05:49 - root - DEBUG - compileStatements
2025-03-30 10:05:49 - root - DEBUG - do
2025-03-30 10:05:49 - root - DEBUG - subroutineCall
2025-03-30 10:05:49 - root - DEBUG - compileExpressionList
2025-03-30 10:05:49 - root - DEBUG - compileExpression
2025-03-30 10:05:49 - root - DEBUG - compileterm
2025-03-30 10:05:49 - root - DEBUG - exitingEXPLIST
2025-03-30 10:05:49 - root - DEBUG - do
2025-03-30 10:05:49 - root - DEBUG - subroutineCall
2025-03-30 10:05:49 - root - DEBUG - compileExpressionList
2025-03-30 10:05:49 - root - DEBUG - compileExpression
2025-03-30 10:05:49 - root - DEBUG - compileterm
2025-03-30 10:05:49 - root - DEBUG - compileExpression
2025-03-30 10:05:49 - root - DEBUG - compileterm
2025-03-30 10:05:49 - root - DEBUG - compileterm
2025-03-30 10:05:49 - root - DEBUG - compileterm
2025-03-30 10:05:49 - root - DEBUG - compileExpression
2025-03-30 10:05:49 - root - DEBUG - compileterm
2025-03-30 10:05:49 - root - DEBUG - compileExpression
2025-03-30 10:05:49 - root - DEBUG - compileterm
2025-03-30 10:05:49 - root - DEBUG - compileterm
2025-03-30 10:05:49 - root - DEBUG - compileExpression
2025-03-30 10:05:49 - root - DEBUG - compileterm
2025-03-30 10:05:49 - root - DEBUG - compileterm
2025-03-30 10:05:49 - root - DEBUG - exitingEXPLIST
2025-03-30 10:05:49 - root - DEBUG - let
2025-03-30 10:05:49 - root - DEBUG - compileExpression
2025-03-30 10:05:49 - root - DEBUG - compileterm
2025-03-30 10:05:49 - root - DEBUG - compileterm
2025-03-30 10:05:49 - root - DEBUG - do
2025-03-30 10:05:49 - root - DEBUG - subroutineCall
2025-03-30 10:05:49 - root - DEBUG - compileExpressionList
2025-03-30 10:05:49 - root - DEBUG - compileExpression
2025-03-30 10:05:49 - root - DEBUG - compileterm
2025-03-30 10:05:49 - root - DEBUG - exitingEXPLIST
2025-03-30 10:05:49 - root - DEBUG - do
2025-03-30 10:05:49 - root - DEBUG - subroutineCall
2025-03-30 10:05:49 - root - DEBUG - compileExpressionList
2025-03-30 10:05:49 - root - DEBUG - compileExpression
2025-03-30 10:05:49 - root - DEBUG - compileterm
2025-03-30 10:05:49 - root - DEBUG - compileExpression
2025-03-30 10:05:49 - root - DEBUG - compileterm
2025-03-30 10:05:49 - root - DEBUG - compileExpression
2025-03-30 10:05:49 - root - DEBUG - compileterm
2025-03-30 10:05:49 - root - DEBUG - compileterm
2025-03-30 10:05:49 - root - DEBUG - compileExpression
2025-03-30 10:05:49 - root - DEBUG - compileterm
2025-03-30 10:05:49 - root - DEBUG - compileterm
2025-03-30 10:05:49 - root - DEBUG - exitingEXPLIST
2025-03-30 10:05:49 - root - DEBUG - return
2025-03-30 10:05:49 - root - DEBUG - compileSubroutine
2025-03-30 10:05:49 - root - DEBUG - compileparameterlist
2025-03-30 10:05:49 - root - DEBUG - empty param list
2025-03-30 10:05:49 - root - DEBUG - current token = ")"
2025-03-30 10:05:49 - root - DEBUG - compilesubroutinebody
2025-03-30 10:05:49 - root - DEBUG - compileStatements
2025-03-30 10:05:49 - root - DEBUG - if
2025-03-30 10:05:49 - root - DEBUG - compileExpression
2025-03-30 10:05:49 - root - DEBUG - compileterm
2025-03-30 10:05:49 - root - DEBUG - compileExpression
2025-03-30 10:05:49 - root - DEBUG - compileterm
2025-03-30 10:05:49 - root - DEBUG - compileterm
2025-03-30 10:05:49 - root - DEBUG - compileterm
2025-03-30 10:05:49 - root - DEBUG - compileStatements
2025-03-30 10:05:49 - root - DEBUG - do
2025-03-30 10:05:49 - root - DEBUG - subroutineCall
2025-03-30 10:05:49 - root - DEBUG - compileExpressionList
2025-03-30 10:05:49 - root - DEBUG - compileExpression
2025-03-30 10:05:49 - root - DEBUG - compileterm
2025-03-30 10:05:49 - root - DEBUG - exitingEXPLIST
2025-03-30 10:05:49 - root - DEBUG - do
2025-03-30 10:05:49 - root - DEBUG - subroutineCall
2025-03-30 10:05:49 - root - DEBUG - compileExpressionList
2025-03-30 10:05:49 - root - DEBUG - compileExpression
2025-03-30 10:05:49 - root - DEBUG - compileterm
2025-03-30 10:05:49 - root - DEBUG - compileExpression
2025-03-30 10:05:49 - root - DEBUG - compileterm
2025-03-30 10:05:49 - root - DEBUG - compileExpression
2025-03-30 10:05:49 - root - DEBUG - compileterm
2025-03-30 10:05:49 - root - DEBUG - compileterm
2025-03-30 10:05:49 - root - DEBUG - compileExpression
2025-03-30 10:05:49 - root - DEBUG - compileterm
2025-03-30 10:05:49 - root - DEBUG - compileterm
2025-03-30 10:05:49 - root - DEBUG - exitingEXPLIST
2025-03-30 10:05:49 - root - DEBUG - let
2025-03-30 10:05:49 - root - DEBUG - compileExpression
2025-03-30 10:05:49 - root - DEBUG - compileterm
2025-03-30 10:05:49 - root - DEBUG - compileterm
2025-03-30 10:05:49 - root - DEBUG - do
2025-03-30 10:05:49 - root - DEBUG - subroutineCall
2025-03-30 10:05:49 - root - DEBUG - compileExpressionList
2025-03-30 10:05:49 - root - DEBUG - compileExpression
2025-03-30 10:05:49 - root - DEBUG - compileterm
2025-03-30 10:05:49 - root - DEBUG - exitingEXPLIST
2025-03-30 10:05:49 - root - DEBUG - do
2025-03-30 10:05:49 - root - DEBUG - subroutineCall
2025-03-30 10:05:49 - root - DEBUG - compileExpressionList
2025-03-30 10:05:49 - root - DEBUG - compileExpression
2025-03-30 10:05:49 - root - DEBUG - compileterm
2025-03-30 10:05:49 - root - DEBUG - compileExpression
2025-03-30 10:05:49 - root - DEBUG - compileterm
2025-03-30 10:05:49 - root - DEBUG - compileterm
2025-03-30 10:05:49 - root - DEBUG - compileterm
2025-03-30 10:05:49 - root - DEBUG - compileExpression
2025-03-30 10:05:49 - root - DEBUG - compileterm
2025-03-30 10:05:49 - root - DEBUG - compileExpression
2025-03-30 10:05:49 - root - DEBUG - compileterm
2025-03-30 10:05:49 - root - DEBUG - compileterm
2025-03-30 10:05:49 - root - DEBUG - compileExpression
2025-03-30 10:05:49 - root - DEBUG - compileterm
2025-03-30 10:05:49 - root - DEBUG - compileterm
2025-03-30 10:05:49 - root - DEBUG - exitingEXPLIST
2025-03-30 10:05:49 - root - DEBUG - return
2025-03-30 10:05:49 - root - DEBUG - compileClass
2025-03-30 10:05:49 - root - DEBUG - compileClassVarDec
2025-03-30 10:05:49 - root - DEBUG - compileClassVarDec
2025-03-30 10:05:49 - root - DEBUG - compileSubroutine
2025-03-30 10:05:49 - root - DEBUG - compileparameterlist
2025-03-30 10:05:49 - root - DEBUG - empty param list
2025-03-30 10:05:49 - root - DEBUG - current token = ")"
2025-03-30 10:05:49 - root - DEBUG - compilesubroutinebody
2025-03-30 10:05:49 - root - DEBUG - compileStatements
2025-03-30 10:05:49 - root - DEBUG - let
2025-03-30 10:05:49 - root - DEBUG - compileExpression
2025-03-30 10:05:49 - root - DEBUG - compileterm
2025-03-30 10:05:49 - root - DEBUG - subroutineCall
2025-03-30 10:05:49 - root - DEBUG - compileExpressionList
2025-03-30 10:05:49 - root - DEBUG - compileExpression
2025-03-30 10:05:49 - root - DEBUG - compileterm
2025-03-30 10:05:49 - root - DEBUG - compileExpression
2025-03-30 10:05:49 - root - DEBUG - compileterm
2025-03-30 10:05:49 - root - DEBUG - compileExpression
2025-03-30 10:05:49 - root - DEBUG - compileterm
2025-03-30 10:05:49 - root - DEBUG - exitingEXPLIST
2025-03-30 10:05:49 - root - DEBUG - let
2025-03-30 10:05:49 - root - DEBUG - compileExpression
2025-03-30 10:05:49 - root - DEBUG - compileterm
2025-03-30 10:05:49 - root - DEBUG - return
2025-03-30 10:05:49 - root - DEBUG - compileExpression
2025-03-30 10:05:49 - root - DEBUG - compileterm
2025-03-30 10:05:49 - root - DEBUG - compileSubroutine
2025-03-30 10:05:49 - root - DEBUG - compileparameterlist
2025-03-30 10:05:49 - root - DEBUG - empty param list
2025-03-30 10:05:49 - root - DEBUG - current token = ")"
2025-03-30 10:05:49 - root - DEBUG - compilesubroutinebody
2025-03-30 10:05:49 - root - DEBUG - compileStatements
2025-03-30 10:05:49 - root - DEBUG - do
2025-03-30 10:05:49 - root - DEBUG - subroutineCall
2025-03-30 10:05:49 - root - DEBUG - compileExpressionList
2025-03-30 10:05:49 - root - DEBUG - empty exp list
2025-03-30 10:05:49 - root - DEBUG - do
2025-03-30 10:05:49 - root - DEBUG - subroutineCall
2025-03-30 10:05:49 - root - DEBUG - compileExpressionList
2025-03-30 10:05:49 - root - DEBUG - compileExpression
2025-03-30 10:05:49 - root - DEBUG - compileterm
2025-03-30 10:05:49 - root - DEBUG - exitingEXPLIST
2025-03-30 10:05:49 - root - DEBUG - return
2025-03-30 10:05:49 - root - DEBUG - compileSubroutine
2025-03-30 10:05:49 - root - DEBUG - compileparameterlist
2025-03-30 10:05:49 - root - DEBUG - empty param list
2025-03-30 10:05:49 - root - DEBUG - current token = ")"
2025-03-30 10:05:49 - root - DEBUG - compilesubroutinebody
2025-03-30 10:05:49 - root - DEBUG - compileStatements
2025-03-30 10:05:49 - root - DEBUG - if
2025-03-30 10:05:49 - root - DEBUG - compileExpression
2025-03-30 10:05:49 - root - DEBUG - compileterm
2025-03-30 10:05:49 - root - DEBUG - compileterm
2025-03-30 10:05:49 - root - DEBUG - compileStatements
2025-03-30 10:05:49 - root - DEBUG - do
2025-03-30 10:05:49 - root - DEBUG - subroutineCall
2025-03-30 10:05:49 - root - DEBUG - compileExpressionList
2025-03-30 10:05:49 - root - DEBUG - empty exp list
2025-03-30 10:05:49 - root - DEBUG - if
2025-03-30 10:05:49 - root - DEBUG - compileExpression
2025-03-30 10:05:49 - root - DEBUG - compileterm
2025-03-30 10:05:49 - root - DEBUG - compileterm
2025-03-30 10:05:49 - root - DEBUG - compileStatements
2025-03-30 10:05:49 - root - DEBUG - do
2025-03-30 10:05:49 - root - DEBUG - subroutineCall
2025-03-30 10:05:49 - root - DEBUG - compileExpressionList
2025-03-30 10:05:49 - root - DEBUG - empty exp list
2025-03-30 10:05:49 - root - DEBUG - if
2025-03-30 10:05:49 - root - DEBUG - compileExpression
2025-03-30 10:05:49 - root - DEBUG - compileterm
2025-03-30 10:05:49 - root - DEBUG - compileterm
2025-03-30 10:05:49 - root - DEBUG - compileStatements
2025-03-30 10:05:49 - root - DEBUG - do
2025-03-30 10:05:49 - root - DEBUG - subroutineCall
2025-03-30 10:05:49 - root - DEBUG - compileExpressionList
2025-03-30 10:05:49 - root - DEBUG - empty exp list
2025-03-30 10:05:49 - root - DEBUG - if
2025-03-30 10:05:49 - root - DEBUG - compileExpression
2025-03-30 10:05:49 - root - DEBUG - compileterm
2025-03-30 10:05:49 - root - DEBUG - compileterm
2025-03-30 10:05:49 - root - DEBUG - compileStatements
2025-03-30 10:05:49 - root - DEBUG - do
2025-03-30 10:05:49 - root - DEBUG - subroutineCall
2025-03-30 10:05:49 - root - DEBUG - compileExpressionList
2025-03-30 10:05:49 - root - DEBUG - empty exp list
2025-03-30 10:05:49 - root - DEBUG - do
2025-03-30 10:05:49 - root - DEBUG - subroutineCall
2025-03-30 10:05:49 - root - DEBUG - compileExpressionList
2025-03-30 10:05:49 - root - DEBUG - compileExpression
2025-03-30 10:05:49 - root - DEBUG - compileterm
2025-03-30 10:05:49 - root - DEBUG - exitingEXPLIST
2025-03-30 10:05:49 - root - DEBUG - return
2025-03-30 10:05:49 - root - DEBUG - compileSubroutine
2025-03-30 10:05:49 - root - DEBUG - compileparameterlist
2025-03-30 10:05:49 - root - DEBUG - empty param list
2025-03-30 10:05:49 - root - DEBUG - current token = ")"
2025-03-30 10:05:49 - root - DEBUG - compilesubroutinebody
2025-03-30 10:05:49 - root - DEBUG - compilevardec
2025-03-30 10:05:49 - root - DEBUG - compilevardec
2025-03-30 10:05:49 - root - DEBUG - compileStatements
2025-03-30 10:05:49 - root - DEBUG - let
2025-03-30 10:05:49 - root - DEBUG - compileExpression
2025-03-30 10:05:49 - root - DEBUG - compileterm
2025-03-30 10:05:49 - root - DEBUG - while
2025-03-30 10:05:49 - root - DEBUG - compileExpression
2025-03-30 10:05:49 - root - DEBUG - compileterm
2025-03-30 10:05:49 - root - DEBUG - compileterm
2025-03-30 10:05:49 - root - DEBUG - compileStatements
2025-03-30 10:05:49 - root - DEBUG - while
2025-03-30 10:05:49 - root - DEBUG - compileExpression
2025-03-30 10:05:49 - root - DEBUG - compileterm
2025-03-30 10:05:49 - root - DEBUG - compileterm
2025-03-30 10:05:49 - root - DEBUG - compileStatements
2025-03-30 10:05:49 - root - DEBUG - let
2025-03-30 10:05:49 - root - DEBUG - compileExpression
2025-03-30 10:05:49 - root - DEBUG - compileterm
2025-03-30 10:05:49 - root - DEBUG - subroutineCall
2025-03-30 10:05:49 - root - DEBUG - compileExpressionList
2025-03-30 10:05:49 - root - DEBUG - empty exp list
2025-03-30 10:05:49 - root - DEBUG - do
2025-03-30 10:05:49 - root - DEBUG - subroutineCall
2025-03-30 10:05:49 - root - DEBUG - compileExpressionList
2025-03-30 10:05:49 - root - DEBUG - empty exp list
2025-03-30 10:05:49 - root - DEBUG - if
2025-03-30 10:05:49 - root - DEBUG - compileExpression
2025-03-30 10:05:49 - root - DEBUG - compileterm
2025-03-30 10:05:49 - root - DEBUG - compileterm
2025-03-30 10:05:49 - root - DEBUG - compileStatements
2025-03-30 10:05:49 - root - DEBUG - let
2025-03-30 10:05:49 - root - DEBUG - compileExpression
2025-03-30 10:05:49 - root - DEBUG - compileterm
2025-03-30 10:05:49 - root - DEBUG - if
2025-03-30 10:05:49 - root - DEBUG - compileExpression
2025-03-30 10:05:49 - root - DEBUG - compileterm
2025-03-30 10:05:49 - root - DEBUG - compileterm
2025-03-30 10:05:49 - root - DEBUG - compileStatements
2025-03-30 10:05:49 - root - DEBUG - do
2025-03-30 10:05:49 - root - DEBUG - subroutineCall
2025-03-30 10:05:49 - root - DEBUG - compileExpressionList
2025-03-30 10:05:49 - root - DEBUG - empty exp list
2025-03-30 10:05:49 - root - DEBUG - if
2025-03-30 10:05:49 - root - DEBUG - compileExpression
2025-03-30 10:05:49 - root - DEBUG - compileterm
2025-03-30 10:05:49 - root - DEBUG - compileterm
2025-03-30 10:05:49 - root - DEBUG - compileStatements
2025-03-30 10:05:49 - root - DEBUG - do
2025-03-30 10:05:49 - root - DEBUG - subroutineCall
2025-03-30 10:05:49 - root - DEBUG - compileExpressionList
2025-03-30 10:05:49 - root - DEBUG - empty exp list
2025-03-30 10:05:49 - root - DEBUG - if
2025-03-30 10:05:49 - root - DEBUG - compileExpression
2025-03-30 10:05:49 - root - DEBUG - compileterm
2025-03-30 10:05:49 - root - DEBUG - compileterm
2025-03-30 10:05:49 - root - DEBUG - compileStatements
2025-03-30 10:05:49 - root - DEBUG - let
2025-03-30 10:05:49 - root - DEBUG - compileExpression
2025-03-30 10:05:49 - root - DEBUG - compileterm
2025-03-30 10:05:49 - root - DEBUG - if
2025-03-30 10:05:49 - root - DEBUG - compileExpression
2025-03-30 10:05:49 - root - DEBUG - compileterm
2025-03-30 10:05:49 - root - DEBUG - compileterm
2025-03-30 10:05:49 - root - DEBUG - compileStatements
2025-03-30 10:05:49 - root - DEBUG - let
2025-03-30 10:05:49 - root - DEBUG - compileExpression
2025-03-30 10:05:49 - root - DEBUG - compileterm
2025-03-30 10:05:49 - root - DEBUG - if
2025-03-30 10:05:49 - root - DEBUG - compileExpression
2025-03-30 10:05:49 - root - DEBUG - compileterm
2025-03-30 10:05:49 - root - DEBUG - compileterm
2025-03-30 10:05:49 - root - DEBUG - compileStatements
2025-03-30 10:05:49 - root - DEBUG - let
2025-03-30 10:05:49 - root - DEBUG - compileExpression
2025-03-30 10:05:49 - root - DEBUG - compileterm
2025-03-30 10:05:49 - root - DEBUG - if
2025-03-30 10:05:49 - root - DEBUG - compileExpression
2025-03-30 10:05:49 - root - DEBUG - compileterm
2025-03-30 10:05:49 - root - DEBUG - compileterm
2025-03-30 10:05:49 - root - DEBUG - compileStatements
2025-03-30 10:05:49 - root - DEBUG - let
2025-03-30 10:05:49 - root - DEBUG - compileExpression
2025-03-30 10:05:49 - root - DEBUG - compileterm
2025-03-30 10:05:49 - root - DEBUG - while
2025-03-30 10:05:49 - root - DEBUG - compileExpression
2025-03-30 10:05:49 - root - DEBUG - compileterm
2025-03-30 10:05:49 - root - DEBUG - compileterm
2025-03-30 10:05:49 - root - DEBUG - compileExpression
2025-03-30 10:05:49 - root - DEBUG - compileterm
2025-03-30 10:05:49 - root - DEBUG - compileterm
2025-03-30 10:05:49 - root - DEBUG - compileStatements
2025-03-30 10:05:49 - root - DEBUG - let
2025-03-30 10:05:49 - root - DEBUG - compileExpression
2025-03-30 10:05:49 - root - DEBUG - compileterm
2025-03-30 10:05:49 - root - DEBUG - subroutineCall
2025-03-30 10:05:49 - root - DEBUG - compileExpressionList
2025-03-30 10:05:49 - root - DEBUG - empty exp list
2025-03-30 10:05:49 - root - DEBUG - do
2025-03-30 10:05:49 - root - DEBUG - subroutineCall
2025-03-30 10:05:49 - root - DEBUG - compileExpressionList
2025-03-30 10:05:49 - root - DEBUG - empty exp list
2025-03-30 10:05:49 - root - DEBUG - return
